{
  "contracts/implement/AutoMarketMakerCore.sol": {
    "l": {
      "31": 59,
      "32": 59,
      "33": 59,
      "35": 59,
      "61": 226,
      "63": 226,
      "64": 226,
      "68": 226,
      "72": 226,
      "74": 226,
      "75": 115,
      "80": 115,
      "84": 115,
      "88": 115,
      "91": 226,
      "92": 56,
      "94": 48,
      "96": 226,
      "101": 226,
      "107": 226,
      "108": 226,
      "110": 226,
      "115": 58,
      "119": 58,
      "128": 52,
      "132": 52,
      "137": 116,
      "145": 226,
      "148": 226,
      "163": 49,
      "164": 49,
      "166": 49,
      "169": 49,
      "184": 49,
      "185": 49,
      "190": 49,
      "193": 49,
      "198": 49,
      "202": 49,
      "206": 49,
      "211": 49,
      "216": 7,
      "224": 7,
      "238": 16,
      "246": 16,
      "256": 26,
      "263": 26,
      "271": 26,
      "306": 90,
      "308": 90,
      "312": 90,
      "315": 90,
      "319": 90,
      "320": 136,
      "324": 136,
      "327": 119,
      "329": 119,
      "330": 105,
      "331": 105,
      "332": 1,
      "335": 14,
      "339": 136,
      "340": 122,
      "341": 47,
      "345": 75,
      "348": 122,
      "349": 37,
      "352": 37,
      "355": 122,
      "365": 122,
      "375": 17,
      "378": 105,
      "380": 105,
      "386": 105,
      "388": 105,
      "392": 119,
      "393": 119,
      "397": 73,
      "398": 73,
      "401": 46,
      "404": 46,
      "405": 46,
      "417": 48,
      "418": 48,
      "419": 48,
      "424": 48,
      "425": 81,
      "429": 81,
      "432": 68,
      "436": 68,
      "437": 43,
      "438": 43,
      "439": 0,
      "442": 25,
      "443": 25,
      "447": 81,
      "448": 81,
      "449": 81,
      "450": 56,
      "454": 56,
      "455": 14,
      "458": 14,
      "461": 56,
      "469": 56,
      "479": 40,
      "482": 16,
      "485": 16,
      "491": 16,
      "492": 16,
      "493": 16,
      "496": 41,
      "500": 41,
      "503": 41,
      "507": 8,
      "508": 8,
      "510": 33,
      "529": 178,
      "533": 57,
      "537": 57,
      "538": 57,
      "546": 57,
      "548": 121,
      "565": 178,
      "566": 86,
      "571": 86,
      "579": 92,
      "586": 92,
      "603": 57,
      "604": 26,
      "605": 25,
      "611": 25,
      "613": 1,
      "619": 1,
      "622": 31,
      "623": 31,
      "629": 31,
      "631": 0,
      "637": 0,
      "659": 178,
      "660": 86,
      "661": 86,
      "666": 92,
      "667": 92,
      "674": 178,
      "678": 178,
      "702": 116,
      "703": 116,
      "704": 116,
      "705": 116,
      "706": 116,
      "707": 180,
      "708": 180,
      "709": 180,
      "710": 148,
      "712": 148,
      "715": 148,
      "717": 148,
      "730": 116,
      "743": 148,
      "752": 148,
      "755": 148,
      "766": 733
    },
    "path": "/Users/ndtrung/work/block_chain/matching-engine/contracts/implement/AutoMarketMakerCore.sol",
    "s": {
      "1": 226,
      "2": 226,
      "3": 226,
      "4": 226,
      "5": 115,
      "6": 226,
      "7": 170,
      "8": 226,
      "9": 168,
      "10": 116,
      "11": 226,
      "12": 226,
      "13": 49,
      "14": 49,
      "15": 49,
      "16": 49,
      "17": 49,
      "18": 49,
      "19": 49,
      "20": 49,
      "21": 42,
      "22": 90,
      "23": 90,
      "24": 136,
      "25": 136,
      "26": 119,
      "27": 119,
      "28": 105,
      "29": 136,
      "30": 122,
      "31": 122,
      "32": 122,
      "33": 122,
      "34": 105,
      "35": 105,
      "36": 119,
      "37": 73,
      "38": 48,
      "39": 48,
      "40": 48,
      "41": 81,
      "42": 81,
      "43": 68,
      "44": 68,
      "45": 43,
      "46": 81,
      "47": 81,
      "48": 81,
      "49": 56,
      "50": 56,
      "51": 16,
      "52": 16,
      "53": 16,
      "54": 41,
      "55": 8,
      "56": 178,
      "57": 57,
      "58": 57,
      "59": 57,
      "60": 57,
      "61": 121,
      "62": 178,
      "63": 57,
      "64": 26,
      "65": 31,
      "66": 31,
      "67": 178,
      "68": 178,
      "69": 116,
      "70": 116,
      "71": 116,
      "72": 116,
      "73": 116,
      "74": 180,
      "75": 148,
      "76": 148,
      "77": 733
    },
    "b": {
      "1": [115, 111],
      "2": [56, 170],
      "3": [48, 122],
      "4": [58, 168],
      "5": [56, 2],
      "6": [52, 116],
      "7": [48, 4],
      "8": [116, 0],
      "9": [34, 15],
      "10": [34, 15],
      "11": [7, 42],
      "12": [5, 2],
      "13": [16, 26],
      "14": [11, 5],
      "15": [119, 17],
      "16": [105, 14],
      "17": [1, 104],
      "18": [122, 14],
      "19": [47, 75],
      "20": [26, 21],
      "21": [37, 85],
      "22": [19, 18],
      "23": [17, 105],
      "24": [104, 1],
      "25": [66, 53],
      "26": [73, 46],
      "27": [39, 34],
      "28": [2, 44],
      "29": [68, 13],
      "30": [43, 25],
      "31": [0, 43],
      "32": [56, 25],
      "33": [22, 34],
      "34": [14, 42],
      "35": [5, 9],
      "36": [40, 16],
      "37": [16, 0],
      "38": [28, 13],
      "39": [25, 16],
      "40": [8, 33],
      "41": [3, 5],
      "42": [57, 121],
      "43": [56, 1],
      "44": [86, 92],
      "45": [26, 31],
      "46": [25, 1],
      "47": [31, 0],
      "48": [31, 0],
      "49": [86, 92],
      "50": [86, 92],
      "51": [32, 148]
    },
    "f": {
      "1": 59,
      "2": 226,
      "3": 49,
      "4": 49,
      "5": 90,
      "6": 48,
      "7": 178,
      "8": 178,
      "9": 57,
      "10": 178,
      "11": 116,
      "12": 148,
      "13": 733,
      "14": 0,
      "15": 0,
      "16": 0
    },
    "fnMap": {
      "1": {
        "name": "_initializeAMM",
        "line": 25,
        "loc": {
          "start": { "line": 25, "column": 4 },
          "end": { "line": 39, "column": 4 }
        }
      },
      "2": {
        "name": "addLiquidity",
        "line": 50,
        "loc": {
          "start": { "line": 50, "column": 4 },
          "end": { "line": 155, "column": 4 }
        }
      },
      "3": {
        "name": "removeLiquidity",
        "line": 158,
        "loc": {
          "start": { "line": 158, "column": 4 },
          "end": { "line": 172, "column": 4 }
        }
      },
      "4": {
        "name": "estimateRemoveLiquidity",
        "line": 175,
        "loc": {
          "start": { "line": 175, "column": 4 },
          "end": { "line": 279, "column": 4 }
        }
      },
      "5": {
        "name": "_onCrossPipAMMTargetPrice",
        "line": 302,
        "loc": {
          "start": { "line": 302, "column": 4 },
          "end": { "line": 407, "column": 4 }
        }
      },
      "6": {
        "name": "_onCrossPipAMMNoTargetPrice",
        "line": 413,
        "loc": {
          "start": { "line": 413, "column": 4 },
          "end": { "line": 512, "column": 4 }
        }
      },
      "7": {
        "name": "_notReachPip",
        "line": 521,
        "loc": {
          "start": { "line": 521, "column": 4 },
          "end": { "line": 549, "column": 4 }
        }
      },
      "8": {
        "name": "_calculateAmountOut",
        "line": 558,
        "loc": {
          "start": { "line": 558, "column": 4 },
          "end": { "line": 592, "column": 4 }
        }
      },
      "9": {
        "name": "_calculateAmountFilled",
        "line": 599,
        "loc": {
          "start": { "line": 599, "column": 4 },
          "end": { "line": 640, "column": 4 }
        }
      },
      "10": {
        "name": "_updateAmmState",
        "line": 648,
        "loc": {
          "start": { "line": 648, "column": 4 },
          "end": { "line": 681, "column": 4 }
        }
      },
      "11": {
        "name": "_updateAMMStateAfterTrade",
        "line": 690,
        "loc": {
          "start": { "line": 690, "column": 4 },
          "end": { "line": 733, "column": 4 }
        }
      },
      "12": {
        "name": "_initCrossAmmReserves",
        "line": 739,
        "loc": {
          "start": { "line": 739, "column": 4 },
          "end": { "line": 756, "column": 4 }
        }
      },
      "13": {
        "name": "_calculateSqrtPrice",
        "line": 761,
        "loc": {
          "start": { "line": 761, "column": 4 },
          "end": { "line": 767, "column": 4 }
        }
      },
      "14": {
        "name": "_basisPoint",
        "line": 770,
        "loc": {
          "start": { "line": 770, "column": 4 },
          "end": { "line": 770, "column": 68 }
        }
      },
      "15": {
        "name": "getCurrentPip",
        "line": 773,
        "loc": {
          "start": { "line": 773, "column": 4 },
          "end": { "line": 773, "column": 68 }
        }
      },
      "16": {
        "name": "_onlyCounterParty",
        "line": 776,
        "loc": {
          "start": { "line": 776, "column": 4 },
          "end": { "line": 776, "column": 51 }
        }
      }
    },
    "statementMap": {
      "1": {
        "start": { "line": 61, "column": 8 },
        "end": { "line": 61, "column": 26 }
      },
      "2": {
        "start": { "line": 63, "column": 8 },
        "end": { "line": 63, "column": 38 }
      },
      "3": {
        "start": { "line": 64, "column": 8 },
        "end": { "line": 64, "column": 1809 }
      },
      "4": {
        "start": { "line": 74, "column": 8 },
        "end": { "line": 74, "column": 2090 }
      },
      "5": {
        "start": { "line": 75, "column": 12 },
        "end": { "line": 75, "column": 2140 }
      },
      "6": {
        "start": { "line": 91, "column": 8 },
        "end": { "line": 91, "column": 2646 }
      },
      "7": {
        "start": { "line": 93, "column": 15 },
        "end": { "line": 93, "column": 2776 }
      },
      "8": {
        "start": { "line": 110, "column": 8 },
        "end": { "line": 110, "column": 3358 }
      },
      "9": {
        "start": { "line": 123, "column": 15 },
        "end": { "line": 123, "column": 3964 }
      },
      "10": {
        "start": { "line": 136, "column": 15 },
        "end": { "line": 136, "column": 4568 }
      },
      "11": {
        "start": { "line": 145, "column": 8 },
        "end": { "line": 145, "column": 4905 }
      },
      "12": {
        "start": { "line": 148, "column": 8 },
        "end": { "line": 148, "column": 5010 }
      },
      "13": {
        "start": { "line": 163, "column": 8 },
        "end": { "line": 163, "column": 26 }
      },
      "14": {
        "start": { "line": 164, "column": 8 },
        "end": { "line": 164, "column": 44 }
      },
      "15": {
        "start": { "line": 169, "column": 8 },
        "end": { "line": 169, "column": 5625 }
      },
      "16": {
        "start": { "line": 185, "column": 8 },
        "end": { "line": 185, "column": 6088 }
      },
      "17": {
        "start": { "line": 193, "column": 8 },
        "end": { "line": 193, "column": 6431 }
      },
      "18": {
        "start": { "line": 202, "column": 8 },
        "end": { "line": 202, "column": 6789 }
      },
      "19": {
        "start": { "line": 206, "column": 8 },
        "end": { "line": 206, "column": 6877 }
      },
      "20": {
        "start": { "line": 211, "column": 8 },
        "end": { "line": 211, "column": 7003 }
      },
      "21": {
        "start": { "line": 233, "column": 15 },
        "end": { "line": 233, "column": 7823 }
      },
      "22": {
        "start": { "line": 306, "column": 8 },
        "end": { "line": 306, "column": 42 }
      },
      "23": {
        "start": { "line": 319, "column": 8 },
        "end": { "line": 319, "column": 10697 }
      },
      "24": {
        "start": { "line": 320, "column": 12 },
        "end": { "line": 320, "column": 10773 }
      },
      "25": {
        "start": { "line": 324, "column": 12 },
        "end": { "line": 324, "column": 10926 }
      },
      "26": {
        "start": { "line": 327, "column": 16 },
        "end": { "line": 327, "column": 76 }
      },
      "27": {
        "start": { "line": 329, "column": 16 },
        "end": { "line": 329, "column": 11125 }
      },
      "28": {
        "start": { "line": 331, "column": 20 },
        "end": { "line": 331, "column": 11299 }
      },
      "29": {
        "start": { "line": 339, "column": 12 },
        "end": { "line": 339, "column": 11523 }
      },
      "30": {
        "start": { "line": 340, "column": 16 },
        "end": { "line": 340, "column": 11575 }
      },
      "31": {
        "start": { "line": 348, "column": 16 },
        "end": { "line": 348, "column": 11920 }
      },
      "32": {
        "start": { "line": 355, "column": 16 },
        "end": { "line": 355, "column": 12204 }
      },
      "33": {
        "start": { "line": 365, "column": 16 },
        "end": { "line": 365, "column": 12587 }
      },
      "34": {
        "start": { "line": 378, "column": 16 },
        "end": { "line": 378, "column": 59 }
      },
      "35": {
        "start": { "line": 380, "column": 16 },
        "end": { "line": 380, "column": 12995 }
      },
      "36": {
        "start": { "line": 393, "column": 12 },
        "end": { "line": 393, "column": 13449 }
      },
      "37": {
        "start": { "line": 397, "column": 16 },
        "end": { "line": 397, "column": 53 }
      },
      "38": {
        "start": { "line": 417, "column": 8 },
        "end": { "line": 417, "column": 42 }
      },
      "39": {
        "start": { "line": 418, "column": 8 },
        "end": { "line": 418, "column": 28 }
      },
      "40": {
        "start": { "line": 424, "column": 8 },
        "end": { "line": 424, "column": 14591 }
      },
      "41": {
        "start": { "line": 425, "column": 12 },
        "end": { "line": 425, "column": 14637 }
      },
      "42": {
        "start": { "line": 429, "column": 12 },
        "end": { "line": 429, "column": 14790 }
      },
      "43": {
        "start": { "line": 432, "column": 16 },
        "end": { "line": 432, "column": 14911 }
      },
      "44": {
        "start": { "line": 436, "column": 16 },
        "end": { "line": 436, "column": 15061 }
      },
      "45": {
        "start": { "line": 438, "column": 20 },
        "end": { "line": 438, "column": 15194 }
      },
      "46": {
        "start": { "line": 447, "column": 12 },
        "end": { "line": 447, "column": 27 }
      },
      "47": {
        "start": { "line": 448, "column": 12 },
        "end": { "line": 448, "column": 28 }
      },
      "48": {
        "start": { "line": 449, "column": 12 },
        "end": { "line": 449, "column": 15515 }
      },
      "49": {
        "start": { "line": 454, "column": 16 },
        "end": { "line": 454, "column": 15743 }
      },
      "50": {
        "start": { "line": 469, "column": 16 },
        "end": { "line": 469, "column": 16299 }
      },
      "51": {
        "start": { "line": 485, "column": 16 },
        "end": { "line": 485, "column": 16784 }
      },
      "52": {
        "start": { "line": 492, "column": 16 },
        "end": { "line": 492, "column": 59 }
      },
      "53": {
        "start": { "line": 493, "column": 16 },
        "end": { "line": 493, "column": 66 }
      },
      "54": {
        "start": { "line": 503, "column": 12 },
        "end": { "line": 503, "column": 17488 }
      },
      "55": {
        "start": { "line": 508, "column": 16 },
        "end": { "line": 508, "column": 29 }
      },
      "56": {
        "start": { "line": 529, "column": 8 },
        "end": { "line": 529, "column": 18473 }
      },
      "57": {
        "start": { "line": 533, "column": 12 },
        "end": { "line": 533, "column": 18624 }
      },
      "58": {
        "start": { "line": 537, "column": 12 },
        "end": { "line": 537, "column": 61 }
      },
      "59": {
        "start": { "line": 538, "column": 12 },
        "end": { "line": 538, "column": 18835 }
      },
      "60": {
        "start": { "line": 546, "column": 12 },
        "end": { "line": 546, "column": 23 }
      },
      "61": {
        "start": { "line": 548, "column": 8 },
        "end": { "line": 548, "column": 20 }
      },
      "62": {
        "start": { "line": 565, "column": 8 },
        "end": { "line": 565, "column": 19808 }
      },
      "63": {
        "start": { "line": 603, "column": 8 },
        "end": { "line": 603, "column": 21243 }
      },
      "64": {
        "start": { "line": 604, "column": 12 },
        "end": { "line": 604, "column": 21279 }
      },
      "65": {
        "start": { "line": 621, "column": 15 },
        "end": { "line": 621, "column": 21966 }
      },
      "66": {
        "start": { "line": 622, "column": 12 },
        "end": { "line": 622, "column": 22003 }
      },
      "67": {
        "start": { "line": 659, "column": 8 },
        "end": { "line": 659, "column": 23444 }
      },
      "68": {
        "start": { "line": 678, "column": 8 },
        "end": { "line": 678, "column": 24109 }
      },
      "69": {
        "start": { "line": 702, "column": 8 },
        "end": { "line": 702, "column": 41 }
      },
      "70": {
        "start": { "line": 703, "column": 8 },
        "end": { "line": 703, "column": 28 }
      },
      "71": {
        "start": { "line": 704, "column": 8 },
        "end": { "line": 704, "column": 31 }
      },
      "72": {
        "start": { "line": 705, "column": 8 },
        "end": { "line": 705, "column": 48 }
      },
      "73": {
        "start": { "line": 706, "column": 8 },
        "end": { "line": 706, "column": 25005 }
      },
      "74": {
        "start": { "line": 709, "column": 12 },
        "end": { "line": 709, "column": 45 }
      },
      "75": {
        "start": { "line": 717, "column": 12 },
        "end": { "line": 717, "column": 25472 }
      },
      "76": {
        "start": { "line": 755, "column": 8 },
        "end": { "line": 755, "column": 51 }
      },
      "77": {
        "start": { "line": 766, "column": 8 },
        "end": { "line": 766, "column": 63 }
      }
    },
    "branchMap": {
      "1": {
        "line": 74,
        "type": "if",
        "locations": [
          {
            "start": { "line": 74, "column": 8 },
            "end": { "line": 74, "column": 8 }
          },
          {
            "start": { "line": 74, "column": 8 },
            "end": { "line": 74, "column": 8 }
          }
        ]
      },
      "2": {
        "line": 91,
        "type": "if",
        "locations": [
          {
            "start": { "line": 91, "column": 8 },
            "end": { "line": 91, "column": 8 }
          },
          {
            "start": { "line": 91, "column": 8 },
            "end": { "line": 91, "column": 8 }
          }
        ]
      },
      "3": {
        "line": 93,
        "type": "if",
        "locations": [
          {
            "start": { "line": 93, "column": 15 },
            "end": { "line": 93, "column": 15 }
          },
          {
            "start": { "line": 93, "column": 15 },
            "end": { "line": 93, "column": 15 }
          }
        ]
      },
      "4": {
        "line": 110,
        "type": "if",
        "locations": [
          {
            "start": { "line": 110, "column": 8 },
            "end": { "line": 110, "column": 8 }
          },
          {
            "start": { "line": 110, "column": 8 },
            "end": { "line": 110, "column": 8 }
          }
        ]
      },
      "5": {
        "line": 111,
        "type": "cond-expr",
        "locations": [
          {
            "start": { "line": 111, "column": 12 },
            "end": { "line": 111, "column": 60 }
          },
          {
            "start": { "line": 112, "column": 12 },
            "end": { "line": 113, "column": 65 }
          }
        ]
      },
      "6": {
        "line": 123,
        "type": "if",
        "locations": [
          {
            "start": { "line": 123, "column": 15 },
            "end": { "line": 123, "column": 15 }
          },
          {
            "start": { "line": 123, "column": 15 },
            "end": { "line": 123, "column": 15 }
          }
        ]
      },
      "7": {
        "line": 124,
        "type": "cond-expr",
        "locations": [
          {
            "start": { "line": 124, "column": 12 },
            "end": { "line": 124, "column": 60 }
          },
          {
            "start": { "line": 125, "column": 12 },
            "end": { "line": 126, "column": 65 }
          }
        ]
      },
      "8": {
        "line": 136,
        "type": "if",
        "locations": [
          {
            "start": { "line": 136, "column": 15 },
            "end": { "line": 136, "column": 15 }
          },
          {
            "start": { "line": 136, "column": 15 },
            "end": { "line": 136, "column": 15 }
          }
        ]
      },
      "9": {
        "line": 191,
        "type": "if",
        "locations": [
          {
            "start": { "line": 191, "column": 14 },
            "end": { "line": 191, "column": 55 }
          },
          {
            "start": { "line": 192, "column": 14 },
            "end": { "line": 192, "column": 14 }
          }
        ]
      },
      "10": {
        "line": 199,
        "type": "if",
        "locations": [
          {
            "start": { "line": 199, "column": 14 },
            "end": { "line": 199, "column": 53 }
          },
          {
            "start": { "line": 200, "column": 14 },
            "end": { "line": 200, "column": 14 }
          }
        ]
      },
      "11": {
        "line": 211,
        "type": "if",
        "locations": [
          {
            "start": { "line": 211, "column": 8 },
            "end": { "line": 211, "column": 8 }
          },
          {
            "start": { "line": 211, "column": 8 },
            "end": { "line": 211, "column": 8 }
          }
        ]
      },
      "12": {
        "line": 212,
        "type": "cond-expr",
        "locations": [
          {
            "start": { "line": 212, "column": 12 },
            "end": { "line": 212, "column": 60 }
          },
          {
            "start": { "line": 213, "column": 12 },
            "end": { "line": 214, "column": 58 }
          }
        ]
      },
      "13": {
        "line": 233,
        "type": "if",
        "locations": [
          {
            "start": { "line": 233, "column": 15 },
            "end": { "line": 233, "column": 15 }
          },
          {
            "start": { "line": 233, "column": 15 },
            "end": { "line": 233, "column": 15 }
          }
        ]
      },
      "14": {
        "line": 234,
        "type": "cond-expr",
        "locations": [
          {
            "start": { "line": 234, "column": 12 },
            "end": { "line": 234, "column": 60 }
          },
          {
            "start": { "line": 235, "column": 12 },
            "end": { "line": 236, "column": 58 }
          }
        ]
      },
      "15": {
        "line": 324,
        "type": "if",
        "locations": [
          {
            "start": { "line": 324, "column": 12 },
            "end": { "line": 324, "column": 12 }
          },
          {
            "start": { "line": 324, "column": 12 },
            "end": { "line": 324, "column": 12 }
          }
        ]
      },
      "16": {
        "line": 329,
        "type": "if",
        "locations": [
          {
            "start": { "line": 329, "column": 16 },
            "end": { "line": 329, "column": 16 }
          },
          {
            "start": { "line": 329, "column": 16 },
            "end": { "line": 329, "column": 16 }
          }
        ]
      },
      "17": {
        "line": 331,
        "type": "if",
        "locations": [
          {
            "start": { "line": 331, "column": 20 },
            "end": { "line": 331, "column": 20 }
          },
          {
            "start": { "line": 331, "column": 20 },
            "end": { "line": 331, "column": 20 }
          }
        ]
      },
      "18": {
        "line": 339,
        "type": "if",
        "locations": [
          {
            "start": { "line": 339, "column": 12 },
            "end": { "line": 339, "column": 12 }
          },
          {
            "start": { "line": 339, "column": 12 },
            "end": { "line": 339, "column": 12 }
          }
        ]
      },
      "19": {
        "line": 340,
        "type": "if",
        "locations": [
          {
            "start": { "line": 340, "column": 16 },
            "end": { "line": 340, "column": 16 }
          },
          {
            "start": { "line": 340, "column": 16 },
            "end": { "line": 340, "column": 16 }
          }
        ]
      },
      "20": {
        "line": 342,
        "type": "if",
        "locations": [
          {
            "start": { "line": 342, "column": 26 },
            "end": { "line": 342, "column": 48 }
          },
          {
            "start": { "line": 343, "column": 26 },
            "end": { "line": 343, "column": 48 }
          }
        ]
      },
      "21": {
        "line": 348,
        "type": "if",
        "locations": [
          {
            "start": { "line": 348, "column": 16 },
            "end": { "line": 348, "column": 16 }
          },
          {
            "start": { "line": 348, "column": 16 },
            "end": { "line": 348, "column": 16 }
          }
        ]
      },
      "22": {
        "line": 350,
        "type": "if",
        "locations": [
          {
            "start": { "line": 350, "column": 26 },
            "end": { "line": 350, "column": 48 }
          },
          {
            "start": { "line": 351, "column": 26 },
            "end": { "line": 351, "column": 48 }
          }
        ]
      },
      "23": {
        "line": 365,
        "type": "if",
        "locations": [
          {
            "start": { "line": 365, "column": 16 },
            "end": { "line": 365, "column": 16 }
          },
          {
            "start": { "line": 365, "column": 16 },
            "end": { "line": 365, "column": 16 }
          }
        ]
      },
      "24": {
        "line": 389,
        "type": "if",
        "locations": [
          {
            "start": { "line": 389, "column": 22 },
            "end": { "line": 389, "column": 44 }
          },
          {
            "start": { "line": 390, "column": 22 },
            "end": { "line": 390, "column": 45 }
          }
        ]
      },
      "25": {
        "line": 392,
        "type": "if",
        "locations": [
          {
            "start": { "line": 392, "column": 31 },
            "end": { "line": 392, "column": 35 }
          },
          {
            "start": { "line": 392, "column": 39 },
            "end": { "line": 392, "column": 43 }
          }
        ]
      },
      "26": {
        "line": 393,
        "type": "if",
        "locations": [
          {
            "start": { "line": 393, "column": 12 },
            "end": { "line": 393, "column": 12 }
          },
          {
            "start": { "line": 393, "column": 12 },
            "end": { "line": 393, "column": 12 }
          }
        ]
      },
      "27": {
        "line": 394,
        "type": "cond-expr",
        "locations": [
          {
            "start": { "line": 394, "column": 16 },
            "end": { "line": 394, "column": 66 }
          },
          {
            "start": { "line": 395, "column": 16 },
            "end": { "line": 395, "column": 67 }
          }
        ]
      },
      "28": {
        "line": 402,
        "type": "if",
        "locations": [
          {
            "start": { "line": 402, "column": 18 },
            "end": { "line": 402, "column": 31 }
          },
          {
            "start": { "line": 403, "column": 18 },
            "end": { "line": 403, "column": 35 }
          }
        ]
      },
      "29": {
        "line": 429,
        "type": "if",
        "locations": [
          {
            "start": { "line": 429, "column": 12 },
            "end": { "line": 429, "column": 12 }
          },
          {
            "start": { "line": 429, "column": 12 },
            "end": { "line": 429, "column": 12 }
          }
        ]
      },
      "30": {
        "line": 436,
        "type": "if",
        "locations": [
          {
            "start": { "line": 436, "column": 16 },
            "end": { "line": 436, "column": 16 }
          },
          {
            "start": { "line": 436, "column": 16 },
            "end": { "line": 436, "column": 16 }
          }
        ]
      },
      "31": {
        "line": 438,
        "type": "if",
        "locations": [
          {
            "start": { "line": 438, "column": 20 },
            "end": { "line": 438, "column": 20 }
          },
          {
            "start": { "line": 438, "column": 20 },
            "end": { "line": 438, "column": 20 }
          }
        ]
      },
      "32": {
        "line": 449,
        "type": "if",
        "locations": [
          {
            "start": { "line": 449, "column": 12 },
            "end": { "line": 449, "column": 12 }
          },
          {
            "start": { "line": 449, "column": 12 },
            "end": { "line": 449, "column": 12 }
          }
        ]
      },
      "33": {
        "line": 451,
        "type": "if",
        "locations": [
          {
            "start": { "line": 451, "column": 22 },
            "end": { "line": 451, "column": 44 }
          },
          {
            "start": { "line": 452, "column": 22 },
            "end": { "line": 452, "column": 44 }
          }
        ]
      },
      "34": {
        "line": 454,
        "type": "if",
        "locations": [
          {
            "start": { "line": 454, "column": 16 },
            "end": { "line": 454, "column": 16 }
          },
          {
            "start": { "line": 454, "column": 16 },
            "end": { "line": 454, "column": 16 }
          }
        ]
      },
      "35": {
        "line": 456,
        "type": "if",
        "locations": [
          {
            "start": { "line": 456, "column": 26 },
            "end": { "line": 456, "column": 48 }
          },
          {
            "start": { "line": 457, "column": 26 },
            "end": { "line": 457, "column": 48 }
          }
        ]
      },
      "36": {
        "line": 469,
        "type": "if",
        "locations": [
          {
            "start": { "line": 469, "column": 16 },
            "end": { "line": 469, "column": 16 }
          },
          {
            "start": { "line": 469, "column": 16 },
            "end": { "line": 469, "column": 16 }
          }
        ]
      },
      "37": {
        "line": 483,
        "type": "if",
        "locations": [
          {
            "start": { "line": 483, "column": 22 },
            "end": { "line": 483, "column": 44 }
          },
          {
            "start": { "line": 484, "column": 22 },
            "end": { "line": 484, "column": 45 }
          }
        ]
      },
      "38": {
        "line": 497,
        "type": "if",
        "locations": [
          {
            "start": { "line": 497, "column": 18 },
            "end": { "line": 497, "column": 56 }
          },
          {
            "start": { "line": 498, "column": 18 },
            "end": { "line": 498, "column": 56 }
          }
        ]
      },
      "39": {
        "line": 501,
        "type": "if",
        "locations": [
          {
            "start": { "line": 501, "column": 18 },
            "end": { "line": 501, "column": 31 }
          },
          {
            "start": { "line": 502, "column": 18 },
            "end": { "line": 502, "column": 35 }
          }
        ]
      },
      "40": {
        "line": 503,
        "type": "if",
        "locations": [
          {
            "start": { "line": 503, "column": 12 },
            "end": { "line": 503, "column": 12 }
          },
          {
            "start": { "line": 503, "column": 12 },
            "end": { "line": 503, "column": 12 }
          }
        ]
      },
      "41": {
        "line": 504,
        "type": "cond-expr",
        "locations": [
          {
            "start": { "line": 504, "column": 16 },
            "end": { "line": 504, "column": 54 }
          },
          {
            "start": { "line": 505, "column": 16 },
            "end": { "line": 505, "column": 51 }
          }
        ]
      },
      "42": {
        "line": 529,
        "type": "if",
        "locations": [
          {
            "start": { "line": 529, "column": 8 },
            "end": { "line": 529, "column": 8 }
          },
          {
            "start": { "line": 529, "column": 8 },
            "end": { "line": 529, "column": 8 }
          }
        ]
      },
      "43": {
        "line": 530,
        "type": "cond-expr",
        "locations": [
          {
            "start": { "line": 530, "column": 12 },
            "end": { "line": 530, "column": 54 }
          },
          {
            "start": { "line": 531, "column": 12 },
            "end": { "line": 531, "column": 56 }
          }
        ]
      },
      "44": {
        "line": 565,
        "type": "if",
        "locations": [
          {
            "start": { "line": 565, "column": 8 },
            "end": { "line": 565, "column": 8 }
          },
          {
            "start": { "line": 565, "column": 8 },
            "end": { "line": 565, "column": 8 }
          }
        ]
      },
      "45": {
        "line": 603,
        "type": "if",
        "locations": [
          {
            "start": { "line": 603, "column": 8 },
            "end": { "line": 603, "column": 8 }
          },
          {
            "start": { "line": 603, "column": 8 },
            "end": { "line": 603, "column": 8 }
          }
        ]
      },
      "46": {
        "line": 604,
        "type": "if",
        "locations": [
          {
            "start": { "line": 604, "column": 12 },
            "end": { "line": 604, "column": 12 }
          },
          {
            "start": { "line": 604, "column": 12 },
            "end": { "line": 604, "column": 12 }
          }
        ]
      },
      "47": {
        "line": 621,
        "type": "if",
        "locations": [
          {
            "start": { "line": 621, "column": 15 },
            "end": { "line": 621, "column": 15 }
          },
          {
            "start": { "line": 621, "column": 15 },
            "end": { "line": 621, "column": 15 }
          }
        ]
      },
      "48": {
        "line": 622,
        "type": "if",
        "locations": [
          {
            "start": { "line": 622, "column": 12 },
            "end": { "line": 622, "column": 12 }
          },
          {
            "start": { "line": 622, "column": 12 },
            "end": { "line": 622, "column": 12 }
          }
        ]
      },
      "49": {
        "line": 659,
        "type": "if",
        "locations": [
          {
            "start": { "line": 659, "column": 8 },
            "end": { "line": 659, "column": 8 }
          },
          {
            "start": { "line": 659, "column": 8 },
            "end": { "line": 659, "column": 8 }
          }
        ]
      },
      "50": {
        "line": 675,
        "type": "if",
        "locations": [
          {
            "start": { "line": 675, "column": 14 },
            "end": { "line": 675, "column": 50 }
          },
          {
            "start": { "line": 676, "column": 14 },
            "end": { "line": 676, "column": 51 }
          }
        ]
      },
      "51": {
        "line": 709,
        "type": "if",
        "locations": [
          {
            "start": { "line": 709, "column": 12 },
            "end": { "line": 709, "column": 12 }
          },
          {
            "start": { "line": 709, "column": 12 },
            "end": { "line": 709, "column": 12 }
          }
        ]
      }
    }
  },
  "contracts/implement/Block.sol": {
    "l": { "7": 0, "12": 0 },
    "path": "/Users/ndtrung/work/block_chain/matching-engine/contracts/implement/Block.sol",
    "s": { "1": 0, "2": 0 },
    "b": {},
    "f": { "1": 0, "2": 0 },
    "fnMap": {
      "1": {
        "name": "_blockTimestamp",
        "line": 6,
        "loc": {
          "start": { "line": 6, "column": 4 },
          "end": { "line": 8, "column": 4 }
        }
      },
      "2": {
        "name": "_blockNumber",
        "line": 11,
        "loc": {
          "start": { "line": 11, "column": 4 },
          "end": { "line": 13, "column": 4 }
        }
      }
    },
    "statementMap": {
      "1": {
        "start": { "line": 7, "column": 8 },
        "end": { "line": 7, "column": 38 }
      },
      "2": {
        "start": { "line": 12, "column": 8 },
        "end": { "line": 12, "column": 35 }
      }
    },
    "branchMap": {}
  },
  "contracts/implement/MatchingEngineCore.sol": {
    "l": {
      "30": 97,
      "31": 97,
      "32": 97,
      "33": 97,
      "34": 97,
      "46": 0,
      "47": 0,
      "48": 0,
      "57": 7,
      "58": 7,
      "60": 7,
      "64": 7,
      "85": 282,
      "86": 282,
      "118": 119,
      "119": 119,
      "146": 3,
      "147": 3,
      "164": 279,
      "179": 374,
      "182": 374,
      "183": 94,
      "185": 374,
      "186": 15,
      "192": 0,
      "208": 7,
      "209": 7,
      "213": 7,
      "214": 5,
      "216": 5,
      "217": 5,
      "220": 7,
      "242": 282,
      "243": 282,
      "244": 282,
      "245": 282,
      "246": 282,
      "247": 134,
      "250": 134,
      "251": 0,
      "256": 134,
      "262": 148,
      "269": 281,
      "271": 281,
      "272": 281,
      "275": 281,
      "277": 47,
      "279": 22,
      "286": 25,
      "293": 47,
      "304": 47,
      "306": 47,
      "309": 281,
      "310": 281,
      "316": 267,
      "318": 267,
      "323": 0,
      "331": 267,
      "334": 267,
      "338": 28,
      "341": 267,
      "346": 267,
      "348": 247,
      "350": 267,
      "377": 47,
      "380": 47,
      "413": 169,
      "416": 169,
      "430": 169,
      "432": 169,
      "433": 328,
      "434": 328,
      "440": 328,
      "441": 188,
      "446": 12,
      "452": 328,
      "453": 33,
      "456": 295,
      "468": 295,
      "472": 8,
      "474": 287,
      "475": 40,
      "479": 287,
      "482": 5,
      "483": 5,
      "485": 282,
      "489": 126,
      "497": 57,
      "501": 47,
      "503": 57,
      "507": 57,
      "509": 69,
      "513": 69,
      "517": 225,
      "518": 209,
      "521": 209,
      "522": 209,
      "523": 83,
      "525": 209,
      "532": 209,
      "534": 48,
      "537": 48,
      "542": 48,
      "545": 48,
      "546": 48,
      "549": 143,
      "550": 143,
      "554": 18,
      "555": 18,
      "556": 18,
      "557": 18,
      "558": 18,
      "561": 16,
      "562": 16,
      "567": 169,
      "568": 169,
      "573": 135,
      "577": 71,
      "578": 18,
      "581": 71,
      "597": 0,
      "600": 169,
      "602": 144,
      "604": 169,
      "607": 47,
      "611": 122,
      "615": 169,
      "616": 169,
      "617": 169,
      "619": 169,
      "629": 169,
      "630": 144,
      "638": 144,
      "649": 140,
      "747": 282
    },
    "path": "/Users/ndtrung/work/block_chain/matching-engine/contracts/implement/MatchingEngineCore.sol",
    "s": {
      "1": 0,
      "2": 0,
      "3": 0,
      "4": 7,
      "5": 7,
      "6": 7,
      "7": 7,
      "8": 282,
      "9": 119,
      "10": 119,
      "11": 3,
      "12": 279,
      "13": 374,
      "14": 374,
      "15": 0,
      "16": 7,
      "17": 7,
      "18": 5,
      "19": 5,
      "20": 7,
      "21": 282,
      "22": 282,
      "23": 282,
      "24": 282,
      "25": 134,
      "26": 134,
      "27": 0,
      "28": 134,
      "29": 148,
      "30": 281,
      "31": 281,
      "32": 281,
      "33": 47,
      "34": 22,
      "35": 25,
      "36": 281,
      "37": 267,
      "38": 267,
      "39": 267,
      "40": 267,
      "41": 247,
      "42": 267,
      "43": 47,
      "44": 47,
      "45": 169,
      "46": 169,
      "47": 169,
      "48": 169,
      "49": 328,
      "50": 328,
      "51": 188,
      "52": 328,
      "53": 295,
      "54": 295,
      "55": 287,
      "56": 287,
      "57": 5,
      "58": 282,
      "59": 126,
      "60": 57,
      "61": 57,
      "62": 69,
      "63": 225,
      "64": 209,
      "65": 209,
      "66": 209,
      "67": 209,
      "68": 209,
      "69": 48,
      "70": 48,
      "71": 48,
      "72": 161,
      "73": 143,
      "74": 143,
      "75": 18,
      "76": 18,
      "77": 18,
      "78": 16,
      "79": 169,
      "80": 135,
      "81": 71,
      "82": 71,
      "83": 34,
      "84": 0,
      "85": 169,
      "86": 169,
      "87": 169,
      "88": 169,
      "89": 144,
      "90": 144,
      "91": 140,
      "92": 282
    },
    "b": {
      "1": [94, 280],
      "2": [15, 359],
      "3": [0, 0],
      "4": [5, 2],
      "5": [5, 0],
      "6": [134, 148],
      "7": [0, 134],
      "8": [47, 234],
      "9": [22, 25],
      "10": [267, 14],
      "11": [267, 0],
      "12": [0, 267],
      "13": [28, 239],
      "14": [12, 21],
      "15": [12, 16],
      "16": [247, 20],
      "17": [188, 140],
      "18": [12, 176],
      "19": [6, 6],
      "20": [33, 295],
      "21": [8, 287],
      "22": [0, 8],
      "23": [40, 247],
      "24": [5, 282],
      "25": [126, 156],
      "26": [57, 69],
      "27": [56, 1],
      "28": [47, 10],
      "29": [19, 28],
      "30": [209, 16],
      "31": [120, 89],
      "32": [83, 126],
      "33": [207, 2],
      "34": [48, 161],
      "35": [143, 18],
      "36": [135, 34],
      "37": [71, 64],
      "38": [18, 53],
      "39": [0, 34],
      "40": [144, 25],
      "41": [47, 122],
      "42": [33, 14],
      "43": [144, 25]
    },
    "f": {
      "1": 97,
      "2": 0,
      "3": 7,
      "4": 282,
      "5": 119,
      "6": 3,
      "7": 279,
      "8": 374,
      "9": 0,
      "10": 7,
      "11": 282,
      "12": 47,
      "13": 169,
      "14": 140,
      "15": 0,
      "16": 122,
      "17": 0,
      "18": 53,
      "19": 0,
      "20": 0,
      "21": 0,
      "22": 0,
      "23": 0,
      "24": 0,
      "25": 282,
      "26": 169,
      "27": 190
    },
    "fnMap": {
      "1": {
        "name": "_initializeCore",
        "line": 25,
        "loc": {
          "start": { "line": 25, "column": 4 },
          "end": { "line": 35, "column": 4 }
        }
      },
      "2": {
        "name": "updatePartialFilledOrder",
        "line": 42,
        "loc": {
          "start": { "line": 42, "column": 4 },
          "end": { "line": 49, "column": 4 }
        }
      },
      "3": {
        "name": "cancelLimitOrder",
        "line": 52,
        "loc": {
          "start": { "line": 52, "column": 4 },
          "end": { "line": 65, "column": 4 }
        }
      },
      "4": {
        "name": "openLimit",
        "line": 68,
        "loc": {
          "start": { "line": 68, "column": 4 },
          "end": { "line": 101, "column": 4 }
        }
      },
      "5": {
        "name": "openMarket",
        "line": 104,
        "loc": {
          "start": { "line": 104, "column": 4 },
          "end": { "line": 129, "column": 4 }
        }
      },
      "6": {
        "name": "openMarketWithQuoteAsset",
        "line": 132,
        "loc": {
          "start": { "line": 132, "column": 4 },
          "end": { "line": 156, "column": 4 }
        }
      },
      "7": {
        "name": "hasLiquidity",
        "line": 163,
        "loc": {
          "start": { "line": 163, "column": 4 },
          "end": { "line": 165, "column": 4 }
        }
      },
      "8": {
        "name": "getPendingOrderDetail",
        "line": 168,
        "loc": {
          "start": { "line": 168, "column": 4 },
          "end": { "line": 188, "column": 4 }
        }
      },
      "9": {
        "name": "getLiquidityInCurrentPip",
        "line": 191,
        "loc": {
          "start": { "line": 191, "column": 4 },
          "end": { "line": 196, "column": 4 }
        }
      },
      "10": {
        "name": "_internalCancelLimitOrder",
        "line": 203,
        "loc": {
          "start": { "line": 203, "column": 4 },
          "end": { "line": 221, "column": 4 }
        }
      },
      "11": {
        "name": "_internalOpenLimit",
        "line": 233,
        "loc": {
          "start": { "line": 233, "column": 4 },
          "end": { "line": 358, "column": 4 }
        }
      },
      "12": {
        "name": "_openMarketWithMaxPip",
        "line": 362,
        "loc": {
          "start": { "line": 362, "column": 4 },
          "end": { "line": 390, "column": 4 }
        }
      },
      "13": {
        "name": "_internalOpenMarketOrder",
        "line": 395,
        "loc": {
          "start": { "line": 395, "column": 4 },
          "end": { "line": 640, "column": 4 }
        }
      },
      "14": {
        "name": "_isNeedSetPipNext",
        "line": 648,
        "loc": {
          "start": { "line": 648, "column": 4 },
          "end": { "line": 650, "column": 4 }
        }
      },
      "15": {
        "name": "_emitLimitOrderUpdatedHook",
        "line": 653,
        "loc": {
          "start": { "line": 653, "column": 4 },
          "end": { "line": 658, "column": 24 }
        }
      },
      "16": {
        "name": "_onCrossPipHook",
        "line": 670,
        "loc": {
          "start": { "line": 670, "column": 4 },
          "end": { "line": 673, "column": 78 }
        }
      },
      "17": {
        "name": "_updateAMMState",
        "line": 677,
        "loc": {
          "start": { "line": 677, "column": 4 },
          "end": { "line": 690, "column": 5 }
        }
      },
      "18": {
        "name": "_calculateFee",
        "line": 693,
        "loc": {
          "start": { "line": 693, "column": 4 },
          "end": { "line": 701, "column": 42 }
        }
      },
      "19": {
        "name": "emitEventSwap",
        "line": 704,
        "loc": {
          "start": { "line": 704, "column": 4 },
          "end": { "line": 709, "column": 24 }
        }
      },
      "20": {
        "name": "getLiquidityInPipRange",
        "line": 712,
        "loc": {
          "start": { "line": 712, "column": 4 },
          "end": { "line": 716, "column": 76 }
        }
      },
      "21": {
        "name": "getAmountEstimate",
        "line": 720,
        "loc": {
          "start": { "line": 720, "column": 4 },
          "end": { "line": 724, "column": 72 }
        }
      },
      "22": {
        "name": "calculatingQuoteAmount",
        "line": 728,
        "loc": {
          "start": { "line": 728, "column": 4 },
          "end": { "line": 733, "column": 5 }
        }
      },
      "23": {
        "name": "getCurrentPip",
        "line": 736,
        "loc": {
          "start": { "line": 736, "column": 4 },
          "end": { "line": 736, "column": 70 }
        }
      },
      "24": {
        "name": "quoteToBase",
        "line": 739,
        "loc": {
          "start": { "line": 739, "column": 4 },
          "end": { "line": 743, "column": 5 }
        }
      },
      "25": {
        "name": "getUnderlyingPriceInPip",
        "line": 746,
        "loc": {
          "start": { "line": 746, "column": 4 },
          "end": { "line": 748, "column": 4 }
        }
      },
      "26": {
        "name": "_addReserveSnapshot",
        "line": 751,
        "loc": {
          "start": { "line": 751, "column": 4 },
          "end": { "line": 751, "column": 53 }
        }
      },
      "27": {
        "name": "_onlyCounterParty",
        "line": 754,
        "loc": {
          "start": { "line": 754, "column": 4 },
          "end": { "line": 754, "column": 51 }
        }
      }
    },
    "statementMap": {
      "1": {
        "start": { "line": 46, "column": 8 },
        "end": { "line": 46, "column": 26 }
      },
      "2": {
        "start": { "line": 47, "column": 8 },
        "end": { "line": 47, "column": 75 }
      },
      "3": {
        "start": { "line": 48, "column": 8 },
        "end": { "line": 48, "column": 73 }
      },
      "4": {
        "start": { "line": 57, "column": 8 },
        "end": { "line": 57, "column": 26 }
      },
      "5": {
        "start": { "line": 58, "column": 8 },
        "end": { "line": 58, "column": 68 }
      },
      "6": {
        "start": { "line": 60, "column": 8 },
        "end": { "line": 60, "column": 1952 }
      },
      "7": {
        "start": { "line": 64, "column": 8 },
        "end": { "line": 64, "column": 71 }
      },
      "8": {
        "start": { "line": 85, "column": 8 },
        "end": { "line": 85, "column": 26 }
      },
      "9": {
        "start": { "line": 118, "column": 8 },
        "end": { "line": 118, "column": 26 }
      },
      "10": {
        "start": { "line": 119, "column": 8 },
        "end": { "line": 119, "column": 3401 }
      },
      "11": {
        "start": { "line": 146, "column": 8 },
        "end": { "line": 146, "column": 26 }
      },
      "12": {
        "start": { "line": 164, "column": 8 },
        "end": { "line": 164, "column": 49 }
      },
      "13": {
        "start": { "line": 182, "column": 8 },
        "end": { "line": 182, "column": 4876 }
      },
      "14": {
        "start": { "line": 185, "column": 8 },
        "end": { "line": 185, "column": 4965 }
      },
      "15": {
        "start": { "line": 192, "column": 8 },
        "end": { "line": 192, "column": 5184 }
      },
      "16": {
        "start": { "line": 208, "column": 8 },
        "end": { "line": 208, "column": 18 }
      },
      "17": {
        "start": { "line": 213, "column": 8 },
        "end": { "line": 213, "column": 5839 }
      },
      "18": {
        "start": { "line": 214, "column": 12 },
        "end": { "line": 214, "column": 55 }
      },
      "19": {
        "start": { "line": 216, "column": 12 },
        "end": { "line": 216, "column": 6022 }
      },
      "20": {
        "start": { "line": 220, "column": 8 },
        "end": { "line": 220, "column": 70 }
      },
      "21": {
        "start": { "line": 242, "column": 8 },
        "end": { "line": 242, "column": 66 }
      },
      "22": {
        "start": { "line": 243, "column": 8 },
        "end": { "line": 243, "column": 50 }
      },
      "23": {
        "start": { "line": 244, "column": 8 },
        "end": { "line": 244, "column": 66 }
      },
      "24": {
        "start": { "line": 246, "column": 12 },
        "end": { "line": 246, "column": 6882 }
      },
      "25": {
        "start": { "line": 247, "column": 16 },
        "end": { "line": 247, "column": 6990 }
      },
      "26": {
        "start": { "line": 250, "column": 16 },
        "end": { "line": 250, "column": 7065 }
      },
      "27": {
        "start": { "line": 251, "column": 20 },
        "end": { "line": 251, "column": 7107 }
      },
      "28": {
        "start": { "line": 256, "column": 20 },
        "end": { "line": 256, "column": 7312 }
      },
      "29": {
        "start": { "line": 262, "column": 16 },
        "end": { "line": 262, "column": 7510 }
      },
      "30": {
        "start": { "line": 269, "column": 8 },
        "end": { "line": 269, "column": 70 }
      },
      "31": {
        "start": { "line": 272, "column": 12 },
        "end": { "line": 272, "column": 7904 }
      },
      "32": {
        "start": { "line": 275, "column": 12 },
        "end": { "line": 275, "column": 8030 }
      },
      "33": {
        "start": { "line": 277, "column": 16 },
        "end": { "line": 277, "column": 8112 }
      },
      "34": {
        "start": { "line": 279, "column": 20 },
        "end": { "line": 279, "column": 8255 }
      },
      "35": {
        "start": { "line": 286, "column": 20 },
        "end": { "line": 286, "column": 8629 }
      },
      "36": {
        "start": { "line": 310, "column": 12 },
        "end": { "line": 310, "column": 9525 }
      },
      "37": {
        "start": { "line": 316, "column": 16 },
        "end": { "line": 316, "column": 37 }
      },
      "38": {
        "start": { "line": 318, "column": 16 },
        "end": { "line": 318, "column": 9826 }
      },
      "39": {
        "start": { "line": 334, "column": 16 },
        "end": { "line": 334, "column": 10435 }
      },
      "40": {
        "start": { "line": 346, "column": 16 },
        "end": { "line": 346, "column": 10877 }
      },
      "41": {
        "start": { "line": 348, "column": 20 },
        "end": { "line": 348, "column": 69 }
      },
      "42": {
        "start": { "line": 350, "column": 16 },
        "end": { "line": 350, "column": 11065 }
      },
      "43": {
        "start": { "line": 377, "column": 8 },
        "end": { "line": 377, "column": 11770 }
      },
      "44": {
        "start": { "line": 380, "column": 8 },
        "end": { "line": 380, "column": 11898 }
      },
      "45": {
        "start": { "line": 413, "column": 8 },
        "end": { "line": 413, "column": 57 }
      },
      "46": {
        "start": { "line": 416, "column": 8 },
        "end": { "line": 416, "column": 12757 }
      },
      "47": {
        "start": { "line": 430, "column": 8 },
        "end": { "line": 430, "column": 28 }
      },
      "48": {
        "start": { "line": 432, "column": 8 },
        "end": { "line": 432, "column": 13315 }
      },
      "49": {
        "start": { "line": 433, "column": 12 },
        "end": { "line": 433, "column": 40 }
      },
      "50": {
        "start": { "line": 440, "column": 12 },
        "end": { "line": 440, "column": 13597 }
      },
      "51": {
        "start": { "line": 441, "column": 16 },
        "end": { "line": 441, "column": 13644 }
      },
      "52": {
        "start": { "line": 452, "column": 12 },
        "end": { "line": 452, "column": 14144 }
      },
      "53": {
        "start": { "line": 456, "column": 12 },
        "end": { "line": 456, "column": 14247 }
      },
      "54": {
        "start": { "line": 468, "column": 12 },
        "end": { "line": 468, "column": 14691 }
      },
      "55": {
        "start": { "line": 474, "column": 12 },
        "end": { "line": 474, "column": 14870 }
      },
      "56": {
        "start": { "line": 479, "column": 12 },
        "end": { "line": 479, "column": 15107 }
      },
      "57": {
        "start": { "line": 482, "column": 16 },
        "end": { "line": 482, "column": 35 }
      },
      "58": {
        "start": { "line": 485, "column": 16 },
        "end": { "line": 485, "column": 15310 }
      },
      "59": {
        "start": { "line": 489, "column": 20 },
        "end": { "line": 489, "column": 15473 }
      },
      "60": {
        "start": { "line": 497, "column": 24 },
        "end": { "line": 497, "column": 15839 }
      },
      "61": {
        "start": { "line": 503, "column": 24 },
        "end": { "line": 503, "column": 16144 }
      },
      "62": {
        "start": { "line": 509, "column": 24 },
        "end": { "line": 509, "column": 16393 }
      },
      "63": {
        "start": { "line": 517, "column": 16 },
        "end": { "line": 517, "column": 16670 }
      },
      "64": {
        "start": { "line": 518, "column": 20 },
        "end": { "line": 518, "column": 74 }
      },
      "65": {
        "start": { "line": 521, "column": 20 },
        "end": { "line": 521, "column": 76 }
      },
      "66": {
        "start": { "line": 522, "column": 20 },
        "end": { "line": 522, "column": 16931 }
      },
      "67": {
        "start": { "line": 525, "column": 20 },
        "end": { "line": 525, "column": 17059 }
      },
      "68": {
        "start": { "line": 532, "column": 20 },
        "end": { "line": 532, "column": 17376 }
      },
      "69": {
        "start": { "line": 534, "column": 24 },
        "end": { "line": 534, "column": 17517 }
      },
      "70": {
        "start": { "line": 537, "column": 24 },
        "end": { "line": 537, "column": 17675 }
      },
      "71": {
        "start": { "line": 546, "column": 24 },
        "end": { "line": 546, "column": 47 }
      },
      "72": {
        "start": { "line": 547, "column": 27 },
        "end": { "line": 547, "column": 18158 }
      },
      "73": {
        "start": { "line": 549, "column": 24 },
        "end": { "line": 549, "column": 70 }
      },
      "74": {
        "start": { "line": 550, "column": 24 },
        "end": { "line": 550, "column": 58 }
      },
      "75": {
        "start": { "line": 554, "column": 24 },
        "end": { "line": 554, "column": 75 }
      },
      "76": {
        "start": { "line": 555, "column": 24 },
        "end": { "line": 555, "column": 70 }
      },
      "77": {
        "start": { "line": 558, "column": 24 },
        "end": { "line": 558, "column": 69 }
      },
      "78": {
        "start": { "line": 562, "column": 20 },
        "end": { "line": 562, "column": 54 }
      },
      "79": {
        "start": { "line": 568, "column": 12 },
        "end": { "line": 568, "column": 19089 }
      },
      "80": {
        "start": { "line": 573, "column": 16 },
        "end": { "line": 573, "column": 19301 }
      },
      "81": {
        "start": { "line": 577, "column": 20 },
        "end": { "line": 577, "column": 19480 }
      },
      "82": {
        "start": { "line": 581, "column": 20 },
        "end": { "line": 581, "column": 19601 }
      },
      "83": {
        "start": { "line": 589, "column": 19 },
        "end": { "line": 589, "column": 19968 }
      },
      "84": {
        "start": { "line": 597, "column": 16 },
        "end": { "line": 597, "column": 64 }
      },
      "85": {
        "start": { "line": 600, "column": 12 },
        "end": { "line": 600, "column": 20466 }
      },
      "86": {
        "start": { "line": 604, "column": 12 },
        "end": { "line": 604, "column": 20668 }
      },
      "87": {
        "start": { "line": 617, "column": 8 },
        "end": { "line": 617, "column": 28 }
      },
      "88": {
        "start": { "line": 629, "column": 8 },
        "end": { "line": 629, "column": 21420 }
      },
      "89": {
        "start": { "line": 630, "column": 12 },
        "end": { "line": 630, "column": 21461 }
      },
      "90": {
        "start": { "line": 638, "column": 12 },
        "end": { "line": 638, "column": 72 }
      },
      "91": {
        "start": { "line": 649, "column": 8 },
        "end": { "line": 649, "column": 20 }
      },
      "92": {
        "start": { "line": 747, "column": 8 },
        "end": { "line": 747, "column": 38 }
      }
    },
    "branchMap": {
      "1": {
        "line": 182,
        "type": "if",
        "locations": [
          {
            "start": { "line": 182, "column": 8 },
            "end": { "line": 182, "column": 8 }
          },
          {
            "start": { "line": 182, "column": 8 },
            "end": { "line": 182, "column": 8 }
          }
        ]
      },
      "2": {
        "line": 185,
        "type": "if",
        "locations": [
          {
            "start": { "line": 185, "column": 8 },
            "end": { "line": 185, "column": 8 }
          },
          {
            "start": { "line": 185, "column": 8 },
            "end": { "line": 185, "column": 8 }
          }
        ]
      },
      "3": {
        "line": 194,
        "type": "if",
        "locations": [
          {
            "start": { "line": 194, "column": 18 },
            "end": { "line": 194, "column": 55 }
          },
          {
            "start": { "line": 195, "column": 18 },
            "end": { "line": 195, "column": 18 }
          }
        ]
      },
      "4": {
        "line": 213,
        "type": "if",
        "locations": [
          {
            "start": { "line": 213, "column": 8 },
            "end": { "line": 213, "column": 8 }
          },
          {
            "start": { "line": 213, "column": 8 },
            "end": { "line": 213, "column": 8 }
          }
        ]
      },
      "5": {
        "line": 216,
        "type": "if",
        "locations": [
          {
            "start": { "line": 216, "column": 12 },
            "end": { "line": 216, "column": 12 }
          },
          {
            "start": { "line": 216, "column": 12 },
            "end": { "line": 216, "column": 12 }
          }
        ]
      },
      "6": {
        "line": 246,
        "type": "if",
        "locations": [
          {
            "start": { "line": 246, "column": 12 },
            "end": { "line": 246, "column": 12 }
          },
          {
            "start": { "line": 246, "column": 12 },
            "end": { "line": 246, "column": 12 }
          }
        ]
      },
      "7": {
        "line": 250,
        "type": "if",
        "locations": [
          {
            "start": { "line": 250, "column": 16 },
            "end": { "line": 250, "column": 16 }
          },
          {
            "start": { "line": 250, "column": 16 },
            "end": { "line": 250, "column": 16 }
          }
        ]
      },
      "8": {
        "line": 275,
        "type": "if",
        "locations": [
          {
            "start": { "line": 275, "column": 12 },
            "end": { "line": 275, "column": 12 }
          },
          {
            "start": { "line": 275, "column": 12 },
            "end": { "line": 275, "column": 12 }
          }
        ]
      },
      "9": {
        "line": 277,
        "type": "if",
        "locations": [
          {
            "start": { "line": 277, "column": 16 },
            "end": { "line": 277, "column": 16 }
          },
          {
            "start": { "line": 277, "column": 16 },
            "end": { "line": 277, "column": 16 }
          }
        ]
      },
      "10": {
        "line": 310,
        "type": "if",
        "locations": [
          {
            "start": { "line": 310, "column": 12 },
            "end": { "line": 310, "column": 12 }
          },
          {
            "start": { "line": 310, "column": 12 },
            "end": { "line": 310, "column": 12 }
          }
        ]
      },
      "11": {
        "line": 311,
        "type": "cond-expr",
        "locations": [
          {
            "start": { "line": 311, "column": 16 },
            "end": { "line": 311, "column": 48 }
          },
          {
            "start": { "line": 312, "column": 16 },
            "end": { "line": 314, "column": 46 }
          }
        ]
      },
      "12": {
        "line": 318,
        "type": "if",
        "locations": [
          {
            "start": { "line": 318, "column": 16 },
            "end": { "line": 318, "column": 16 }
          },
          {
            "start": { "line": 318, "column": 16 },
            "end": { "line": 318, "column": 16 }
          }
        ]
      },
      "13": {
        "line": 334,
        "type": "if",
        "locations": [
          {
            "start": { "line": 334, "column": 16 },
            "end": { "line": 334, "column": 16 }
          },
          {
            "start": { "line": 334, "column": 16 },
            "end": { "line": 334, "column": 16 }
          }
        ]
      },
      "14": {
        "line": 336,
        "type": "if",
        "locations": [
          {
            "start": { "line": 336, "column": 62 },
            "end": { "line": 336, "column": 62 }
          },
          {
            "start": { "line": 336, "column": 66 },
            "end": { "line": 336, "column": 66 }
          }
        ]
      },
      "15": {
        "line": 338,
        "type": "if",
        "locations": [
          {
            "start": { "line": 338, "column": 59 },
            "end": { "line": 338, "column": 59 }
          },
          {
            "start": { "line": 338, "column": 63 },
            "end": { "line": 338, "column": 63 }
          }
        ]
      },
      "16": {
        "line": 346,
        "type": "if",
        "locations": [
          {
            "start": { "line": 346, "column": 16 },
            "end": { "line": 346, "column": 16 }
          },
          {
            "start": { "line": 346, "column": 16 },
            "end": { "line": 346, "column": 16 }
          }
        ]
      },
      "17": {
        "line": 440,
        "type": "if",
        "locations": [
          {
            "start": { "line": 440, "column": 12 },
            "end": { "line": 440, "column": 12 }
          },
          {
            "start": { "line": 440, "column": 12 },
            "end": { "line": 440, "column": 12 }
          }
        ]
      },
      "18": {
        "line": 441,
        "type": "if",
        "locations": [
          {
            "start": { "line": 441, "column": 16 },
            "end": { "line": 441, "column": 16 }
          },
          {
            "start": { "line": 441, "column": 16 },
            "end": { "line": 441, "column": 16 }
          }
        ]
      },
      "19": {
        "line": 443,
        "type": "cond-expr",
        "locations": [
          {
            "start": { "line": 443, "column": 21 },
            "end": { "line": 443, "column": 58 }
          },
          {
            "start": { "line": 444, "column": 24 },
            "end": { "line": 444, "column": 60 }
          }
        ]
      },
      "20": {
        "line": 452,
        "type": "if",
        "locations": [
          {
            "start": { "line": 452, "column": 12 },
            "end": { "line": 452, "column": 12 }
          },
          {
            "start": { "line": 452, "column": 12 },
            "end": { "line": 452, "column": 12 }
          }
        ]
      },
      "21": {
        "line": 468,
        "type": "if",
        "locations": [
          {
            "start": { "line": 468, "column": 12 },
            "end": { "line": 468, "column": 12 }
          },
          {
            "start": { "line": 468, "column": 12 },
            "end": { "line": 468, "column": 12 }
          }
        ]
      },
      "22": {
        "line": 469,
        "type": "cond-expr",
        "locations": [
          {
            "start": { "line": 469, "column": 16 },
            "end": { "line": 469, "column": 40 }
          },
          {
            "start": { "line": 470, "column": 16 },
            "end": { "line": 470, "column": 62 }
          }
        ]
      },
      "23": {
        "line": 474,
        "type": "if",
        "locations": [
          {
            "start": { "line": 474, "column": 12 },
            "end": { "line": 474, "column": 12 }
          },
          {
            "start": { "line": 474, "column": 12 },
            "end": { "line": 474, "column": 12 }
          }
        ]
      },
      "24": {
        "line": 479,
        "type": "if",
        "locations": [
          {
            "start": { "line": 479, "column": 12 },
            "end": { "line": 479, "column": 12 }
          },
          {
            "start": { "line": 479, "column": 12 },
            "end": { "line": 479, "column": 12 }
          }
        ]
      },
      "25": {
        "line": 485,
        "type": "if",
        "locations": [
          {
            "start": { "line": 485, "column": 16 },
            "end": { "line": 485, "column": 16 }
          },
          {
            "start": { "line": 485, "column": 16 },
            "end": { "line": 485, "column": 16 }
          }
        ]
      },
      "26": {
        "line": 489,
        "type": "if",
        "locations": [
          {
            "start": { "line": 489, "column": 20 },
            "end": { "line": 489, "column": 20 }
          },
          {
            "start": { "line": 489, "column": 20 },
            "end": { "line": 489, "column": 20 }
          }
        ]
      },
      "27": {
        "line": 490,
        "type": "cond-expr",
        "locations": [
          {
            "start": { "line": 490, "column": 24 },
            "end": { "line": 492, "column": 40 }
          },
          {
            "start": { "line": 493, "column": 24 },
            "end": { "line": 495, "column": 41 }
          }
        ]
      },
      "28": {
        "line": 497,
        "type": "if",
        "locations": [
          {
            "start": { "line": 497, "column": 24 },
            "end": { "line": 497, "column": 24 }
          },
          {
            "start": { "line": 497, "column": 24 },
            "end": { "line": 497, "column": 24 }
          }
        ]
      },
      "29": {
        "line": 498,
        "type": "cond-expr",
        "locations": [
          {
            "start": { "line": 498, "column": 28 },
            "end": { "line": 498, "column": 76 }
          },
          {
            "start": { "line": 499, "column": 28 },
            "end": { "line": 499, "column": 77 }
          }
        ]
      },
      "30": {
        "line": 517,
        "type": "if",
        "locations": [
          {
            "start": { "line": 517, "column": 16 },
            "end": { "line": 517, "column": 16 }
          },
          {
            "start": { "line": 517, "column": 16 },
            "end": { "line": 517, "column": 16 }
          }
        ]
      },
      "31": {
        "line": 518,
        "type": "if",
        "locations": [
          {
            "start": { "line": 518, "column": 20 },
            "end": { "line": 518, "column": 20 }
          },
          {
            "start": { "line": 518, "column": 20 },
            "end": { "line": 518, "column": 20 }
          }
        ]
      },
      "32": {
        "line": 522,
        "type": "if",
        "locations": [
          {
            "start": { "line": 522, "column": 20 },
            "end": { "line": 522, "column": 20 }
          },
          {
            "start": { "line": 522, "column": 20 },
            "end": { "line": 522, "column": 20 }
          }
        ]
      },
      "33": {
        "line": 526,
        "type": "if",
        "locations": [
          {
            "start": { "line": 526, "column": 26 },
            "end": { "line": 526, "column": 44 }
          },
          {
            "start": { "line": 527, "column": 26 },
            "end": { "line": 531, "column": 24 }
          }
        ]
      },
      "34": {
        "line": 532,
        "type": "if",
        "locations": [
          {
            "start": { "line": 532, "column": 20 },
            "end": { "line": 532, "column": 20 }
          },
          {
            "start": { "line": 532, "column": 20 },
            "end": { "line": 532, "column": 20 }
          }
        ]
      },
      "35": {
        "line": 547,
        "type": "if",
        "locations": [
          {
            "start": { "line": 547, "column": 27 },
            "end": { "line": 547, "column": 27 }
          },
          {
            "start": { "line": 547, "column": 27 },
            "end": { "line": 547, "column": 27 }
          }
        ]
      },
      "36": {
        "line": 568,
        "type": "if",
        "locations": [
          {
            "start": { "line": 568, "column": 12 },
            "end": { "line": 568, "column": 12 }
          },
          {
            "start": { "line": 568, "column": 12 },
            "end": { "line": 568, "column": 12 }
          }
        ]
      },
      "37": {
        "line": 573,
        "type": "if",
        "locations": [
          {
            "start": { "line": 573, "column": 16 },
            "end": { "line": 573, "column": 16 }
          },
          {
            "start": { "line": 573, "column": 16 },
            "end": { "line": 573, "column": 16 }
          }
        ]
      },
      "38": {
        "line": 577,
        "type": "if",
        "locations": [
          {
            "start": { "line": 577, "column": 20 },
            "end": { "line": 577, "column": 20 }
          },
          {
            "start": { "line": 577, "column": 20 },
            "end": { "line": 577, "column": 20 }
          }
        ]
      },
      "39": {
        "line": 589,
        "type": "if",
        "locations": [
          {
            "start": { "line": 589, "column": 19 },
            "end": { "line": 589, "column": 19 }
          },
          {
            "start": { "line": 589, "column": 19 },
            "end": { "line": 589, "column": 19 }
          }
        ]
      },
      "40": {
        "line": 600,
        "type": "if",
        "locations": [
          {
            "start": { "line": 600, "column": 12 },
            "end": { "line": 600, "column": 12 }
          },
          {
            "start": { "line": 600, "column": 12 },
            "end": { "line": 600, "column": 12 }
          }
        ]
      },
      "41": {
        "line": 604,
        "type": "if",
        "locations": [
          {
            "start": { "line": 604, "column": 12 },
            "end": { "line": 604, "column": 12 }
          },
          {
            "start": { "line": 604, "column": 12 },
            "end": { "line": 604, "column": 12 }
          }
        ]
      },
      "42": {
        "line": 608,
        "type": "if",
        "locations": [
          {
            "start": { "line": 608, "column": 22 },
            "end": { "line": 608, "column": 28 }
          },
          {
            "start": { "line": 609, "column": 22 },
            "end": { "line": 609, "column": 41 }
          }
        ]
      },
      "43": {
        "line": 629,
        "type": "if",
        "locations": [
          {
            "start": { "line": 629, "column": 8 },
            "end": { "line": 629, "column": 8 }
          },
          {
            "start": { "line": 629, "column": 8 },
            "end": { "line": 629, "column": 8 }
          }
        ]
      }
    }
  },
  "contracts/interfaces/IAutoMarketMakerCore.sol": {
    "l": {},
    "path": "/Users/ndtrung/work/block_chain/matching-engine/contracts/interfaces/IAutoMarketMakerCore.sol",
    "s": {},
    "b": {},
    "f": {},
    "fnMap": {},
    "statementMap": {},
    "branchMap": {}
  },
  "contracts/interfaces/IFee.sol": {
    "l": {},
    "path": "/Users/ndtrung/work/block_chain/matching-engine/contracts/interfaces/IFee.sol",
    "s": {},
    "b": {},
    "f": {},
    "fnMap": {},
    "statementMap": {},
    "branchMap": {}
  },
  "contracts/interfaces/IMatchingEngineAMM.sol": {
    "l": {},
    "path": "/Users/ndtrung/work/block_chain/matching-engine/contracts/interfaces/IMatchingEngineAMM.sol",
    "s": {},
    "b": {},
    "f": {},
    "fnMap": {},
    "statementMap": {},
    "branchMap": {}
  },
  "contracts/interfaces/IMatchingEngineCore.sol": {
    "l": {},
    "path": "/Users/ndtrung/work/block_chain/matching-engine/contracts/interfaces/IMatchingEngineCore.sol",
    "s": {},
    "b": {},
    "f": {},
    "fnMap": {},
    "statementMap": {},
    "branchMap": {}
  },
  "contracts/libraries/amm/CrossPipResult.sol": {
    "l": { "23": 178, "24": 178, "31": 146 },
    "path": "/Users/ndtrung/work/block_chain/matching-engine/contracts/libraries/amm/CrossPipResult.sol",
    "s": {},
    "b": {},
    "f": { "1": 178, "2": 146 },
    "fnMap": {
      "1": {
        "name": "updateAmountResult",
        "line": 18,
        "loc": {
          "start": { "line": 18, "column": 4 },
          "end": { "line": 25, "column": 4 }
        }
      },
      "2": {
        "name": "updatePipResult",
        "line": 30,
        "loc": {
          "start": { "line": 30, "column": 4 },
          "end": { "line": 32, "column": 4 }
        }
      }
    },
    "statementMap": {},
    "branchMap": {}
  },
  "contracts/libraries/amm/Liquidity.sol": {
    "l": {
      "30": 0,
      "31": 0,
      "32": 0,
      "42": 275,
      "43": 115,
      "44": 115,
      "45": 115,
      "47": 275,
      "48": 275,
      "49": 275,
      "61": 0,
      "62": 0,
      "78": 148,
      "79": 148,
      "81": 148,
      "82": 70,
      "84": 78
    },
    "path": "/Users/ndtrung/work/block_chain/matching-engine/contracts/libraries/amm/Liquidity.sol",
    "s": { "1": 275, "2": 148 },
    "b": { "1": [115, 160], "2": [70, 78] },
    "f": { "1": 0, "2": 275, "3": 0, "4": 148 },
    "fnMap": {
      "1": {
        "name": "initNewPipRange",
        "line": 24,
        "loc": {
          "start": { "line": 24, "column": 4 },
          "end": { "line": 33, "column": 4 }
        }
      },
      "2": {
        "name": "updateAddLiquidity",
        "line": 38,
        "loc": {
          "start": { "line": 38, "column": 4 },
          "end": { "line": 50, "column": 4 }
        }
      },
      "3": {
        "name": "updateFeeGrowth",
        "line": 56,
        "loc": {
          "start": { "line": 56, "column": 4 },
          "end": { "line": 63, "column": 4 }
        }
      },
      "4": {
        "name": "updateAMMReserve",
        "line": 71,
        "loc": {
          "start": { "line": 71, "column": 4 },
          "end": { "line": 86, "column": 4 }
        }
      }
    },
    "statementMap": {
      "1": {
        "start": { "line": 42, "column": 8 },
        "end": { "line": 42, "column": 1238 }
      },
      "2": {
        "start": { "line": 81, "column": 8 },
        "end": { "line": 81, "column": 2578 }
      }
    },
    "branchMap": {
      "1": {
        "line": 42,
        "type": "if",
        "locations": [
          {
            "start": { "line": 42, "column": 8 },
            "end": { "line": 42, "column": 8 }
          },
          {
            "start": { "line": 42, "column": 8 },
            "end": { "line": 42, "column": 8 }
          }
        ]
      },
      "2": {
        "line": 81,
        "type": "if",
        "locations": [
          {
            "start": { "line": 81, "column": 8 },
            "end": { "line": 81, "column": 8 }
          },
          {
            "start": { "line": 81, "column": 8 },
            "end": { "line": 81, "column": 8 }
          }
        ]
      }
    }
  },
  "contracts/libraries/exchange/BitMath.sol": {
    "l": {
      "14": 112,
      "16": 112,
      "17": 56,
      "18": 56,
      "20": 112,
      "21": 69,
      "22": 69,
      "24": 112,
      "25": 54,
      "26": 54,
      "28": 112,
      "29": 40,
      "30": 40,
      "32": 112,
      "33": 28,
      "34": 28,
      "36": 112,
      "37": 42,
      "38": 42,
      "40": 112,
      "41": 30,
      "42": 30,
      "44": 112,
      "54": 142,
      "56": 142,
      "57": 142,
      "58": 45,
      "60": 97,
      "62": 142,
      "63": 44,
      "65": 98,
      "67": 142,
      "68": 75,
      "70": 67,
      "72": 142,
      "73": 60,
      "75": 82,
      "77": 142,
      "78": 83,
      "80": 59,
      "82": 142,
      "83": 110,
      "85": 32,
      "87": 142,
      "88": 114,
      "90": 28,
      "92": 142
    },
    "path": "/Users/ndtrung/work/block_chain/matching-engine/contracts/libraries/exchange/BitMath.sol",
    "s": {
      "1": 112,
      "2": 112,
      "3": 112,
      "4": 112,
      "5": 112,
      "6": 112,
      "7": 112,
      "8": 112,
      "9": 112,
      "10": 142,
      "11": 142,
      "12": 142,
      "13": 142,
      "14": 142,
      "15": 142,
      "16": 142,
      "17": 142,
      "18": 142
    },
    "b": {
      "1": [112, 0],
      "2": [56, 56],
      "3": [69, 43],
      "4": [54, 58],
      "5": [40, 72],
      "6": [28, 84],
      "7": [42, 70],
      "8": [30, 82],
      "9": [27, 85],
      "10": [142, 0],
      "11": [45, 97],
      "12": [44, 98],
      "13": [75, 67],
      "14": [60, 82],
      "15": [83, 59],
      "16": [110, 32],
      "17": [114, 28],
      "18": [112, 30]
    },
    "f": { "1": 112, "2": 142 },
    "fnMap": {
      "1": {
        "name": "mostSignificantBit",
        "line": 13,
        "loc": {
          "start": { "line": 13, "column": 4 },
          "end": { "line": 45, "column": 4 }
        }
      },
      "2": {
        "name": "leastSignificantBit",
        "line": 53,
        "loc": {
          "start": { "line": 53, "column": 4 },
          "end": { "line": 93, "column": 4 }
        }
      }
    },
    "statementMap": {
      "1": {
        "start": { "line": 14, "column": 8 },
        "end": { "line": 14, "column": 21 }
      },
      "2": {
[...]
      },
      "13": {
        "line": 265,
        "type": "if",
        "locations": [
          {
            "start": { "line": 265, "column": 40 },
            "end": { "line": 265, "column": 47 }
          },
          {
            "start": { "line": 265, "column": 51 },
            "end": { "line": 265, "column": 63 }
          }
        ]
      },
      "14": {
        "line": 267,
        "type": "if",
        "locations": [
          {
            "start": { "line": 267, "column": 12 },
            "end": { "line": 267, "column": 12 }
          },
          {
            "start": { "line": 267, "column": 12 },
            "end": { "line": 267, "column": 12 }
          }
        ]
      },
      "15": {
        "line": 318,
        "type": "if",
        "locations": [
          {
            "start": { "line": 318, "column": 8 },
            "end": { "line": 318, "column": 8 }
          },
          {
            "start": { "line": 318, "column": 8 },
            "end": { "line": 318, "column": 8 }
          }
        ]
      }
    }
  },
  "contracts/test/LiquidityBitmapTest.sol": {
    "l": { "12": 4105, "16": 0, "20": 21, "24": 6940, "32": 9, "40": 5 },
    "path": "/Users/ndtrung/work/block_chain/matching-engine/contracts/test/LiquidityBitmapTest.sol",
    "s": { "1": 4105, "2": 0, "3": 21, "4": 6940 },
    "b": {},
    "f": { "1": 4105, "2": 0, "3": 21, "4": 6940, "5": 9, "6": 5 },
    "fnMap": {
      "1": {
        "name": "hasLiquidity",
        "line": 11,
        "loc": {
          "start": { "line": 11, "column": 4 },
          "end": { "line": 13, "column": 4 }
        }
      },
      "2": {
        "name": "setBitsInRange",
        "line": 15,
        "loc": {
          "start": { "line": 15, "column": 4 },
          "end": { "line": 17, "column": 4 }
        }
      },
      "3": {
        "name": "unsetBitsRange",
        "line": 19,
        "loc": {
          "start": { "line": 19, "column": 4 },
          "end": { "line": 21, "column": 4 }
        }
      },
      "4": {
        "name": "toggleSingleBit",
        "line": 23,
        "loc": {
          "start": { "line": 23, "column": 4 },
          "end": { "line": 25, "column": 4 }
        }
      },
      "5": {
        "name": "findNextInitializedLiquidity",
        "line": 27,
        "loc": {
          "start": { "line": 27, "column": 4 },
          "end": { "line": 33, "column": 4 }
        }
      },
      "6": {
        "name": "findHasLiquidityInMultipleWords",
        "line": 35,
        "loc": {
          "start": { "line": 35, "column": 4 },
          "end": { "line": 45, "column": 4 }
        }
      }
    },
    "statementMap": {
      "1": {
        "start": { "line": 12, "column": 8 },
        "end": { "line": 12, "column": 48 }
      },
      "2": {
        "start": { "line": 16, "column": 8 },
        "end": { "line": 16, "column": 54 }
      },
      "3": {
        "start": { "line": 20, "column": 8 },
        "end": { "line": 20, "column": 54 }
      },
      "4": {
        "start": { "line": 24, "column": 8 },
        "end": { "line": 24, "column": 50 }
      }
    },
    "branchMap": {}
  },
  "contracts/test/LiquidityMathTest.sol": {
    "l": {
      "17": 1,
      "18": 1,
      "20": 1,
      "33": 1,
      "34": 1,
      "39": 1,
      "52": 1,
      "56": 1,
      "61": 1,
      "74": 1,
      "78": 1,
      "83": 1,
      "96": 1,
      "100": 1,
      "105": 1,
      "118": 1,
      "122": 1,
      "126": 1,
      "139": 0,
      "140": 0,
      "148": 0,
      "149": 0,
      "150": 0,
      "163": 0,
      "164": 0,
      "165": 0,
      "178": 12,
      "186": 12,
      "187": 0,
      "191": 12,
      "192": 12,
      "193": 12,
      "194": 0,
      "195": 0,
      "197": 12,
      "198": 12,
      "199": 12,
      "201": 12,
      "202": 6,
      "203": 6,
      "205": 12,
      "206": 6,
      "207": 6,
      "209": 12,
      "210": 6,
      "211": 6,
      "213": 12,
      "214": 6,
      "215": 6,
      "217": 12,
      "218": 5,
      "222": 12,
      "223": 12,
      "224": 12,
      "225": 12,
      "226": 12,
      "227": 12,
      "228": 12,
      "229": 12,
      "230": 12,
      "231": 12
    },
    "path": "/Users/ndtrung/work/block_chain/matching-engine/contracts/test/LiquidityMathTest.sol",
    "s": {
      "1": 1,
      "2": 1,
      "3": 1,
      "4": 1,
      "5": 1,
      "6": 1,
      "7": 1,
      "8": 1,
      "9": 1,
      "10": 1,
      "11": 1,
      "12": 1,
      "13": 1,
      "14": 1,
      "15": 1,
      "16": 1,
      "17": 1,
      "18": 1,
      "19": 0,
      "20": 0,
      "21": 0,
      "22": 0,
      "23": 0,
      "24": 0,
      "25": 0,
      "26": 0,
      "27": 12,
      "28": 12,
      "29": 0,
      "30": 12,
      "31": 12,
      "32": 12,
      "33": 12,
      "34": 12,
      "35": 12,
      "36": 12,
      "37": 12,
      "38": 12,
      "39": 12
    },
    "b": {
      "1": [0, 12],
      "2": [0, 12],
      "3": [12, 0],
      "4": [6, 6],
      "5": [6, 6],
      "6": [6, 6],
      "7": [6, 6],
      "8": [5, 7],
      "9": [6, 6]
    },
    "f": {
      "1": 1,
      "2": 1,
      "3": 1,
      "4": 1,
      "5": 1,
      "6": 1,
      "7": 0,
      "8": 0,
      "9": 0,
      "10": 12,
      "11": 12
    },
    "fnMap": {
      "1": {
        "name": "calculateBaseReal",
        "line": 12,
        "loc": {
          "start": { "line": 12, "column": 4 },
          "end": { "line": 26, "column": 4 }
        }
      },
      "2": {
        "name": "calculateQuoteReal",
        "line": 28,
        "loc": {
          "start": { "line": 28, "column": 4 },
          "end": { "line": 45, "column": 4 }
        }
      },
      "3": {
        "name": "calculateBaseWithPriceWhenSell",
        "line": 47,
        "loc": {
          "start": { "line": 47, "column": 4 },
          "end": { "line": 67, "column": 4 }
        }
      },
      "4": {
        "name": "calculateQuoteWithPriceWhenSell",
        "line": 69,
        "loc": {
          "start": { "line": 69, "column": 4 },
          "end": { "line": 89, "column": 4 }
        }
      },
      "5": {
        "name": "calculateBaseWithPriceWhenBuy",
        "line": 91,
        "loc": {
          "start": { "line": 91, "column": 4 },
          "end": { "line": 111, "column": 4 }
        }
      },
      "6": {
        "name": "calculateQuoteWithPriceWhenBuy",
        "line": 113,
        "loc": {
          "start": { "line": 113, "column": 4 },
          "end": { "line": 132, "column": 4 }
        }
      },
      "7": {
        "name": "calculateLiquidity",
        "line": 134,
        "loc": {
          "start": { "line": 134, "column": 4 },
          "end": { "line": 141, "column": 4 }
        }
      },
      "8": {
        "name": "calculateBaseByLiquidity",
        "line": 143,
        "loc": {
          "start": { "line": 143, "column": 4 },
          "end": { "line": 156, "column": 4 }
        }
      },
      "9": {
        "name": "calculateQuoteByLiquidity",
        "line": 158,
        "loc": {
          "start": { "line": 158, "column": 4 },
          "end": { "line": 171, "column": 4 }
        }
      },
      "10": {
        "name": "_calculateSqrtPrice",
        "line": 173,
        "loc": {
          "start": { "line": 173, "column": 4 },
          "end": { "line": 179, "column": 4 }
        }
      },
      "11": {
        "name": "sqrt",
        "line": 185,
        "loc": {
          "start": { "line": 185, "column": 4 },
          "end": { "line": 233, "column": 4 }
        }
      }
    },
    "statementMap": {
      "1": {
        "start": { "line": 17, "column": 8 },
        "end": { "line": 17, "column": 67 }
      },
      "2": {
        "start": { "line": 18, "column": 8 },
        "end": { "line": 18, "column": 79 }
      },
      "3": {
        "start": { "line": 20, "column": 8 },
        "end": { "line": 20, "column": 566 }
      },
      "4": {
        "start": { "line": 33, "column": 8 },
        "end": { "line": 33, "column": 71 }
      },
      "5": {
        "start": { "line": 34, "column": 8 },
        "end": { "line": 34, "column": 962 }
      },
      "6": {
        "start": { "line": 39, "column": 8 },
        "end": { "line": 39, "column": 1086 }
      },
      "7": {
        "start": { "line": 52, "column": 8 },
        "end": { "line": 52, "column": 1428 }
      },
      "8": {
        "start": { "line": 56, "column": 8 },
        "end": { "line": 56, "column": 1545 }
      },
      "9": {
        "start": { "line": 61, "column": 8 },
        "end": { "line": 61, "column": 1682 }
      },
      "10": {
        "start": { "line": 74, "column": 8 },
        "end": { "line": 74, "column": 2043 }
      },
      "11": {
        "start": { "line": 78, "column": 8 },
        "end": { "line": 78, "column": 2160 }
      },
      "12": {
        "start": { "line": 83, "column": 8 },
        "end": { "line": 83, "column": 2284 }
      },
      "13": {
        "start": { "line": 96, "column": 8 },
        "end": { "line": 96, "column": 2643 }
      },
      "14": {
        "start": { "line": 100, "column": 8 },
        "end": { "line": 100, "column": 2760 }
      },
      "15": {
        "start": { "line": 105, "column": 8 },
        "end": { "line": 105, "column": 2884 }
      },
      "16": {
        "start": { "line": 118, "column": 8 },
        "end": { "line": 118, "column": 3241 }
      },
      "17": {
        "start": { "line": 122, "column": 8 },
        "end": { "line": 122, "column": 3358 }
      },
      "18": {
        "start": { "line": 126, "column": 8 },
        "end": { "line": 126, "column": 3494 }
      },
      "19": {
        "start": { "line": 139, "column": 8 },
        "end": { "line": 139, "column": 69 }
      },
      "20": {
        "start": { "line": 140, "column": 8 },
        "end": { "line": 140, "column": 78 }
      },
      "21": {
        "start": { "line": 148, "column": 8 },
        "end": { "line": 148, "column": 75 }
      },
      "22": {
        "start": { "line": 149, "column": 8 },
        "end": { "line": 149, "column": 69 }
      },
      "23": {
        "start": { "line": 150, "column": 8 },
        "end": { "line": 150, "column": 4293 }
      },
      "24": {
        "start": { "line": 163, "column": 8 },
        "end": { "line": 163, "column": 75 }
      },
      "25": {
        "start": { "line": 164, "column": 8 },
        "end": { "line": 164, "column": 69 }
      },
      "26": {
        "start": { "line": 165, "column": 8 },
        "end": { "line": 165, "column": 4774 }
      },
      "27": {
        "start": { "line": 178, "column": 8 },
        "end": { "line": 178, "column": 50 }
      },
      "28": {
        "start": { "line": 186, "column": 8 },
        "end": { "line": 186, "column": 5506 }
      },
      "29": {
        "start": { "line": 187, "column": 12 },
        "end": { "line": 187, "column": 20 }
      },
      "30": {
        "start": { "line": 191, "column": 8 },
        "end": { "line": 191, "column": 33 }
      },
      "31": {
        "start": { "line": 193, "column": 8 },
        "end": { "line": 193, "column": 5719 }
      },
      "32": {
        "start": { "line": 197, "column": 8 },
        "end": { "line": 197, "column": 5841 }
      },
      "33": {
        "start": { "line": 201, "column": 8 },
        "end": { "line": 201, "column": 5946 }
      },
      "34": {
        "start": { "line": 205, "column": 8 },
        "end": { "line": 205, "column": 6043 }
      },
      "35": {
        "start": { "line": 209, "column": 8 },
        "end": { "line": 209, "column": 6135 }
      },
      "36": {
        "start": { "line": 213, "column": 8 },
        "end": { "line": 213, "column": 6224 }
      },
      "37": {
        "start": { "line": 217, "column": 8 },
        "end": { "line": 217, "column": 6312 }
      },
      "38": {
        "start": { "line": 230, "column": 12 },
        "end": { "line": 230, "column": 50 }
      },
      "39": {
        "start": { "line": 231, "column": 12 },
        "end": { "line": 231, "column": 75 }
      }
    },
    "branchMap": {
      "1": {
        "line": 186,
        "type": "if",
        "locations": [
          {
            "start": { "line": 186, "column": 8 },
            "end": { "line": 186, "column": 8 }
          },
          {
            "start": { "line": 186, "column": 8 },
            "end": { "line": 186, "column": 8 }
          }
        ]
      },
      "2": {
        "line": 193,
        "type": "if",
        "locations": [
          {
            "start": { "line": 193, "column": 8 },
            "end": { "line": 193, "column": 8 }
          },
          {
            "start": { "line": 193, "column": 8 },
            "end": { "line": 193, "column": 8 }
          }
        ]
      },
      "3": {
        "line": 197,
        "type": "if",
        "locations": [
          {
            "start": { "line": 197, "column": 8 },
            "end": { "line": 197, "column": 8 }
          },
          {
            "start": { "line": 197, "column": 8 },
            "end": { "line": 197, "column": 8 }
          }
        ]
      },
      "4": {
        "line": 201,
        "type": "if",
        "locations": [
          {
            "start": { "line": 201, "column": 8 },
            "end": { "line": 201, "column": 8 }
          },
          {
            "start": { "line": 201, "column": 8 },
            "end": { "line": 201, "column": 8 }
          }
        ]
      },
      "5": {
        "line": 205,
        "type": "if",
        "locations": [
          {
            "start": { "line": 205, "column": 8 },
            "end": { "line": 205, "column": 8 }
          },
          {
            "start": { "line": 205, "column": 8 },
            "end": { "line": 205, "column": 8 }
          }
        ]
      },
      "6": {
        "line": 209,
        "type": "if",
        "locations": [
          {
            "start": { "line": 209, "column": 8 },
            "end": { "line": 209, "column": 8 }
          },
          {
            "start": { "line": 209, "column": 8 },
            "end": { "line": 209, "column": 8 }
          }
        ]
      },
      "7": {
        "line": 213,
        "type": "if",
        "locations": [
          {
            "start": { "line": 213, "column": 8 },
            "end": { "line": 213, "column": 8 }
          },
          {
            "start": { "line": 213, "column": 8 },
            "end": { "line": 213, "column": 8 }
          }
        ]
      },
      "8": {
        "line": 217,
        "type": "if",
        "locations": [
          {
            "start": { "line": 217, "column": 8 },
            "end": { "line": 217, "column": 8 }
          },
          {
            "start": { "line": 217, "column": 8 },
            "end": { "line": 217, "column": 8 }
          }
        ]
      },
      "9": {
        "line": 231,
        "type": "if",
        "locations": [
          {
            "start": { "line": 231, "column": 49 },
            "end": { "line": 231, "column": 65 }
          },
          {
            "start": { "line": 231, "column": 69 },
            "end": { "line": 231, "column": 74 }
          }
        ]
      }
    }
  },
  "contracts/test/MockMatchingEngineAMM.sol": {
    "l": { "11": 59, "12": 59, "19": 59 },
    "path": "/Users/ndtrung/work/block_chain/matching-engine/contracts/test/MockMatchingEngineAMM.sol",
    "s": {},
    "b": {},
    "f": { "1": 59, "2": 59 },
    "fnMap": {
      "1": {
        "name": "setCurrentPip",
        "line": 10,
        "loc": {
          "start": { "line": 10, "column": 4 },
          "end": { "line": 16, "column": 4 }
        }
      },
      "2": {
        "name": "setCounterParty",
        "line": 18,
        "loc": {
          "start": { "line": 18, "column": 4 },
          "end": { "line": 20, "column": 4 }
        }
      }
    },
    "statementMap": {},
    "branchMap": {}
  },
  "contracts/test/MockMatchingEngineCore.sol": {
    "l": {
      "17": 38,
      "18": 38,
      "20": 38,
      "33": 36,
      "34": 36,
      "35": 36,
      "36": 36,
      "38": 36,
      "39": 22,
      "40": 22,
      "42": 14,
      "43": 14,
      "45": 36,
      "61": 31,
      "74": 6,
      "75": 6,
      "80": 6,
      "84": 6,
      "85": 60,
      "90": 6
    },
    "path": "/Users/ndtrung/work/block_chain/matching-engine/contracts/test/MockMatchingEngineCore.sol",
    "s": {
      "1": 38,
      "2": 38,
      "3": 36,
      "4": 36,
      "5": 36,
      "6": 36,
      "7": 36,
      "8": 36,
      "9": 31,
      "10": 6,
      "11": 6,
      "12": 6,
      "13": 6
    },
    "b": { "1": [38, 0], "2": [22, 14] },
    "f": { "1": 38, "2": 36, "3": 31, "4": 6 },
    "fnMap": {
      "1": {
        "name": "initialize",
        "line": 16,
        "loc": {
          "start": { "line": 16, "column": 4 },
          "end": { "line": 25, "column": 4 }
        }
      },
      "2": {
        "name": "emitEventSwap",
        "line": 27,
        "loc": {
          "start": { "line": 27, "column": 4 },
          "end": { "line": 53, "column": 4 }
        }
      },
      "3": {
        "name": "getCurrentPip",
        "line": 55,
        "loc": {
          "start": { "line": 55, "column": 4 },
          "end": { "line": 62, "column": 4 }
        }
      },
      "4": {
        "name": "getLiquidityInPipRange",
        "line": 64,
        "loc": {
          "start": { "line": 64, "column": 4 },
          "end": { "line": 91, "column": 4 }
        }
      }
    },
    "statementMap": {
      "1": {
        "start": { "line": 17, "column": 8 },
        "end": { "line": 17, "column": 45 }
      },
      "2": {
        "start": { "line": 20, "column": 8 },
        "end": { "line": 20, "column": 556 }
      },
      "3": {
        "start": { "line": 33, "column": 8 },
        "end": { "line": 33, "column": 25 }
      },
      "4": {
        "start": { "line": 34, "column": 8 },
        "end": { "line": 34, "column": 25 }
      },
      "5": {
        "start": { "line": 35, "column": 8 },
        "end": { "line": 35, "column": 26 }
      },
      "6": {
        "start": { "line": 36, "column": 8 },
        "end": { "line": 36, "column": 26 }
      },
      "7": {
        "start": { "line": 38, "column": 8 },
        "end": { "line": 38, "column": 989 }
      },
      "8": {
        "start": { "line": 45, "column": 8 },
        "end": { "line": 45, "column": 1190 }
      },
      "9": {
        "start": { "line": 61, "column": 8 },
        "end": { "line": 61, "column": 29 }
      },
      "10": {
        "start": { "line": 74, "column": 8 },
        "end": { "line": 74, "column": 79 }
      },
      "11": {
        "start": { "line": 80, "column": 8 },
        "end": { "line": 80, "column": 2012 }
      },
      "12": {
        "start": { "line": 84, "column": 8 },
        "end": { "line": 84, "column": 2123 }
      },
      "13": {
        "start": { "line": 90, "column": 8 },
        "end": { "line": 90, "column": 64 }
      }
    },
    "branchMap": {
      "1": {
        "line": 17,
        "type": "if",
        "locations": [
          {
            "start": { "line": 17, "column": 8 },
            "end": { "line": 17, "column": 8 }
          },
          {
            "start": { "line": 17, "column": 8 },
            "end": { "line": 17, "column": 8 }
          }
        ]
      },
      "2": {
        "line": 38,
        "type": "if",
        "locations": [
          {
            "start": { "line": 38, "column": 8 },
            "end": { "line": 38, "column": 8 }
          },
          {
            "start": { "line": 38, "column": 8 },
            "end": { "line": 38, "column": 8 }
          }
        ]
      }
    }
  },
  "contracts/test/TickPositionTest.sol": {
    "l": {},
    "path": "/Users/ndtrung/work/block_chain/matching-engine/contracts/test/TickPositionTest.sol",
    "s": {},
    "b": {},
    "f": {},
    "fnMap": {},
    "statementMap": {},
    "branchMap": {}
  }
}
