{
"contracts/implement/AutoMarketMakerCore.sol":{"l":{"31":60,"32":60,"33":60,"35":60,"61":227,"63":227,"64":227,"68":227,"72":227,"74":227,"75":116,"80":116,"84":116,"88":116,"91":227,"92":56,"94":49,"96":227,"101":227,"107":227,"108":227,"110":227,"115":58,"119":58,"128":53,"132":53,"137":116,"145":227,"148":227,"163":49,"164":49,"166":49,"169":49,"184":49,"185":49,"190":49,"193":49,"198":49,"202":49,"206":49,"211":49,"216":7,"224":7,"238":16,"246":16,"256":26,"263":26,"271":26,"307":140,"309":140,"313":140,"319":140,"323":140,"324":205,"328":205,"331":174,"333":174,"334":148,"335":148,"336":1,"339":26,"343":205,"344":179,"345":96,"349":83,"352":179,"353":51,"356":51,"359":179,"369":179,"379":58,"382":121,"384":121,"390":121,"392":121,"396":147,"397":147,"401":82,"402":82,"405":65,"408":65,"409":65,"428":179,"432":58,"436":58,"437":58,"445":58,"447":121,"464":179,"465":86,"470":86,"478":93,"485":93,"502":58,"503":27,"504":26,"510":26,"512":1,"518":1,"521":31,"522":31,"528":31,"530":0,"536":0,"557":179,"558":86,"559":86,"564":93,"565":93,"571":179,"575":179,"599":117,"600":117,"601":117,"602":117,"603":117,"604":178,"605":178,"606":178,"607":148,"609":148,"612":148,"614":148,"627":117,"640":148,"649":148,"652":148,"663":788},"path":"/Users/ndtrung/work/block_chain/matching-engine/contracts/implement/AutoMarketMakerCore.sol","s":{"1":227,"2":227,"3":227,"4":227,"5":116,"6":227,"7":171,"8":227,"9":169,"10":116,"11":227,"12":227,"13":49,"14":49,"15":49,"16":49,"17":49,"18":49,"19":49,"20":49,"21":42,"22":140,"23":140,"24":205,"25":205,"26":174,"27":174,"28":148,"29":205,"30":179,"31":179,"32":179,"33":179,"34":121,"35":121,"36":147,"37":82,"38":179,"39":58,"40":58,"41":58,"42":58,"43":121,"44":179,"45":58,"46":27,"47":31,"48":31,"49":179,"50":179,"51":117,"52":117,"53":117,"54":117,"55":117,"56":178,"57":148,"58":148,"59":788},"b":{"1":[116,111],"2":[56,171],"3":[49,122],"4":[58,169],"5":[56,2],"6":[53,116],"7":[49,4],"8":[116,0],"9":[34,15],"10":[34,15],"11":[7,42],"12":[5,2],"13":[16,26],"14":[11,5],"15":[174,31],"16":[148,26],"17":[1,147],"18":[179,26],"19":[96,83],"20":[47,49],"21":[51,128],"22":[24,27],"23":[58,121],"24":[120,1],"25":[77,70],"26":[82,65],"27":[41,41],"28":[6,59],"29":[58,121],"30":[57,1],"31":[86,93],"32":[27,31],"33":[26,1],"34":[31,0],"35":[31,0],"36":[86,93],"37":[86,93],"38":[30,148]},"f":{"1":60,"2":227,"3":49,"4":49,"5":140,"6":179,"7":179,"8":58,"9":179,"10":117,"11":148,"12":788,"13":0,"14":0,"15":0},"fnMap":{"1":{"name":"_initializeAMM","line":25,"loc":{"start":{"line":25,"column":4},"end":{"line":39,"column":4}}},"2":{"name":"addLiquidity","line":50,"loc":{"start":{"line":50,"column":4},"end":{"line":155,"column":4}}},"3":{"name":"removeLiquidity","line":158,"loc":{"start":{"line":158,"column":4},"end":{"line":172,"column":4}}},"4":{"name":"estimateRemoveLiquidity","line":175,"loc":{"start":{"line":175,"column":4},"end":{"line":279,"column":4}}},"5":{"name":"_onCrossPipAMMTargetPrice","line":303,"loc":{"start":{"line":303,"column":4},"end":{"line":411,"column":4}}},"6":{"name":"_notReachPip","line":420,"loc":{"start":{"line":420,"column":4},"end":{"line":448,"column":4}}},"7":{"name":"_calculateAmountOut","line":457,"loc":{"start":{"line":457,"column":4},"end":{"line":491,"column":4}}},"8":{"name":"_calculateAmountFilled","line":498,"loc":{"start":{"line":498,"column":4},"end":{"line":539,"column":4}}},"9":{"name":"_updateAmmState","line":547,"loc":{"start":{"line":547,"column":4},"end":{"line":578,"column":4}}},"10":{"name":"_updateAMMStateAfterTrade","line":587,"loc":{"start":{"line":587,"column":4},"end":{"line":630,"column":4}}},"11":{"name":"_initCrossAmmReserves","line":636,"loc":{"start":{"line":636,"column":4},"end":{"line":653,"column":4}}},"12":{"name":"_calculateSqrtPrice","line":658,"loc":{"start":{"line":658,"column":4},"end":{"line":664,"column":4}}},"13":{"name":"_basisPoint","line":667,"loc":{"start":{"line":667,"column":4},"end":{"line":667,"column":68}}},"14":{"name":"getCurrentPip","line":670,"loc":{"start":{"line":670,"column":4},"end":{"line":670,"column":68}}},"15":{"name":"_onlyCounterParty","line":673,"loc":{"start":{"line":673,"column":4},"end":{"line":673,"column":51}}}},"statementMap":{"1":{"start":{"line":61,"column":8},"end":{"line":61,"column":26}},"2":{"start":{"line":63,"column":8},"end":{"line":63,"column":38}},"3":{"start":{"line":64,"column":8},"end":{"line":64,"column":1806}},"4":{"start":{"line":74,"column":8},"end":{"line":74,"column":2087}},"5":{"start":{"line":75,"column":12},"end":{"line":75,"column":2137}},"6":{"start":{"line":91,"column":8},"end":{"line":91,"column":2643}},"7":{"start":{"line":93,"column":15},"end":{"line":93,"column":2773}},"8":{"start":{"line":110,"column":8},"end":{"line":110,"column":3355}},"9":{"start":{"line":123,"column":15},"end":{"line":123,"column":3961}},"10":{"start":{"line":136,"column":15},"end":{"line":136,"column":4565}},"11":{"start":{"line":145,"column":8},"end":{"line":145,"column":4902}},"12":{"start":{"line":148,"column":8},"end":{"line":148,"column":5007}},"13":{"start":{"line":163,"column":8},"end":{"line":163,"column":26}},"14":{"start":{"line":164,"column":8},"end":{"line":164,"column":44}},"15":{"start":{"line":169,"column":8},"end":{"line":169,"column":5622}},"16":{"start":{"line":185,"column":8},"end":{"line":185,"column":6085}},"17":{"start":{"line":193,"column":8},"end":{"line":193,"column":6428}},"18":{"start":{"line":202,"column":8},"end":{"line":202,"column":6786}},"19":{"start":{"line":206,"column":8},"end":{"line":206,"column":6874}},"20":{"start":{"line":211,"column":8},"end":{"line":211,"column":7000}},"21":{"start":{"line":233,"column":15},"end":{"line":233,"column":7820}},"22":{"start":{"line":307,"column":8},"end":{"line":307,"column":42}},"23":{"start":{"line":323,"column":8},"end":{"line":323,"column":10773}},"24":{"start":{"line":324,"column":12},"end":{"line":324,"column":10849}},"25":{"start":{"line":328,"column":12},"end":{"line":328,"column":11002}},"26":{"start":{"line":331,"column":16},"end":{"line":331,"column":76}},"27":{"start":{"line":333,"column":16},"end":{"line":333,"column":11201}},"28":{"start":{"line":335,"column":20},"end":{"line":335,"column":11375}},"29":{"start":{"line":343,"column":12},"end":{"line":343,"column":11599}},"30":{"start":{"line":344,"column":16},"end":{"line":344,"column":11651}},"31":{"start":{"line":352,"column":16},"end":{"line":352,"column":11996}},"32":{"start":{"line":359,"column":16},"end":{"line":359,"column":12280}},"33":{"start":{"line":369,"column":16},"end":{"line":369,"column":12663}},"34":{"start":{"line":382,"column":16},"end":{"line":382,"column":59}},"35":{"start":{"line":384,"column":16},"end":{"line":384,"column":13071}},"36":{"start":{"line":397,"column":12},"end":{"line":397,"column":13525}},"37":{"start":{"line":401,"column":16},"end":{"line":401,"column":53}},"38":{"start":{"line":428,"column":8},"end":{"line":428,"column":14706}},"39":{"start":{"line":432,"column":12},"end":{"line":432,"column":14857}},"40":{"start":{"line":436,"column":12},"end":{"line":436,"column":61}},"41":{"start":{"line":437,"column":12},"end":{"line":437,"column":15068}},"42":{"start":{"line":445,"column":12},"end":{"line":445,"column":23}},"43":{"start":{"line":447,"column":8},"end":{"line":447,"column":20}},"44":{"start":{"line":464,"column":8},"end":{"line":464,"column":16041}},"45":{"start":{"line":502,"column":8},"end":{"line":502,"column":17476}},"46":{"start":{"line":503,"column":12},"end":{"line":503,"column":17512}},"47":{"start":{"line":520,"column":15},"end":{"line":520,"column":18199}},"48":{"start":{"line":521,"column":12},"end":{"line":521,"column":18236}},"49":{"start":{"line":557,"column":8},"end":{"line":557,"column":19676}},"50":{"start":{"line":575,"column":8},"end":{"line":575,"column":20348}},"51":{"start":{"line":599,"column":8},"end":{"line":599,"column":41}},"52":{"start":{"line":600,"column":8},"end":{"line":600,"column":28}},"53":{"start":{"line":601,"column":8},"end":{"line":601,"column":31}},"54":{"start":{"line":602,"column":8},"end":{"line":602,"column":48}},"55":{"start":{"line":603,"column":8},"end":{"line":603,"column":21244}},"56":{"start":{"line":606,"column":12},"end":{"line":606,"column":45}},"57":{"start":{"line":614,"column":12},"end":{"line":614,"column":21711}},"58":{"start":{"line":652,"column":8},"end":{"line":652,"column":51}},"59":{"start":{"line":663,"column":8},"end":{"line":663,"column":63}}},"branchMap":{"1":{"line":74,"type":"if","locations":[{"start":{"line":74,"column":8},"end":{"line":74,"column":8}},{"start":{"line":74,"column":8},"end":{"line":74,"column":8}}]},"2":{"line":91,"type":"if","locations":[{"start":{"line":91,"column":8},"end":{"line":91,"column":8}},{"start":{"line":91,"column":8},"end":{"line":91,"column":8}}]},"3":{"line":93,"type":"if","locations":[{"start":{"line":93,"column":15},"end":{"line":93,"column":15}},{"start":{"line":93,"column":15},"end":{"line":93,"column":15}}]},"4":{"line":110,"type":"if","locations":[{"start":{"line":110,"column":8},"end":{"line":110,"column":8}},{"start":{"line":110,"column":8},"end":{"line":110,"column":8}}]},"5":{"line":111,"type":"cond-expr","locations":[{"start":{"line":111,"column":12},"end":{"line":111,"column":60}},{"start":{"line":112,"column":12},"end":{"line":113,"column":65}}]},"6":{"line":123,"type":"if","locations":[{"start":{"line":123,"column":15},"end":{"line":123,"column":15}},{"start":{"line":123,"column":15},"end":{"line":123,"column":15}}]},"7":{"line":124,"type":"cond-expr","locations":[{"start":{"line":124,"column":12},"end":{"line":124,"column":60}},{"start":{"line":125,"column":12},"end":{"line":126,"column":65}}]},"8":{"line":136,"type":"if","locations":[{"start":{"line":136,"column":15},"end":{"line":136,"column":15}},{"start":{"line":136,"column":15},"end":{"line":136,"column":15}}]},"9":{"line":191,"type":"if","locations":[{"start":{"line":191,"column":14},"end":{"line":191,"column":55}},{"start":{"line":192,"column":14},"end":{"line":192,"column":14}}]},"10":{"line":199,"type":"if","locations":[{"start":{"line":199,"column":14},"end":{"line":199,"column":53}},{"start":{"line":200,"column":14},"end":{"line":200,"column":14}}]},"11":{"line":211,"type":"if","locations":[{"start":{"line":211,"column":8},"end":{"line":211,"column":8}},{"start":{"line":211,"column":8},"end":{"line":211,"column":8}}]},"12":{"line":212,"type":"cond-expr","locations":[{"start":{"line":212,"column":12},"end":{"line":212,"column":60}},{"start":{"line":213,"column":12},"end":{"line":214,"column":58}}]},"13":{"line":233,"type":"if","locations":[{"start":{"line":233,"column":15},"end":{"line":233,"column":15}},{"start":{"line":233,"column":15},"end":{"line":233,"column":15}}]},"14":{"line":234,"type":"cond-expr","locations":[{"start":{"line":234,"column":12},"end":{"line":234,"column":60}},{"start":{"line":235,"column":12},"end":{"line":236,"column":58}}]},"15":{"line":328,"type":"if","locations":[{"start":{"line":328,"column":12},"end":{"line":328,"column":12}},{"start":{"line":328,"column":12},"end":{"line":328,"column":12}}]},"16":{"line":333,"type":"if","locations":[{"start":{"line":333,"column":16},"end":{"line":333,"column":16}},{"start":{"line":333,"column":16},"end":{"line":333,"column":16}}]},"17":{"line":335,"type":"if","locations":[{"start":{"line":335,"column":20},"end":{"line":335,"column":20}},{"start":{"line":335,"column":20},"end":{"line":335,"column":20}}]},"18":{"line":343,"type":"if","locations":[{"start":{"line":343,"column":12},"end":{"line":343,"column":12}},{"start":{"line":343,"column":12},"end":{"line":343,"column":12}}]},"19":{"line":344,"type":"if","locations":[{"start":{"line":344,"column":16},"end":{"line":344,"column":16}},{"start":{"line":344,"column":16},"end":{"line":344,"column":16}}]},"20":{"line":346,"type":"if","locations":[{"start":{"line":346,"column":26},"end":{"line":346,"column":48}},{"start":{"line":347,"column":26},"end":{"line":347,"column":48}}]},"21":{"line":352,"type":"if","locations":[{"start":{"line":352,"column":16},"end":{"line":352,"column":16}},{"start":{"line":352,"column":16},"end":{"line":352,"column":16}}]},"22":{"line":354,"type":"if","locations":[{"start":{"line":354,"column":26},"end":{"line":354,"column":48}},{"start":{"line":355,"column":26},"end":{"line":355,"column":48}}]},"23":{"line":369,"type":"if","locations":[{"start":{"line":369,"column":16},"end":{"line":369,"column":16}},{"start":{"line":369,"column":16},"end":{"line":369,"column":16}}]},"24":{"line":393,"type":"if","locations":[{"start":{"line":393,"column":22},"end":{"line":393,"column":44}},{"start":{"line":394,"column":22},"end":{"line":394,"column":45}}]},"25":{"line":396,"type":"if","locations":[{"start":{"line":396,"column":31},"end":{"line":396,"column":35}},{"start":{"line":396,"column":39},"end":{"line":396,"column":43}}]},"26":{"line":397,"type":"if","locations":[{"start":{"line":397,"column":12},"end":{"line":397,"column":12}},{"start":{"line":397,"column":12},"end":{"line":397,"column":12}}]},"27":{"line":398,"type":"cond-expr","locations":[{"start":{"line":398,"column":16},"end":{"line":398,"column":66}},{"start":{"line":399,"column":16},"end":{"line":399,"column":67}}]},"28":{"line":406,"type":"if","locations":[{"start":{"line":406,"column":18},"end":{"line":406,"column":31}},{"start":{"line":407,"column":18},"end":{"line":407,"column":35}}]},"29":{"line":428,"type":"if","locations":[{"start":{"line":428,"column":8},"end":{"line":428,"column":8}},{"start":{"line":428,"column":8},"end":{"line":428,"column":8}}]},"30":{"line":429,"type":"cond-expr","locations":[{"start":{"line":429,"column":12},"end":{"line":429,"column":54}},{"start":{"line":430,"column":12},"end":{"line":430,"column":56}}]},"31":{"line":464,"type":"if","locations":[{"start":{"line":464,"column":8},"end":{"line":464,"column":8}},{"start":{"line":464,"column":8},"end":{"line":464,"column":8}}]},"32":{"line":502,"type":"if","locations":[{"start":{"line":502,"column":8},"end":{"line":502,"column":8}},{"start":{"line":502,"column":8},"end":{"line":502,"column":8}}]},"33":{"line":503,"type":"if","locations":[{"start":{"line":503,"column":12},"end":{"line":503,"column":12}},{"start":{"line":503,"column":12},"end":{"line":503,"column":12}}]},"34":{"line":520,"type":"if","locations":[{"start":{"line":520,"column":15},"end":{"line":520,"column":15}},{"start":{"line":520,"column":15},"end":{"line":520,"column":15}}]},"35":{"line":521,"type":"if","locations":[{"start":{"line":521,"column":12},"end":{"line":521,"column":12}},{"start":{"line":521,"column":12},"end":{"line":521,"column":12}}]},"36":{"line":557,"type":"if","locations":[{"start":{"line":557,"column":8},"end":{"line":557,"column":8}},{"start":{"line":557,"column":8},"end":{"line":557,"column":8}}]},"37":{"line":572,"type":"if","locations":[{"start":{"line":572,"column":14},"end":{"line":572,"column":50}},{"start":{"line":573,"column":14},"end":{"line":573,"column":51}}]},"38":{"line":606,"type":"if","locations":[{"start":{"line":606,"column":12},"end":{"line":606,"column":12}},{"start":{"line":606,"column":12},"end":{"line":606,"column":12}}]}}},
"contracts/implement/Block.sol":{"l":{"7":0,"12":0},"path":"/Users/ndtrung/work/block_chain/matching-engine/contracts/implement/Block.sol","s":{"1":0,"2":0},"b":{},"f":{"1":0,"2":0},"fnMap":{"1":{"name":"_blockTimestamp","line":6,"loc":{"start":{"line":6,"column":4},"end":{"line":8,"column":4}}},"2":{"name":"_blockNumber","line":11,"loc":{"start":{"line":11,"column":4},"end":{"line":13,"column":4}}}},"statementMap":{"1":{"start":{"line":7,"column":8},"end":{"line":7,"column":38}},"2":{"start":{"line":12,"column":8},"end":{"line":12,"column":35}}},"branchMap":{}},
"contracts/implement/MatchingEngineCore.sol":{"l":{"31":98,"32":98,"33":98,"34":98,"35":98,"47":0,"48":0,"49":0,"58":7,"59":7,"61":7,"65":7,"86":283,"87":283,"119":119,"120":119,"147":3,"148":3,"165":279,"180":374,"183":374,"184":94,"186":374,"187":15,"193":0,"209":7,"210":7,"214":7,"215":5,"217":5,"218":5,"221":7,"243":283,"244":283,"245":283,"246":283,"247":283,"248":135,"251":135,"252":0,"257":135,"263":148,"270":282,"272":282,"273":282,"276":282,"278":48,"280":23,"287":25,"294":48,"305":48,"307":48,"310":282,"311":282,"317":268,"319":268,"324":0,"332":268,"335":268,"339":29,"342":268,"347":268,"349":248,"351":268,"378":48,"381":48,"414":170,"417":170,"433":170,"435":170,"445":170,"446":333,"447":333,"448":193,"460":193,"465":12,"468":193,"469":193,"470":193,"472":140,"482":333,"483":34,"486":299,"491":299,"496":3,"498":296,"499":0,"503":296,"506":5,"507":5,"509":291,"513":129,"521":58,"525":48,"527":58,"528":0,"530":58,"534":58,"536":71,"540":71,"544":233,"545":216,"548":216,"549":216,"550":85,"552":216,"559":216,"561":52,"564":52,"569":52,"572":52,"573":52,"576":146,"577":146,"581":18,"582":18,"583":18,"584":18,"585":18,"588":17,"589":17,"594":170,"595":170,"600":134,"604":69,"605":18,"608":69,"624":0,"627":170,"629":145,"631":170,"634":48,"638":122,"642":170,"643":170,"644":170,"646":170,"656":170,"657":145,"665":145,"682":140,"751":0,"752":0,"757":0,"760":0,"761":0,"766":0,"797":283,"814":53},"path":"/Users/ndtrung/work/block_chain/matching-engine/contracts/implement/MatchingEngineCore.sol","s":{"1":0,"2":0,"3":0,"4":7,"5":7,"6":7,"7":7,"8":283,"9":119,"10":119,"11":3,"12":279,"13":374,"14":374,"15":0,"16":7,"17":7,"18":5,"19":5,"20":7,"21":283,"22":283,"23":283,"24":283,"25":135,"26":135,"27":0,"28":135,"29":148,"30":282,"31":282,"32":282,"33":48,"34":23,"35":25,"36":282,"37":268,"38":268,"39":268,"40":268,"41":248,"42":268,"43":48,"44":48,"45":170,"46":170,"47":170,"48":170,"49":170,"50":333,"51":333,"52":193,"53":333,"54":299,"55":299,"56":296,"57":296,"58":5,"59":291,"60":129,"61":58,"62":58,"63":58,"64":71,"65":233,"66":216,"67":216,"68":216,"69":216,"70":216,"71":52,"72":52,"73":52,"74":164,"75":146,"76":146,"77":18,"78":18,"79":18,"80":17,"81":170,"82":134,"83":69,"84":69,"85":36,"86":0,"87":170,"88":170,"89":170,"90":170,"91":145,"92":145,"93":140,"94":0,"95":0,"96":0,"97":0,"98":283,"99":53},"b":{"1":[94,280],"2":[15,359],"3":[0,0],"4":[5,2],"5":[5,0],"6":[135,148],"7":[0,135],"8":[48,234],"9":[23,25],"10":[268,14],"11":[268,0],"12":[0,268],"13":[29,239],"14":[13,21],"15":[13,16],"16":[248,20],"17":[193,140],"18":[12,181],"19":[6,6],"20":[34,299],"21":[3,296],"22":[0,0],"23":[0,3],"24":[0,296],"25":[5,291],"26":[129,162],"27":[58,71],"28":[57,1],"29":[48,10],"30":[20,28],"31":[0,58],"32":[216,17],"33":[122,94],"34":[85,131],"35":[214,2],"36":[52,164],"37":[146,18],"38":[134,36],"39":[69,65],"40":[18,51],"41":[0,36],"42":[145,25],"43":[48,122],"44":[34,14],"45":[145,25]},"f":{"1":98,"2":0,"3":7,"4":283,"5":119,"6":3,"7":279,"8":374,"9":0,"10":7,"11":283,"12":48,"13":170,"14":0,"15":140,"16":0,"17":122,"18":0,"19":53,"20":0,"21":0,"22":0,"23":0,"24":0,"25":0,"26":283,"27":170,"28":190,"29":53,"30":53},"fnMap":{"1":{"name":"_initializeCore","line":26,"loc":{"start":{"line":26,"column":4},"end":{"line":36,"column":4}}},"2":{"name":"updatePartialFilledOrder","line":43,"loc":{"start":{"line":43,"column":4},"end":{"line":50,"column":4}}},"3":{"name":"cancelLimitOrder","line":53,"loc":{"start":{"line":53,"column":4},"end":{"line":66,"column":4}}},"4":{"name":"openLimit","line":69,"loc":{"start":{"line":69,"column":4},"end":{"line":102,"column":4}}},"5":{"name":"openMarket","line":105,"loc":{"start":{"line":105,"column":4},"end":{"line":130,"column":4}}},"6":{"name":"openMarketWithQuoteAsset","line":133,"loc":{"start":{"line":133,"column":4},"end":{"line":157,"column":4}}},"7":{"name":"hasLiquidity","line":164,"loc":{"start":{"line":164,"column":4},"end":{"line":166,"column":4}}},"8":{"name":"getPendingOrderDetail","line":169,"loc":{"start":{"line":169,"column":4},"end":{"line":189,"column":4}}},"9":{"name":"getLiquidityInCurrentPip","line":192,"loc":{"start":{"line":192,"column":4},"end":{"line":197,"column":4}}},"10":{"name":"_internalCancelLimitOrder","line":204,"loc":{"start":{"line":204,"column":4},"end":{"line":222,"column":4}}},"11":{"name":"_internalOpenLimit","line":234,"loc":{"start":{"line":234,"column":4},"end":{"line":359,"column":4}}},"12":{"name":"_openMarketWithMaxPip","line":363,"loc":{"start":{"line":363,"column":4},"end":{"line":391,"column":4}}},"13":{"name":"_internalOpenMarketOrder","line":396,"loc":{"start":{"line":396,"column":4},"end":{"line":667,"column":4}}},"14":{"name":"_calculatePipLimitWhenFindPipNext","line":669,"loc":{"start":{"line":669,"column":4},"end":{"line":673,"column":56}}},"15":{"name":"_isNeedSetPipNext","line":681,"loc":{"start":{"line":681,"column":4},"end":{"line":683,"column":4}}},"16":{"name":"_emitLimitOrderUpdatedHook","line":686,"loc":{"start":{"line":686,"column":4},"end":{"line":691,"column":24}}},"17":{"name":"_onCrossPipHook","line":704,"loc":{"start":{"line":704,"column":4},"end":{"line":707,"column":78}}},"18":{"name":"_updateAMMState","line":711,"loc":{"start":{"line":711,"column":4},"end":{"line":724,"column":5}}},"19":{"name":"_calculateFee","line":727,"loc":{"start":{"line":727,"column":4},"end":{"line":735,"column":42}}},"20":{"name":"emitEventSwap","line":738,"loc":{"start":{"line":738,"column":4},"end":{"line":743,"column":24}}},"21":{"name":"getLiquidityInPipRange","line":746,"loc":{"start":{"line":746,"column":4},"end":{"line":767,"column":4}}},"22":{"name":"getAmountEstimate","line":771,"loc":{"start":{"line":771,"column":4},"end":{"line":775,"column":72}}},"23":{"name":"calculatingQuoteAmount","line":778,"loc":{"start":{"line":778,"column":4},"end":{"line":783,"column":5}}},"24":{"name":"getCurrentPip","line":786,"loc":{"start":{"line":786,"column":4},"end":{"line":786,"column":70}}},"25":{"name":"quoteToBase","line":789,"loc":{"start":{"line":789,"column":4},"end":{"line":793,"column":5}}},"26":{"name":"getUnderlyingPriceInPip","line":796,"loc":{"start":{"line":796,"column":4},"end":{"line":798,"column":4}}},"27":{"name":"_addReserveSnapshot","line":801,"loc":{"start":{"line":801,"column":4},"end":{"line":801,"column":53}}},"28":{"name":"_onlyCounterParty","line":804,"loc":{"start":{"line":804,"column":4},"end":{"line":804,"column":51}}},"29":{"name":"_getPipRange","line":806,"loc":{"start":{"line":806,"column":4},"end":{"line":806,"column":69}}},"30":{"name":"_getRangeFindingWordsAmm","line":808,"loc":{"start":{"line":808,"column":4},"end":{"line":815,"column":4}}}},"statementMap":{"1":{"start":{"line":47,"column":8},"end":{"line":47,"column":26}},"2":{"start":{"line":48,"column":8},"end":{"line":48,"column":75}},"3":{"start":{"line":49,"column":8},"end":{"line":49,"column":73}},"4":{"start":{"line":58,"column":8},"end":{"line":58,"column":26}},"5":{"start":{"line":59,"column":8},"end":{"line":59,"column":68}},"6":{"start":{"line":61,"column":8},"end":{"line":61,"column":1997}},"7":{"start":{"line":65,"column":8},"end":{"line":65,"column":71}},"8":{"start":{"line":86,"column":8},"end":{"line":86,"column":26}},"9":{"start":{"line":119,"column":8},"end":{"line":119,"column":26}},"10":{"start":{"line":120,"column":8},"end":{"line":120,"column":3446}},"11":{"start":{"line":147,"column":8},"end":{"line":147,"column":26}},"12":{"start":{"line":165,"column":8},"end":{"line":165,"column":49}},"13":{"start":{"line":183,"column":8},"end":{"line":183,"column":4921}},"14":{"start":{"line":186,"column":8},"end":{"line":186,"column":5010}},"15":{"start":{"line":193,"column":8},"end":{"line":193,"column":5229}},"16":{"start":{"line":209,"column":8},"end":{"line":209,"column":18}},"17":{"start":{"line":214,"column":8},"end":{"line":214,"column":5884}},"18":{"start":{"line":215,"column":12},"end":{"line":215,"column":55}},"19":{"start":{"line":217,"column":12},"end":{"line":217,"column":6067}},"20":{"start":{"line":221,"column":8},"end":{"line":221,"column":70}},"21":{"start":{"line":243,"column":8},"end":{"line":243,"column":66}},"22":{"start":{"line":244,"column":8},"end":{"line":244,"column":50}},"23":{"start":{"line":245,"column":8},"end":{"line":245,"column":66}},"24":{"start":{"line":247,"column":12},"end":{"line":247,"column":6927}},"25":{"start":{"line":248,"column":16},"end":{"line":248,"column":7035}},"26":{"start":{"line":251,"column":16},"end":{"line":251,"column":7110}},"27":{"start":{"line":252,"column":20},"end":{"line":252,"column":7152}},"28":{"start":{"line":257,"column":20},"end":{"line":257,"column":7357}},"29":{"start":{"line":263,"column":16},"end":{"line":263,"column":7555}},"30":{"start":{"line":270,"column":8},"end":{"line":270,"column":70}},"31":{"start":{"line":273,"column":12},"end":{"line":273,"column":7949}},"32":{"start":{"line":276,"column":12},"end":{"line":276,"column":8075}},"33":{"start":{"line":278,"column":16},"end":{"line":278,"column":8157}},"34":{"start":{"line":280,"column":20},"end":{"line":280,"column":8300}},"35":{"start":{"line":287,"column":20},"end":{"line":287,"column":8674}},"36":{"start":{"line":311,"column":12},"end":{"line":311,"column":9570}},"37":{"start":{"line":317,"column":16},"end":{"line":317,"column":37}},"38":{"start":{"line":319,"column":16},"end":{"line":319,"column":9871}},"39":{"start":{"line":335,"column":16},"end":{"line":335,"column":10480}},"40":{"start":{"line":347,"column":16},"end":{"line":347,"column":10922}},"41":{"start":{"line":349,"column":20},"end":{"line":349,"column":69}},"42":{"start":{"line":351,"column":16},"end":{"line":351,"column":11110}},"43":{"start":{"line":378,"column":8},"end":{"line":378,"column":11815}},"44":{"start":{"line":381,"column":8},"end":{"line":381,"column":11943}},"45":{"start":{"line":414,"column":8},"end":{"line":414,"column":57}},"46":{"start":{"line":417,"column":8},"end":{"line":417,"column":12802}},"47":{"start":{"line":433,"column":8},"end":{"line":433,"column":28}},"48":{"start":{"line":435,"column":8},"end":{"line":435,"column":13462}},"49":{"start":{"line":445,"column":8},"end":{"line":445,"column":13751}},"50":{"start":{"line":446,"column":12},"end":{"line":446,"column":40}},"51":{"start":{"line":447,"column":12},"end":{"line":447,"column":13853}},"52":{"start":{"line":460,"column":16},"end":{"line":460,"column":14370}},"53":{"start":{"line":482,"column":12},"end":{"line":482,"column":15340}},"54":{"start":{"line":486,"column":12},"end":{"line":486,"column":15443}},"55":{"start":{"line":491,"column":12},"end":{"line":491,"column":15596}},"56":{"start":{"line":498,"column":12},"end":{"line":498,"column":15809}},"57":{"start":{"line":503,"column":12},"end":{"line":503,"column":16046}},"58":{"start":{"line":506,"column":16},"end":{"line":506,"column":35}},"59":{"start":{"line":509,"column":16},"end":{"line":509,"column":16249}},"60":{"start":{"line":513,"column":20},"end":{"line":513,"column":16412}},"61":{"start":{"line":521,"column":24},"end":{"line":521,"column":16778}},"62":{"start":{"line":527,"column":24},"end":{"line":527,"column":17083}},"63":{"start":{"line":530,"column":24},"end":{"line":530,"column":17226}},"64":{"start":{"line":536,"column":24},"end":{"line":536,"column":17475}},"65":{"start":{"line":544,"column":16},"end":{"line":544,"column":17752}},"66":{"start":{"line":545,"column":20},"end":{"line":545,"column":74}},"67":{"start":{"line":548,"column":20},"end":{"line":548,"column":76}},"68":{"start":{"line":549,"column":20},"end":{"line":549,"column":18013}},"69":{"start":{"line":552,"column":20},"end":{"line":552,"column":18141}},"70":{"start":{"line":559,"column":20},"end":{"line":559,"column":18458}},"71":{"start":{"line":561,"column":24},"end":{"line":561,"column":18599}},"72":{"start":{"line":564,"column":24},"end":{"line":564,"column":18757}},"73":{"start":{"line":573,"column":24},"end":{"line":573,"column":47}},"74":{"start":{"line":574,"column":27},"end":{"line":574,"column":19240}},"75":{"start":{"line":576,"column":24},"end":{"line":576,"column":70}},"76":{"start":{"line":577,"column":24},"end":{"line":577,"column":58}},"77":{"start":{"line":581,"column":24},"end":{"line":581,"column":75}},"78":{"start":{"line":582,"column":24},"end":{"line":582,"column":70}},"79":{"start":{"line":585,"column":24},"end":{"line":585,"column":69}},"80":{"start":{"line":589,"column":20},"end":{"line":589,"column":54}},"81":{"start":{"line":595,"column":12},"end":{"line":595,"column":20171}},"82":{"start":{"line":600,"column":16},"end":{"line":600,"column":20383}},"83":{"start":{"line":604,"column":20},"end":{"line":604,"column":20562}},"84":{"start":{"line":608,"column":20},"end":{"line":608,"column":20683}},"85":{"start":{"line":616,"column":19},"end":{"line":616,"column":21050}},"86":{"start":{"line":624,"column":16},"end":{"line":624,"column":64}},"87":{"start":{"line":627,"column":12},"end":{"line":627,"column":21548}},"88":{"start":{"line":631,"column":12},"end":{"line":631,"column":21750}},"89":{"start":{"line":644,"column":8},"end":{"line":644,"column":28}},"90":{"start":{"line":656,"column":8},"end":{"line":656,"column":22502}},"91":{"start":{"line":657,"column":12},"end":{"line":657,"column":22543}},"92":{"start":{"line":665,"column":12},"end":{"line":665,"column":72}},"93":{"start":{"line":682,"column":8},"end":{"line":682,"column":20}},"94":{"start":{"line":751,"column":8},"end":{"line":751,"column":79}},"95":{"start":{"line":757,"column":8},"end":{"line":757,"column":25491}},"96":{"start":{"line":760,"column":8},"end":{"line":760,"column":25601}},"97":{"start":{"line":766,"column":8},"end":{"line":766,"column":64}},"98":{"start":{"line":797,"column":8},"end":{"line":797,"column":38}},"99":{"start":{"line":814,"column":8},"end":{"line":814,"column":16}}},"branchMap":{"1":{"line":183,"type":"if","locations":[{"start":{"line":183,"column":8},"end":{"line":183,"column":8}},{"start":{"line":183,"column":8},"end":{"line":183,"column":8}}]},"2":{"line":186,"type":"if","locations":[{"start":{"line":186,"column":8},"end":{"line":186,"column":8}},{"start":{"line":186,"column":8},"end":{"line":186,"column":8}}]},"3":{"line":195,"type":"if","locations":[{"start":{"line":195,"column":18},"end":{"line":195,"column":55}},{"start":{"line":196,"column":18},"end":{"line":196,"column":18}}]},"4":{"line":214,"type":"if","locations":[{"start":{"line":214,"column":8},"end":{"line":214,"column":8}},{"start":{"line":214,"column":8},"end":{"line":214,"column":8}}]},"5":{"line":217,"type":"if","locations":[{"start":{"line":217,"column":12},"end":{"line":217,"column":12}},{"start":{"line":217,"column":12},"end":{"line":217,"column":12}}]},"6":{"line":247,"type":"if","locations":[{"start":{"line":247,"column":12},"end":{"line":247,"column":12}},{"start":{"line":247,"column":12},"end":{"line":247,"column":12}}]},"7":{"line":251,"type":"if","locations":[{"start":{"line":251,"column":16},"end":{"line":251,"column":16}},{"start":{"line":251,"column":16},"end":{"line":251,"column":16}}]},"8":{"line":276,"type":"if","locations":[{"start":{"line":276,"column":12},"end":{"line":276,"column":12}},{"start":{"line":276,"column":12},"end":{"line":276,"column":12}}]},"9":{"line":278,"type":"if","locations":[{"start":{"line":278,"column":16},"end":{"line":278,"column":16}},{"start":{"line":278,"column":16},"end":{"line":278,"column":16}}]},"10":{"line":311,"type":"if","locations":[{"start":{"line":311,"column":12},"end":{"line":311,"column":12}},{"start":{"line":311,"column":12},"end":{"line":311,"column":12}}]},"11":{"line":312,"type":"cond-expr","locations":[{"start":{"line":312,"column":16},"end":{"line":312,"column":48}},{"start":{"line":313,"column":16},"end":{"line":315,"column":46}}]},"12":{"line":319,"type":"if","locations":[{"start":{"line":319,"column":16},"end":{"line":319,"column":16}},{"start":{"line":319,"column":16},"end":{"line":319,"column":16}}]},"13":{"line":335,"type":"if","locations":[{"start":{"line":335,"column":16},"end":{"line":335,"column":16}},{"start":{"line":335,"column":16},"end":{"line":335,"column":16}}]},"14":{"line":337,"type":"if","locations":[{"start":{"line":337,"column":62},"end":{"line":337,"column":62}},{"start":{"line":337,"column":66},"end":{"line":337,"column":66}}]},"15":{"line":339,"type":"if","locations":[{"start":{"line":339,"column":59},"end":{"line":339,"column":59}},{"start":{"line":339,"column":63},"end":{"line":339,"column":63}}]},"16":{"line":347,"type":"if","locations":[{"start":{"line":347,"column":16},"end":{"line":347,"column":16}},{"start":{"line":347,"column":16},"end":{"line":347,"column":16}}]},"17":{"line":447,"type":"if","locations":[{"start":{"line":447,"column":12},"end":{"line":447,"column":12}},{"start":{"line":447,"column":12},"end":{"line":447,"column":12}}]},"18":{"line":460,"type":"if","locations":[{"start":{"line":460,"column":16},"end":{"line":460,"column":16}},{"start":{"line":460,"column":16},"end":{"line":460,"column":16}}]},"19":{"line":462,"type":"cond-expr","locations":[{"start":{"line":462,"column":21},"end":{"line":462,"column":58}},{"start":{"line":463,"column":24},"end":{"line":463,"column":60}}]},"20":{"line":482,"type":"if","locations":[{"start":{"line":482,"column":12},"end":{"line":482,"column":12}},{"start":{"line":482,"column":12},"end":{"line":482,"column":12}}]},"21":{"line":491,"type":"if","locations":[{"start":{"line":491,"column":12},"end":{"line":491,"column":12}},{"start":{"line":491,"column":12},"end":{"line":491,"column":12}}]},"22":{"line":492,"type":"cond-expr","locations":[{"start":{"line":492,"column":16},"end":{"line":492,"column":40}},{"start":{"line":493,"column":16},"end":{"line":493,"column":62}}]},"23":{"line":492,"type":"cond-expr","locations":[{"start":{"line":492,"column":16},"end":{"line":493,"column":62}},{"start":{"line":494,"column":16},"end":{"line":494,"column":29}}]},"24":{"line":498,"type":"if","locations":[{"start":{"line":498,"column":12},"end":{"line":498,"column":12}},{"start":{"line":498,"column":12},"end":{"line":498,"column":12}}]},"25":{"line":503,"type":"if","locations":[{"start":{"line":503,"column":12},"end":{"line":503,"column":12}},{"start":{"line":503,"column":12},"end":{"line":503,"column":12}}]},"26":{"line":509,"type":"if","locations":[{"start":{"line":509,"column":16},"end":{"line":509,"column":16}},{"start":{"line":509,"column":16},"end":{"line":509,"column":16}}]},"27":{"line":513,"type":"if","locations":[{"start":{"line":513,"column":20},"end":{"line":513,"column":20}},{"start":{"line":513,"column":20},"end":{"line":513,"column":20}}]},"28":{"line":514,"type":"cond-expr","locations":[{"start":{"line":514,"column":24},"end":{"line":516,"column":40}},{"start":{"line":517,"column":24},"end":{"line":519,"column":41}}]},"29":{"line":521,"type":"if","locations":[{"start":{"line":521,"column":24},"end":{"line":521,"column":24}},{"start":{"line":521,"column":24},"end":{"line":521,"column":24}}]},"30":{"line":522,"type":"cond-expr","locations":[{"start":{"line":522,"column":28},"end":{"line":522,"column":76}},{"start":{"line":523,"column":28},"end":{"line":523,"column":77}}]},"31":{"line":527,"type":"if","locations":[{"start":{"line":527,"column":24},"end":{"line":527,"column":24}},{"start":{"line":527,"column":24},"end":{"line":527,"column":24}}]},"32":{"line":544,"type":"if","locations":[{"start":{"line":544,"column":16},"end":{"line":544,"column":16}},{"start":{"line":544,"column":16},"end":{"line":544,"column":16}}]},"33":{"line":545,"type":"if","locations":[{"start":{"line":545,"column":20},"end":{"line":545,"column":20}},{"start":{"line":545,"column":20},"end":{"line":545,"column":20}}]},"34":{"line":549,"type":"if","locations":[{"start":{"line":549,"column":20},"end":{"line":549,"column":20}},{"start":{"line":549,"column":20},"end":{"line":549,"column":20}}]},"35":{"line":553,"type":"if","locations":[{"start":{"line":553,"column":26},"end":{"line":553,"column":44}},{"start":{"line":554,"column":26},"end":{"line":558,"column":24}}]},"36":{"line":559,"type":"if","locations":[{"start":{"line":559,"column":20},"end":{"line":559,"column":20}},{"start":{"line":559,"column":20},"end":{"line":559,"column":20}}]},"37":{"line":574,"type":"if","locations":[{"start":{"line":574,"column":27},"end":{"line":574,"column":27}},{"start":{"line":574,"column":27},"end":{"line":574,"column":27}}]},"38":{"line":595,"type":"if","locations":[{"start":{"line":595,"column":12},"end":{"line":595,"column":12}},{"start":{"line":595,"column":12},"end":{"line":595,"column":12}}]},"39":{"line":600,"type":"if","locations":[{"start":{"line":600,"column":16},"end":{"line":600,"column":16}},{"start":{"line":600,"column":16},"end":{"line":600,"column":16}}]},"40":{"line":604,"type":"if","locations":[{"start":{"line":604,"column":20},"end":{"line":604,"column":20}},{"start":{"line":604,"column":20},"end":{"line":604,"column":20}}]},"41":{"line":616,"type":"if","locations":[{"start":{"line":616,"column":19},"end":{"line":616,"column":19}},{"start":{"line":616,"column":19},"end":{"line":616,"column":19}}]},"42":{"line":627,"type":"if","locations":[{"start":{"line":627,"column":12},"end":{"line":627,"column":12}},{"start":{"line":627,"column":12},"end":{"line":627,"column":12}}]},"43":{"line":631,"type":"if","locations":[{"start":{"line":631,"column":12},"end":{"line":631,"column":12}},{"start":{"line":631,"column":12},"end":{"line":631,"column":12}}]},"44":{"line":635,"type":"if","locations":[{"start":{"line":635,"column":22},"end":{"line":635,"column":28}},{"start":{"line":636,"column":22},"end":{"line":636,"column":41}}]},"45":{"line":656,"type":"if","locations":[{"start":{"line":656,"column":8},"end":{"line":656,"column":8}},{"start":{"line":656,"column":8},"end":{"line":656,"column":8}}]}}},
"contracts/interfaces/IAutoMarketMakerCore.sol":{"l":{},"path":"/Users/ndtrung/work/block_chain/matching-engine/contracts/interfaces/IAutoMarketMakerCore.sol","s":{},"b":{},"f":{},"fnMap":{},"statementMap":{},"branchMap":{}},
"contracts/interfaces/IFee.sol":{"l":{},"path":"/Users/ndtrung/work/block_chain/matching-engine/contracts/interfaces/IFee.sol","s":{},"b":{},"f":{},"fnMap":{},"statementMap":{},"branchMap":{}},
"contracts/interfaces/IMatchingEngineAMM.sol":{"l":{},"path":"/Users/ndtrung/work/block_chain/matching-engine/contracts/interfaces/IMatchingEngineAMM.sol","s":{},"b":{},"f":{},"fnMap":{},"statementMap":{},"branchMap":{}},
"contracts/interfaces/IMatchingEngineCore.sol":{"l":{},"path":"/Users/ndtrung/work/block_chain/matching-engine/contracts/interfaces/IMatchingEngineCore.sol","s":{},"b":{},"f":{},"fnMap":{},"statementMap":{},"branchMap":{}},
"contracts/libraries/amm/CrossPipResult.sol":{"l":{"23":179,"24":179,"31":140},"path":"/Users/ndtrung/work/block_chain/matching-engine/contracts/libraries/amm/CrossPipResult.sol","s":{},"b":{},"f":{"1":179,"2":140},"fnMap":{"1":{"name":"updateAmountResult","line":18,"loc":{"start":{"line":18,"column":4},"end":{"line":25,"column":4}}},"2":{"name":"updatePipResult","line":30,"loc":{"start":{"line":30,"column":4},"end":{"line":32,"column":4}}}},"statementMap":{},"branchMap":{}},
"contracts/libraries/amm/Liquidity.sol":{"l":{"30":0,"31":0,"32":0,"42":276,"43":116,"44":116,"45":116,"47":276,"48":276,"49":276,"61":0,"62":0,"78":148,"79":148,"81":148,"82":70,"84":78},"path":"/Users/ndtrung/work/block_chain/matching-engine/contracts/libraries/amm/Liquidity.sol","s":{"1":276,"2":148},"b":{"1":[116,160],"2":[70,78]},"f":{"1":0,"2":276,"3":0,"4":148},"fnMap":{"1":{"name":"initNewPipRange","line":24,"loc":{"start":{"line":24,"column":4},"end":{"line":33,"column":4}}},"2":{"name":"updateAddLiquidity","line":38,"loc":{"start":{"line":38,"column":4},"end":{"line":50,"column":4}}},"3":{"name":"updateFeeGrowth","line":56,"loc":{"start":{"line":56,"column":4},"end":{"line":63,"column":4}}},"4":{"name":"updateAMMReserve","line":71,"loc":{"start":{"line":71,"column":4},"end":{"line":86,"column":4}}}},"statementMap":{"1":{"start":{"line":42,"column":8},"end":{"line":42,"column":1238}},"2":{"start":{"line":81,"column":8},"end":{"line":81,"column":2578}}},"branchMap":{"1":{"line":42,"type":"if","locations":[{"start":{"line":42,"column":8},"end":{"line":42,"column":8}},{"start":{"line":42,"column":8},"end":{"line":42,"column":8}}]},"2":{"line":81,"type":"if","locations":[{"start":{"line":81,"column":8},"end":{"line":81,"column":8}},{"start":{"line":81,"column":8},"end":{"line":81,"column":8}}]}}},
"contracts/libraries/amm/LiquidityMath.sol":{"l":{"21":228,"22":58,"24":170,"41":228,"42":53,"44":175,"63":94,"83":94,"101":87,"119":87,"137":517,"150":116,"151":116,"164":32,"181":26,"197":65,"210":69,"223":142,"236":0,"237":0,"239":0,"253":42,"272":33,"290":49,"306":49,"324":0,"343":0},"path":"/Users/ndtrung/work/block_chain/matching-engine/contracts/libraries/amm/LiquidityMath.sol","s":{"1":228,"2":58,"3":170,"4":228,"5":53,"6":175,"7":94,"8":94,"9":87,"10":87,"11":517,"12":32,"13":26,"14":65,"15":69,"16":142,"17":0,"18":0,"19":0,"20":42,"21":33,"22":49,"23":49,"24":0,"25":0},"b":{"1":[58,170],"2":[53,175],"3":[13,103],"4":[0,0]},"f":{"1":228,"2":228,"3":94,"4":94,"5":87,"6":87,"7":517,"8":116,"9":32,"10":26,"11":65,"12":69,"13":142,"14":0,"15":42,"16":33,"17":49,"18":49,"19":0,"20":0},"fnMap":{"1":{"name":"calculateBaseReal","line":16,"loc":{"start":{"line":16,"column":4},"end":{"line":29,"column":4}}},"2":{"name":"calculateQuoteReal","line":36,"loc":{"start":{"line":36,"column":4},"end":{"line":49,"column":4}}},"3":{"name":"calculateBaseWithPriceWhenSell","line":58,"loc":{"start":{"line":58,"column":4},"end":{"line":71,"column":4}}},"4":{"name":"calculateQuoteWithPriceWhenSell","line":78,"loc":{"start":{"line":78,"column":4},"end":{"line":89,"column":4}}},"5":{"name":"calculateBaseWithPriceWhenBuy","line":96,"loc":{"start":{"line":96,"column":4},"end":{"line":107,"column":4}}},"6":{"name":"calculateQuoteWithPriceWhenBuy","line":114,"loc":{"start":{"line":114,"column":4},"end":{"line":126,"column":4}}},"7":{"name":"calculateIndexPipRange","line":132,"loc":{"start":{"line":132,"column":4},"end":{"line":138,"column":4}}},"8":{"name":"calculatePipRange","line":145,"loc":{"start":{"line":145,"column":4},"end":{"line":152,"column":4}}},"9":{"name":"calculateBaseBuyAndQuoteSellWithoutTargetPrice","line":159,"loc":{"start":{"line":159,"column":4},"end":{"line":169,"column":4}}},"10":{"name":"calculateQuoteBuyAndBaseSellWithoutTargetPrice","line":176,"loc":{"start":{"line":176,"column":4},"end":{"line":187,"column":4}}},"11":{"name":"calculateKWithQuote","line":192,"loc":{"start":{"line":192,"column":4},"end":{"line":200,"column":4}}},"12":{"name":"calculateKWithBase","line":205,"loc":{"start":{"line":205,"column":4},"end":{"line":213,"column":4}}},"13":{"name":"calculateKWithBaseAndQuote","line":218,"loc":{"start":{"line":218,"column":4},"end":{"line":224,"column":4}}},"14":{"name":"calculateLiquidity","line":231,"loc":{"start":{"line":231,"column":4},"end":{"line":241,"column":4}}},"15":{"name":"calculateBaseByLiquidity","line":248,"loc":{"start":{"line":248,"column":4},"end":{"line":260,"column":4}}},"16":{"name":"calculateQuoteByLiquidity","line":267,"loc":{"start":{"line":267,"column":4},"end":{"line":278,"column":4}}},"17":{"name":"calculateBaseRealByLiquidity","line":285,"loc":{"start":{"line":285,"column":4},"end":{"line":294,"column":4}}},"18":{"name":"calculateQuoteRealByLiquidity","line":301,"loc":{"start":{"line":301,"column":4},"end":{"line":310,"column":4}}},"19":{"name":"calculateQuoteVirtualAmountFromBaseVirtualAmount","line":318,"loc":{"start":{"line":318,"column":4},"end":{"line":329,"column":4}}},"20":{"name":"calculateBaseVirtualAmountFromQuoteVirtualAmount","line":337,"loc":{"start":{"line":337,"column":4},"end":{"line":348,"column":4}}}},"statementMap":{"1":{"start":{"line":21,"column":8},"end":{"line":21,"column":587}},"2":{"start":{"line":22,"column":12},"end":{"line":22,"column":20}},"3":{"start":{"line":24,"column":8},"end":{"line":24,"column":670}},"4":{"start":{"line":41,"column":8},"end":{"line":41,"column":1236}},"5":{"start":{"line":42,"column":12},"end":{"line":42,"column":20}},"6":{"start":{"line":44,"column":8},"end":{"line":44,"column":1319}},"7":{"start":{"line":63,"column":8},"end":{"line":63,"column":2024}},"8":{"start":{"line":83,"column":8},"end":{"line":83,"column":2780}},"9":{"start":{"line":101,"column":8},"end":{"line":101,"column":3420}},"10":{"start":{"line":119,"column":8},"end":{"line":119,"column":4061}},"11":{"start":{"line":137,"column":8},"end":{"line":137,"column":38}},"12":{"start":{"line":164,"column":8},"end":{"line":164,"column":5583}},"13":{"start":{"line":181,"column":8},"end":{"line":181,"column":6183}},"14":{"start":{"line":197,"column":8},"end":{"line":197,"column":6707}},"15":{"start":{"line":210,"column":8},"end":{"line":210,"column":7099}},"16":{"start":{"line":223,"column":8},"end":{"line":223,"column":53}},"17":{"start":{"line":236,"column":8},"end":{"line":236,"column":7893}},"18":{"start":{"line":237,"column":12},"end":{"line":237,"column":59}},"19":{"start":{"line":239,"column":12},"end":{"line":239,"column":59}},"20":{"start":{"line":253,"column":8},"end":{"line":253,"column":8451}},"21":{"start":{"line":272,"column":8},"end":{"line":272,"column":9106}},"22":{"start":{"line":290,"column":8},"end":{"line":290,"column":9736}},"23":{"start":{"line":306,"column":8},"end":{"line":306,"column":10299}},"24":{"start":{"line":324,"column":8},"end":{"line":324,"column":11030}},"25":{"start":{"line":343,"column":8},"end":{"line":343,"column":11814}}},"branchMap":{"1":{"line":21,"type":"if","locations":[{"start":{"line":21,"column":8},"end":{"line":21,"column":8}},{"start":{"line":21,"column":8},"end":{"line":21,"column":8}}]},"2":{"line":41,"type":"if","locations":[{"start":{"line":41,"column":8},"end":{"line":41,"column":8}},{"start":{"line":41,"column":8},"end":{"line":41,"column":8}}]},"3":{"line":150,"type":"if","locations":[{"start":{"line":150,"column":40},"end":{"line":150,"column":40}},{"start":{"line":150,"column":44},"end":{"line":150,"column":69}}]},"4":{"line":236,"type":"if","locations":[{"start":{"line":236,"column":8},"end":{"line":236,"column":8}},{"start":{"line":236,"column":8},"end":{"line":236,"column":8}}]}}},
"contracts/libraries/exchange/BitMath.sol":{"l":{"14":113,"16":113,"17":56,"18":56,"20":113,"21":70,"22":70,"24":113,"25":55,"26":55,"28":113,"29":40,"30":40,"32":113,"33":28,"34":28,"36":113,"37":42,"38":42,"40":113,"41":30,"42":30,"44":113,"54":144,"56":144,"57":144,"58":47,"60":97,"62":144,"63":45,"65":99,"67":144,"68":75,"70":69,"72":144,"73":61,"75":83,"77":144,"78":85,"80":59,"82":144,"83":112,"85":32,"87":144,"88":116,"90":28,"92":144},"path":"/Users/ndtrung/work/block_chain/matching-engine/contracts/libraries/exchange/BitMath.sol","s":{"1":113,"2":113,"3":113,"4":113,"5":113,"6":113,"7":113,"8":113,"9":113,"10":144,"11":144,"12":144,"13":144,"14":144,"15":144,"16":144,"17":144,"18":144},"b":{"1":[113,0],"2":[56,57],"3":[70,43],"4":[55,58],"5":[40,73],"6":[28,85],"7":[42,71],"8":[30,83],"9":[27,86],"10":[144,0],"11":[47,97],"12":[45,99],"13":[75,69],"14":[61,83],"15":[85,59],"16":[112,32],"17":[116,28],"18":[114,30]},"f":{"1":113,"2":144},"fnMap":{"1":{"name":"mostSignificantBit","line":13,"loc":{"start":{"line":13,"column":4},"end":{"line":45,"column":4}}},"2":{"name":"leastSignificantBit","line":53,"loc":{"start":{"line":53,"column":4},"end":{"line":93,"column":4}}}},"statementMap":{"1":{"start":{"line":14,"column":8},"end":{"line":14,"column":21}},"2":{"start":{"line":16,"column":8},"end":{"line":16,"column":779}},"3":{"start":{"line":20,"column":8},"end":{"line":20,"column":890}},"4":{"start":{"line":24,"column":8},"end":{"line":24,"column":983}},"5":{"start":{"line":28,"column":8},"end":{"line":28,"column":1068}},"6":{"start":{"line":32,"column":8},"end":{"line":32,"column":1149}},"7":{"start":{"line":36,"column":8},"end":{"line":36,"column":1226}},"8":{"start":{"line":40,"column":8},"end":{"line":40,"column":1302}},"9":{"start":{"line":44,"column":8},"end":{"line":44,"column":28}},"10":{"start":{"line":54,"column":8},"end":{"line":54,"column":21}},"11":{"start":{"line":57,"column":8},"end":{"line":57,"column":2019}},"12":{"start":{"line":62,"column":8},"end":{"line":62,"column":2132}},"13":{"start":{"line":67,"column":8},"end":{"line":67,"column":2242}},"14":{"start":{"line":72,"column":8},"end":{"line":72,"column":2352}},"15":{"start":{"line":77,"column":8},"end":{"line":77,"column":2462}},"16":{"start":{"line":82,"column":8},"end":{"line":82,"column":2569}},"17":{"start":{"line":87,"column":8},"end":{"line":87,"column":2664}},"18":{"start":{"line":92,"column":8},"end":{"line":92,"column":31}}},"branchMap":{"1":{"line":14,"type":"if","locations":[{"start":{"line":14,"column":8},"end":{"line":14,"column":8}},{"start":{"line":14,"column":8},"end":{"line":14,"column":8}}]},"2":{"line":16,"type":"if","locations":[{"start":{"line":16,"column":8},"end":{"line":16,"column":8}},{"start":{"line":16,"column":8},"end":{"line":16,"column":8}}]},"3":{"line":20,"type":"if","locations":[{"start":{"line":20,"column":8},"end":{"line":20,"column":8}},{"start":{"line":20,"column":8},"end":{"line":20,"column":8}}]},"4":{"line":24,"type":"if","locations":[{"start":{"line":24,"column":8},"end":{"line":24,"column":8}},{"start":{"line":24,"column":8},"end":{"line":24,"column":8}}]},"5":{"line":28,"type":"if","locations":[{"start":{"line":28,"column":8},"end":{"line":28,"column":8}},{"start":{"line":28,"column":8},"end":{"line":28,"column":8}}]},"6":{"line":32,"type":"if","locations":[{"start":{"line":32,"column":8},"end":{"line":32,"column":8}},{"start":{"line":32,"column":8},"end":{"line":32,"column":8}}]},"7":{"line":36,"type":"if","locations":[{"start":{"line":36,"column":8},"end":{"line":36,"column":8}},{"start":{"line":36,"column":8},"end":{"line":36,"column":8}}]},"8":{"line":40,"type":"if","locations":[{"start":{"line":40,"column":8},"end":{"line":40,"column":8}},{"start":{"line":40,"column":8},"end":{"line":40,"column":8}}]},"9":{"line":44,"type":"if","locations":[{"start":{"line":44,"column":8},"end":{"line":44,"column":8}},{"start":{"line":44,"column":8},"end":{"line":44,"column":8}}]},"10":{"line":54,"type":"if","locations":[{"start":{"line":54,"column":8},"end":{"line":54,"column":8}},{"start":{"line":54,"column":8},"end":{"line":54,"column":8}}]},"11":{"line":57,"type":"if","locations":[{"start":{"line":57,"column":8},"end":{"line":57,"column":8}},{"start":{"line":57,"column":8},"end":{"line":57,"column":8}}]},"12":{"line":62,"type":"if","locations":[{"start":{"line":62,"column":8},"end":{"line":62,"column":8}},{"start":{"line":62,"column":8},"end":{"line":62,"column":8}}]},"13":{"line":67,"type":"if","locations":[{"start":{"line":67,"column":8},"end":{"line":67,"column":8}},{"start":{"line":67,"column":8},"end":{"line":67,"column":8}}]},"14":{"line":72,"type":"if","locations":[{"start":{"line":72,"column":8},"end":{"line":72,"column":8}},{"start":{"line":72,"column":8},"end":{"line":72,"column":8}}]},"15":{"line":77,"type":"if","locations":[{"start":{"line":77,"column":8},"end":{"line":77,"column":8}},{"start":{"line":77,"column":8},"end":{"line":77,"column":8}}]},"16":{"line":82,"type":"if","locations":[{"start":{"line":82,"column":8},"end":{"line":82,"column":8}},{"start":{"line":82,"column":8},"end":{"line":82,"column":8}}]},"17":{"line":87,"type":"if","locations":[{"start":{"line":87,"column":8},"end":{"line":87,"column":8}},{"start":{"line":87,"column":8},"end":{"line":87,"column":8}}]},"18":{"line":92,"type":"if","locations":[{"start":{"line":92,"column":8},"end":{"line":92,"column":8}},{"start":{"line":92,"column":8},"end":{"line":92,"column":8}}]}}},
"contracts/libraries/exchange/LimitOrder.sol":{"l":{"26":381,"27":381,"28":381,"39":275,"40":275,"50":52,"59":0,"60":0,"61":0},"path":"/Users/ndtrung/work/block_chain/matching-engine/contracts/libraries/exchange/LimitOrder.sol","s":{"1":0},"b":{"1":[127,148]},"f":{"1":381,"2":275,"3":52,"4":0},"fnMap":{"1":{"name":"getData","line":17,"loc":{"start":{"line":17,"column":4},"end":{"line":29,"column":4}}},"2":{"name":"update","line":34,"loc":{"start":{"line":34,"column":4},"end":{"line":41,"column":4}}},"3":{"name":"updatePartialFill","line":45,"loc":{"start":{"line":45,"column":4},"end":{"line":51,"column":4}}},"4":{"name":"updateWhenClose","line":55,"loc":{"start":{"line":55,"column":4},"end":{"line":62,"column":4}}}},"statementMap":{"1":{"start":{"line":61,"column":8},"end":{"line":61,"column":35}}},"branchMap":{"1":{"line":39,"type":"if","locations":[{"start":{"line":39,"column":29},"end":{"line":39,"column":29}},{"start":{"line":39,"column":33},"end":{"line":39,"column":33}}]}}},
"contracts/libraries/exchange/LiquidityBitmap.sol":{"l":{"19":12803,"20":12803,"33":333,"35":150,"37":150,"38":150,"42":150,"44":150,"49":183,"51":183,"52":183,"54":183,"56":183,"69":5,"70":5,"71":1,"72":1,"73":1,"78":3,"79":1,"84":1,"85":1,"89":0,"90":0,"91":0,"92":0,"96":0,"97":0,"98":0,"99":0,"104":4,"105":24,"106":2,"111":2,"112":2,"127":333,"128":333,"129":164,"130":97,"131":97,"136":8943,"137":87,"142":87,"143":56,"146":16,"148":25,"149":0,"150":0,"151":0,"155":67,"156":67,"157":57,"158":57,"159":52,"164":169,"165":8777,"166":164,"171":164,"172":132,"186":6,"187":6,"188":6,"189":6,"190":0,"195":0,"196":0,"197":0,"202":0,"203":0,"204":0,"205":0,"206":0,"211":0,"212":0,"213":0,"215":0,"220":0,"221":0,"224":6,"225":606,"226":6,"227":6,"232":6,"233":6,"234":6,"236":6,"237":7,"242":7,"243":1,"244":1,"246":6,"251":6,"254":6,"264":5088,"265":5088,"278":0,"279":0,"280":0,"283":0,"288":0,"290":0,"292":0,"295":0,"307":90,"308":77,"309":77,"310":77,"311":30,"312":30,"313":30,"315":77,"317":77,"318":4,"320":77,"321":77,"322":33,"329":44,"330":44,"331":44,"332":1519,"334":44,"346":7228,"347":7228,"348":7187,"350":41,"363":33,"366":2,"367":2,"374":33,"379":33,"392":88,"396":88},"path":"/Users/ndtrung/work/block_chain/matching-engine/contracts/libraries/exchange/LiquidityBitmap.sol","s":{"1":333,"2":150,"3":150,"4":150,"5":150,"6":183,"7":183,"8":183,"9":183,"10":5,"11":5,"12":1,"13":1,"14":1,"15":3,"16":1,"17":1,"18":0,"19":0,"20":0,"21":0,"22":0,"23":0,"24":4,"25":24,"26":2,"27":2,"28":333,"29":333,"30":164,"31":97,"32":97,"33":8943,"34":87,"35":56,"36":8856,"37":16,"38":25,"39":0,"40":0,"41":0,"42":25,"43":12,"44":67,"45":57,"46":52,"47":169,"48":8777,"49":164,"50":132,"51":8613,"52":23,"53":6,"54":6,"55":6,"56":6,"57":0,"58":0,"59":0,"60":0,"61":0,"62":0,"63":0,"64":0,"65":0,"66":6,"67":606,"68":6,"69":6,"70":6,"71":7,"72":6,"73":0,"74":6,"75":5088,"76":5088,"77":0,"78":0,"79":0,"80":0,"81":90,"82":13,"83":77,"84":30,"85":77,"86":77,"87":4,"88":77,"89":77,"90":44,"91":44,"92":7228,"93":7228,"94":33,"95":33,"96":33,"97":88,"98":88},"b":{"1":[150,183],"2":[113,37],"3":[144,39],"4":[1,4],"5":[1,0],"6":[1,2],"7":[1,0],"8":[0,0],"9":[0,0],"10":[0,0],"11":[0,0],"12":[2,22],"13":[2,0],"14":[164,169],"15":[97,67],"16":[87,8856],"17":[56,31],"18":[16,8840],"19":[0,25],"20":[0,0],"21":[12,13],"22":[57,10],"23":[52,5],"24":[164,8613],"25":[132,32],"26":[23,8590],"27":[0,6],"28":[0,0],"29":[0,0],"30":[0,0],"31":[0,0],"32":[0,0],"33":[6,600],"34":[6,0],"35":[1,6],"36":[0,6],"37":[0,0],"38":[13,77],"39":[30,47],"40":[4,73],"41":[33,44],"42":[42,2],"43":[7187,41],"44":[2,31]},"f":{"1":12803,"2":333,"3":5,"4":333,"5":6,"6":5088,"7":0,"8":90,"9":7228,"10":33,"11":88},"fnMap":{"1":{"name":"position","line":14,"loc":{"start":{"line":14,"column":4},"end":{"line":22,"column":4}}},"2":{"name":"findHasLiquidityInOneWords","line":28,"loc":{"start":{"line":28,"column":4},"end":{"line":60,"column":4}}},"3":{"name":"findHasLiquidityInMultipleWords","line":63,"loc":{"start":{"line":63,"column":4},"end":{"line":117,"column":4}}},"4":{"name":"findHasLiquidityInMultipleWordsWithLimitPip","line":120,"loc":{"start":{"line":120,"column":4},"end":{"line":177,"column":4}}},"5":{"name":"findAllLiquidityInMultipleWords","line":180,"loc":{"start":{"line":180,"column":4},"end":{"line":255,"column":4}}},"6":{"name":"hasLiquidity","line":259,"loc":{"start":{"line":259,"column":4},"end":{"line":266,"column":4}}},"7":{"name":"setBitsInRange","line":273,"loc":{"start":{"line":273,"column":4},"end":{"line":297,"column":4}}},"8":{"name":"unsetBitsRange","line":302,"loc":{"start":{"line":302,"column":4},"end":{"line":336,"column":4}}},"9":{"name":"toggleSingleBit","line":341,"loc":{"start":{"line":341,"column":4},"end":{"line":352,"column":4}}},"10":{"name":"unsetBitsFromLToR","line":358,"loc":{"start":{"line":358,"column":4},"end":{"line":380,"column":4}}},"11":{"name":"toggleLastMBits","line":385,"loc":{"start":{"line":385,"column":4},"end":{"line":397,"column":4}}}},"statementMap":{"1":{"start":{"line":33,"column":8},"end":{"line":33,"column":1145}},"2":{"start":{"line":35,"column":12},"end":{"line":35,"column":59}},"3":{"start":{"line":37,"column":12},"end":{"line":37,"column":60}},"4":{"start":{"line":38,"column":12},"end":{"line":38,"column":49}},"5":{"start":{"line":42,"column":12},"end":{"line":42,"column":42}},"6":{"start":{"line":49,"column":12},"end":{"line":49,"column":59}},"7":{"start":{"line":51,"column":12},"end":{"line":51,"column":47}},"8":{"start":{"line":52,"column":12},"end":{"line":52,"column":49}},"9":{"start":{"line":54,"column":12},"end":{"line":54,"column":42}},"10":{"start":{"line":69,"column":8},"end":{"line":69,"column":36}},"11":{"start":{"line":70,"column":8},"end":{"line":70,"column":2982}},"12":{"start":{"line":71,"column":12},"end":{"line":71,"column":3009}},"13":{"start":{"line":72,"column":16},"end":{"line":72,"column":37}},"14":{"start":{"line":73,"column":16},"end":{"line":73,"column":3090}},"15":{"start":{"line":78,"column":20},"end":{"line":78,"column":3262}},"16":{"start":{"line":84,"column":24},"end":{"line":84,"column":3528}},"17":{"start":{"line":85,"column":28},"end":{"line":85,"column":39}},"18":{"start":{"line":89,"column":16},"end":{"line":89,"column":3660}},"19":{"start":{"line":91,"column":20},"end":{"line":91,"column":3786}},"20":{"start":{"line":92,"column":24},"end":{"line":92,"column":35}},"21":{"start":{"line":96,"column":16},"end":{"line":96,"column":3913}},"22":{"start":{"line":98,"column":20},"end":{"line":98,"column":4037}},"23":{"start":{"line":99,"column":24},"end":{"line":99,"column":35}},"24":{"start":{"line":104,"column":12},"end":{"line":104,"column":4166}},"25":{"start":{"line":105,"column":16},"end":{"line":105,"column":4247}},"26":{"start":{"line":111,"column":20},"end":{"line":111,"column":4484}},"27":{"start":{"line":112,"column":24},"end":{"line":112,"column":35}},"28":{"start":{"line":127,"column":8},"end":{"line":127,"column":36}},"29":{"start":{"line":128,"column":8},"end":{"line":128,"column":4941}},"30":{"start":{"line":129,"column":12},"end":{"line":129,"column":4968}},"31":{"start":{"line":130,"column":16},"end":{"line":130,"column":37}},"32":{"start":{"line":131,"column":16},"end":{"line":131,"column":5049}},"33":{"start":{"line":136,"column":20},"end":{"line":136,"column":5240}},"34":{"start":{"line":142,"column":24},"end":{"line":142,"column":5487}},"35":{"start":{"line":143,"column":28},"end":{"line":143,"column":39}},"36":{"start":{"line":145,"column":27},"end":{"line":145,"column":5613}},"37":{"start":{"line":146,"column":24},"end":{"line":146,"column":39}},"38":{"start":{"line":148,"column":16},"end":{"line":148,"column":5754}},"39":{"start":{"line":150,"column":20},"end":{"line":150,"column":5852}},"40":{"start":{"line":151,"column":24},"end":{"line":151,"column":35}},"41":{"start":{"line":152,"column":27},"end":{"line":152,"column":35}},"42":{"start":{"line":153,"column":23},"end":{"line":153,"column":59}},"43":{"start":{"line":153,"column":51},"end":{"line":153,"column":59}},"44":{"start":{"line":156,"column":16},"end":{"line":156,"column":6048}},"45":{"start":{"line":158,"column":20},"end":{"line":158,"column":6172}},"46":{"start":{"line":159,"column":24},"end":{"line":159,"column":35}},"47":{"start":{"line":164,"column":12},"end":{"line":164,"column":6301}},"48":{"start":{"line":165,"column":16},"end":{"line":165,"column":6444}},"49":{"start":{"line":171,"column":20},"end":{"line":171,"column":6619}},"50":{"start":{"line":172,"column":24},"end":{"line":172,"column":35}},"51":{"start":{"line":174,"column":23},"end":{"line":174,"column":78}},"52":{"start":{"line":174,"column":63},"end":{"line":174,"column":78}},"53":{"start":{"line":186,"column":8},"end":{"line":186,"column":41}},"54":{"start":{"line":187,"column":8},"end":{"line":187,"column":25}},"55":{"start":{"line":188,"column":8},"end":{"line":188,"column":68}},"56":{"start":{"line":189,"column":8},"end":{"line":189,"column":7214}},"57":{"start":{"line":190,"column":12},"end":{"line":190,"column":7247}},"58":{"start":{"line":195,"column":16},"end":{"line":195,"column":7409}},"59":{"start":{"line":196,"column":20},"end":{"line":196,"column":32}},"60":{"start":{"line":202,"column":20},"end":{"line":202,"column":7690}},"61":{"start":{"line":205,"column":24},"end":{"line":205,"column":7814}},"62":{"start":{"line":211,"column":28},"end":{"line":211,"column":8072}},"63":{"start":{"line":220,"column":16},"end":{"line":220,"column":54}},"64":{"start":{"line":220,"column":41},"end":{"line":220,"column":54}},"65":{"start":{"line":221,"column":16},"end":{"line":221,"column":33}},"66":{"start":{"line":224,"column":12},"end":{"line":224,"column":8497}},"67":{"start":{"line":225,"column":16},"end":{"line":225,"column":8574}},"68":{"start":{"line":226,"column":20},"end":{"line":226,"column":32}},"69":{"start":{"line":232,"column":20},"end":{"line":232,"column":8850}},"70":{"start":{"line":236,"column":20},"end":{"line":236,"column":8988}},"71":{"start":{"line":242,"column":24},"end":{"line":242,"column":9223}},"72":{"start":{"line":251,"column":12},"end":{"line":251,"column":50}},"73":{"start":{"line":251,"column":37},"end":{"line":251,"column":50}},"74":{"start":{"line":254,"column":8},"end":{"line":254,"column":21}},"75":{"start":{"line":264,"column":8},"end":{"line":264,"column":56}},"76":{"start":{"line":265,"column":8},"end":{"line":265,"column":52}},"77":{"start":{"line":278,"column":8},"end":{"line":278,"column":68}},"78":{"start":{"line":279,"column":8},"end":{"line":279,"column":62}},"79":{"start":{"line":280,"column":8},"end":{"line":280,"column":10449}},"80":{"start":{"line":290,"column":12},"end":{"line":290,"column":10914}},"81":{"start":{"line":307,"column":8},"end":{"line":307,"column":78}},"82":{"start":{"line":307,"column":32},"end":{"line":307,"column":78}},"83":{"start":{"line":310,"column":8},"end":{"line":310,"column":11619}},"84":{"start":{"line":311,"column":12},"end":{"line":311,"column":32}},"85":{"start":{"line":315,"column":8},"end":{"line":315,"column":69}},"86":{"start":{"line":317,"column":8},"end":{"line":317,"column":11910}},"87":{"start":{"line":318,"column":12},"end":{"line":318,"column":54}},"88":{"start":{"line":320,"column":8},"end":{"line":320,"column":63}},"89":{"start":{"line":321,"column":8},"end":{"line":321,"column":12073}},"90":{"start":{"line":329,"column":12},"end":{"line":329,"column":44}},"91":{"start":{"line":331,"column":12},"end":{"line":331,"column":12443}},"92":{"start":{"line":346,"column":8},"end":{"line":346,"column":56}},"93":{"start":{"line":347,"column":8},"end":{"line":347,"column":12973}},"94":{"start":{"line":363,"column":8},"end":{"line":363,"column":13420}},"95":{"start":{"line":374,"column":8},"end":{"line":374,"column":61}},"96":{"start":{"line":379,"column":8},"end":{"line":379,"column":25}},"97":{"start":{"line":392,"column":8},"end":{"line":392,"column":34}},"98":{"start":{"line":396,"column":8},"end":{"line":396,"column":24}}},"branchMap":{"1":{"line":33,"type":"if","locations":[{"start":{"line":33,"column":8},"end":{"line":33,"column":8}},{"start":{"line":33,"column":8},"end":{"line":33,"column":8}}]},"2":{"line":45,"type":"if","locations":[{"start":{"line":45,"column":18},"end":{"line":45,"column":70}},{"start":{"line":46,"column":18},"end":{"line":46,"column":18}}]},"3":{"line":57,"type":"if","locations":[{"start":{"line":57,"column":18},"end":{"line":57,"column":71}},{"start":{"line":58,"column":18},"end":{"line":58,"column":18}}]},"4":{"line":70,"type":"if","locations":[{"start":{"line":70,"column":8},"end":{"line":70,"column":8}},{"start":{"line":70,"column":8},"end":{"line":70,"column":8}}]},"5":{"line":71,"type":"if","locations":[{"start":{"line":71,"column":12},"end":{"line":71,"column":12}},{"start":{"line":71,"column":12},"end":{"line":71,"column":12}}]},"6":{"line":78,"type":"if","locations":[{"start":{"line":78,"column":20},"end":{"line":78,"column":20}},{"start":{"line":78,"column":20},"end":{"line":78,"column":20}}]},"7":{"line":84,"type":"if","locations":[{"start":{"line":84,"column":24},"end":{"line":84,"column":24}},{"start":{"line":84,"column":24},"end":{"line":84,"column":24}}]},"8":{"line":89,"type":"if","locations":[{"start":{"line":89,"column":16},"end":{"line":89,"column":16}},{"start":{"line":89,"column":16},"end":{"line":89,"column":16}}]},"9":{"line":91,"type":"if","locations":[{"start":{"line":91,"column":20},"end":{"line":91,"column":20}},{"start":{"line":91,"column":20},"end":{"line":91,"column":20}}]},"10":{"line":96,"type":"if","locations":[{"start":{"line":96,"column":16},"end":{"line":96,"column":16}},{"start":{"line":96,"column":16},"end":{"line":96,"column":16}}]},"11":{"line":98,"type":"if","locations":[{"start":{"line":98,"column":20},"end":{"line":98,"column":20}},{"start":{"line":98,"column":20},"end":{"line":98,"column":20}}]},"12":{"line":105,"type":"if","locations":[{"start":{"line":105,"column":16},"end":{"line":105,"column":16}},{"start":{"line":105,"column":16},"end":{"line":105,"column":16}}]},"13":{"line":111,"type":"if","locations":[{"start":{"line":111,"column":20},"end":{"line":111,"column":20}},{"start":{"line":111,"column":20},"end":{"line":111,"column":20}}]},"14":{"line":128,"type":"if","locations":[{"start":{"line":128,"column":8},"end":{"line":128,"column":8}},{"start":{"line":128,"column":8},"end":{"line":128,"column":8}}]},"15":{"line":129,"type":"if","locations":[{"start":{"line":129,"column":12},"end":{"line":129,"column":12}},{"start":{"line":129,"column":12},"end":{"line":129,"column":12}}]},"16":{"line":136,"type":"if","locations":[{"start":{"line":136,"column":20},"end":{"line":136,"column":20}},{"start":{"line":136,"column":20},"end":{"line":136,"column":20}}]},"17":{"line":142,"type":"if","locations":[{"start":{"line":142,"column":24},"end":{"line":142,"column":24}},{"start":{"line":142,"column":24},"end":{"line":142,"column":24}}]},"18":{"line":145,"type":"if","locations":[{"start":{"line":145,"column":27},"end":{"line":145,"column":27}},{"start":{"line":145,"column":27},"end":{"line":145,"column":27}}]},"19":{"line":148,"type":"if","locations":[{"start":{"line":148,"column":16},"end":{"line":148,"column":16}},{"start":{"line":148,"column":16},"end":{"line":148,"column":16}}]},"20":{"line":150,"type":"if","locations":[{"start":{"line":150,"column":20},"end":{"line":150,"column":20}},{"start":{"line":150,"column":20},"end":{"line":150,"column":20}}]},"21":{"line":153,"type":"if","locations":[{"start":{"line":153,"column":23},"end":{"line":153,"column":23}},{"start":{"line":153,"column":23},"end":{"line":153,"column":23}}]},"22":{"line":156,"type":"if","locations":[{"start":{"line":156,"column":16},"end":{"line":156,"column":16}},{"start":{"line":156,"column":16},"end":{"line":156,"column":16}}]},"23":{"line":158,"type":"if","locations":[{"start":{"line":158,"column":20},"end":{"line":158,"column":20}},{"start":{"line":158,"column":20},"end":{"line":158,"column":20}}]},"24":{"line":165,"type":"if","locations":[{"start":{"line":165,"column":16},"end":{"line":165,"column":16}},{"start":{"line":165,"column":16},"end":{"line":165,"column":16}}]},"25":{"line":171,"type":"if","locations":[{"start":{"line":171,"column":20},"end":{"line":171,"column":20}},{"start":{"line":171,"column":20},"end":{"line":171,"column":20}}]},"26":{"line":174,"type":"if","locations":[{"start":{"line":174,"column":23},"end":{"line":174,"column":23}},{"start":{"line":174,"column":23},"end":{"line":174,"column":23}}]},"27":{"line":189,"type":"if","locations":[{"start":{"line":189,"column":8},"end":{"line":189,"column":8}},{"start":{"line":189,"column":8},"end":{"line":189,"column":8}}]},"28":{"line":195,"type":"if","locations":[{"start":{"line":195,"column":16},"end":{"line":195,"column":16}},{"start":{"line":195,"column":16},"end":{"line":195,"column":16}}]},"29":{"line":202,"type":"if","locations":[{"start":{"line":202,"column":20},"end":{"line":202,"column":20}},{"start":{"line":202,"column":20},"end":{"line":202,"column":20}}]},"30":{"line":211,"type":"if","locations":[{"start":{"line":211,"column":28},"end":{"line":211,"column":28}},{"start":{"line":211,"column":28},"end":{"line":211,"column":28}}]},"31":{"line":220,"type":"if","locations":[{"start":{"line":220,"column":16},"end":{"line":220,"column":16}},{"start":{"line":220,"column":16},"end":{"line":220,"column":16}}]},"32":{"line":221,"type":"if","locations":[{"start":{"line":221,"column":16},"end":{"line":221,"column":16}},{"start":{"line":221,"column":16},"end":{"line":221,"column":16}}]},"33":{"line":225,"type":"if","locations":[{"start":{"line":225,"column":16},"end":{"line":225,"column":16}},{"start":{"line":225,"column":16},"end":{"line":225,"column":16}}]},"34":{"line":232,"type":"if","locations":[{"start":{"line":232,"column":20},"end":{"line":232,"column":20}},{"start":{"line":232,"column":20},"end":{"line":232,"column":20}}]},"35":{"line":242,"type":"if","locations":[{"start":{"line":242,"column":24},"end":{"line":242,"column":24}},{"start":{"line":242,"column":24},"end":{"line":242,"column":24}}]},"36":{"line":251,"type":"if","locations":[{"start":{"line":251,"column":12},"end":{"line":251,"column":12}},{"start":{"line":251,"column":12},"end":{"line":251,"column":12}}]},"37":{"line":280,"type":"if","locations":[{"start":{"line":280,"column":8},"end":{"line":280,"column":8}},{"start":{"line":280,"column":8},"end":{"line":280,"column":8}}]},"38":{"line":307,"type":"if","locations":[{"start":{"line":307,"column":8},"end":{"line":307,"column":8}},{"start":{"line":307,"column":8},"end":{"line":307,"column":8}}]},"39":{"line":310,"type":"if","locations":[{"start":{"line":310,"column":8},"end":{"line":310,"column":8}},{"start":{"line":310,"column":8},"end":{"line":310,"column":8}}]},"40":{"line":317,"type":"if","locations":[{"start":{"line":317,"column":8},"end":{"line":317,"column":8}},{"start":{"line":317,"column":8},"end":{"line":317,"column":8}}]},"41":{"line":321,"type":"if","locations":[{"start":{"line":321,"column":8},"end":{"line":321,"column":8}},{"start":{"line":321,"column":8},"end":{"line":321,"column":8}}]},"42":{"line":329,"type":"if","locations":[{"start":{"line":329,"column":12},"end":{"line":329,"column":12}},{"start":{"line":329,"column":12},"end":{"line":329,"column":12}}]},"43":{"line":347,"type":"if","locations":[{"start":{"line":347,"column":8},"end":{"line":347,"column":8}},{"start":{"line":347,"column":8},"end":{"line":347,"column":8}}]},"44":{"line":363,"type":"if","locations":[{"start":{"line":363,"column":8},"end":{"line":363,"column":8}},{"start":{"line":363,"column":8},"end":{"line":363,"column":8}}]}}},
"contracts/libraries/exchange/SwapState.sol":{"l":{"51":170,"52":170,"53":170,"66":170,"69":170,"70":60,"72":31,"76":29,"91":333,"100":5,"101":4,"103":1,"114":163,"115":80,"117":83,"130":216,"131":70,"133":146,"142":216,"157":52,"158":18,"160":34,"173":71,"174":70,"175":70,"177":1,"178":1,"191":58,"192":58},"path":"/Users/ndtrung/work/block_chain/matching-engine/contracts/libraries/exchange/SwapState.sol","s":{"1":170,"2":170,"3":170,"4":170,"5":170,"6":60,"7":333,"8":5,"9":163,"10":216,"11":52,"12":71},"b":{"1":[60,110],"2":[31,29],"3":[5,21],"4":[21,8],"5":[4,1],"6":[80,83],"7":[70,146],"8":[146,0],"9":[214,2],"10":[18,34],"11":[70,1],"12":[57,1]},"f":{"1":170,"2":170,"3":333,"4":5,"5":163,"6":216,"7":52,"8":71,"9":58},"fnMap":{"1":{"name":"newAMMState","line":50,"loc":{"start":{"line":50,"column":4},"end":{"line":60,"column":4}}},"2":{"name":"beforeExecute","line":64,"loc":{"start":{"line":64,"column":4},"end":{"line":79,"column":4}}},"3":{"name":"isReachedMaxPip","line":86,"loc":{"start":{"line":86,"column":4},"end":{"line":95,"column":4}}},"4":{"name":"moveBack1Pip","line":99,"loc":{"start":{"line":99,"column":4},"end":{"line":105,"column":4}}},"5":{"name":"moveForward1Pip","line":110,"loc":{"start":{"line":110,"column":4},"end":{"line":119,"column":4}}},"6":{"name":"updateTradedSize","line":125,"loc":{"start":{"line":125,"column":4},"end":{"line":153,"column":4}}},"7":{"name":"reverseIsFullBuy","line":156,"loc":{"start":{"line":156,"column":4},"end":{"line":162,"column":4}}},"8":{"name":"updateAMMTradedSize","line":168,"loc":{"start":{"line":168,"column":4},"end":{"line":180,"column":4}}},"9":{"name":"ammFillAll","line":186,"loc":{"start":{"line":186,"column":4},"end":{"line":193,"column":4}}}},"statementMap":{"1":{"start":{"line":51,"column":8},"end":{"line":51,"column":42}},"2":{"start":{"line":52,"column":8},"end":{"line":52,"column":41}},"3":{"start":{"line":53,"column":8},"end":{"line":53,"column":1328}},"4":{"start":{"line":66,"column":8},"end":{"line":66,"column":1767}},"5":{"start":{"line":69,"column":8},"end":{"line":69,"column":1879}},"6":{"start":{"line":70,"column":12},"end":{"line":70,"column":2011}},"7":{"start":{"line":91,"column":8},"end":{"line":91,"column":2787}},"8":{"start":{"line":100,"column":8},"end":{"line":100,"column":3137}},"9":{"start":{"line":114,"column":8},"end":{"line":114,"column":3509}},"10":{"start":{"line":130,"column":8},"end":{"line":130,"column":3997}},"11":{"start":{"line":157,"column":8},"end":{"line":157,"column":4820}},"12":{"start":{"line":173,"column":8},"end":{"line":173,"column":5281}}},"branchMap":{"1":{"line":69,"type":"if","locations":[{"start":{"line":69,"column":8},"end":{"line":69,"column":8}},{"start":{"line":69,"column":8},"end":{"line":69,"column":8}}]},"2":{"line":70,"type":"if","locations":[{"start":{"line":70,"column":12},"end":{"line":70,"column":12}},{"start":{"line":70,"column":12},"end":{"line":70,"column":12}}]},"3":{"line":92,"type":"cond-expr","locations":[{"start":{"line":92,"column":12},"end":{"line":92,"column":62}},{"start":{"line":93,"column":12},"end":{"line":93,"column":63}}]},"4":{"line":92,"type":"cond-expr","locations":[{"start":{"line":92,"column":12},"end":{"line":93,"column":63}},{"start":{"line":94,"column":12},"end":{"line":94,"column":42}}]},"5":{"line":100,"type":"if","locations":[{"start":{"line":100,"column":8},"end":{"line":100,"column":8}},{"start":{"line":100,"column":8},"end":{"line":100,"column":8}}]},"6":{"line":114,"type":"if","locations":[{"start":{"line":114,"column":8},"end":{"line":114,"column":8}},{"start":{"line":114,"column":8},"end":{"line":114,"column":8}}]},"7":{"line":130,"type":"if","locations":[{"start":{"line":130,"column":8},"end":{"line":130,"column":8}},{"start":{"line":130,"column":8},"end":{"line":130,"column":8}}]},"8":{"line":134,"type":"if","locations":[{"start":{"line":134,"column":18},"end":{"line":134,"column":31}},{"start":{"line":135,"column":18},"end":{"line":139,"column":16}}]},"9":{"line":143,"type":"if","locations":[{"start":{"line":143,"column":14},"end":{"line":147,"column":12}},{"start":{"line":148,"column":14},"end":{"line":152,"column":12}}]},"10":{"line":157,"type":"if","locations":[{"start":{"line":157,"column":8},"end":{"line":157,"column":8}},{"start":{"line":157,"column":8},"end":{"line":157,"column":8}}]},"11":{"line":173,"type":"if","locations":[{"start":{"line":173,"column":8},"end":{"line":173,"column":8}},{"start":{"line":173,"column":8},"end":{"line":173,"column":8}}]},"12":{"line":192,"type":"if","locations":[{"start":{"line":192,"column":44},"end":{"line":192,"column":54}},{"start":{"line":192,"column":58},"end":{"line":192,"column":67}}]}}},
"contracts/libraries/exchange/TickPosition.sol":{"l":{"35":268,"36":268,"43":2,"44":2,"46":266,"48":268,"49":268,"59":0,"78":374,"79":374,"80":0,"82":351,"84":23,"93":52,"94":52,"95":52,"96":52,"97":52,"101":46,"103":52,"104":6,"106":6,"108":52,"109":51,"110":51,"112":52,"113":52,"114":52,"122":18,"123":18,"124":18,"125":18,"140":7,"143":7,"144":7,"146":7,"148":7},"path":"/Users/ndtrung/work/block_chain/matching-engine/contracts/libraries/exchange/TickPosition.sol","s":{"1":268,"2":268,"3":268,"4":0,"5":374,"6":374,"7":52,"8":52,"9":52,"10":52,"11":52,"12":52,"13":18,"14":7,"15":7,"16":7,"17":7},"b":{"1":[2,266],"2":[0,374],"3":[351,23],"4":[15,8],"5":[46,6],"6":[6,46],"7":[7,0]},"f":{"1":268,"2":0,"3":374,"4":52,"5":18,"6":7},"fnMap":{"1":{"name":"insertLimitOrder","line":29,"loc":{"start":{"line":29,"column":4},"end":{"line":50,"column":4}}},"2":{"name":"updateOrderWhenClose","line":55,"loc":{"start":{"line":55,"column":4},"end":{"line":60,"column":4}}},"3":{"name":"getQueueOrder","line":68,"loc":{"start":{"line":68,"column":4},"end":{"line":86,"column":4}}},"4":{"name":"partiallyFill","line":90,"loc":{"start":{"line":90,"column":4},"end":{"line":118,"column":4}}},"5":{"name":"fullFillLiquidity","line":121,"loc":{"start":{"line":121,"column":4},"end":{"line":128,"column":4}}},"6":{"name":"cancelLimitOrder","line":132,"loc":{"start":{"line":132,"column":4},"end":{"line":149,"column":4}}}},"statementMap":{"1":{"start":{"line":36,"column":8},"end":{"line":36,"column":1058}},"2":{"start":{"line":48,"column":8},"end":{"line":48,"column":65}},"3":{"start":{"line":49,"column":8},"end":{"line":49,"column":33}},"4":{"start":{"line":59,"column":8},"end":{"line":59,"column":59}},"5":{"start":{"line":79,"column":8},"end":{"line":79,"column":2568}},"6":{"start":{"line":81,"column":15},"end":{"line":81,"column":2663}},"7":{"start":{"line":95,"column":12},"end":{"line":95,"column":44}},"8":{"start":{"line":96,"column":12},"end":{"line":96,"column":33}},"9":{"start":{"line":97,"column":12},"end":{"line":97,"column":3201}},"10":{"start":{"line":103,"column":12},"end":{"line":103,"column":3375}},"11":{"start":{"line":108,"column":12},"end":{"line":108,"column":3597}},"12":{"start":{"line":114,"column":12},"end":{"line":114,"column":3797}},"13":{"start":{"line":122,"column":8},"end":{"line":122,"column":49}},"14":{"start":{"line":140,"column":8},"end":{"line":140,"column":4611}},"15":{"start":{"line":143,"column":8},"end":{"line":143,"column":4724}},"16":{"start":{"line":146,"column":8},"end":{"line":146,"column":64}},"17":{"start":{"line":148,"column":8},"end":{"line":148,"column":63}}},"branchMap":{"1":{"line":36,"type":"if","locations":[{"start":{"line":36,"column":8},"end":{"line":36,"column":8}},{"start":{"line":36,"column":8},"end":{"line":36,"column":8}}]},"2":{"line":79,"type":"if","locations":[{"start":{"line":79,"column":8},"end":{"line":79,"column":8}},{"start":{"line":79,"column":8},"end":{"line":79,"column":8}}]},"3":{"line":81,"type":"if","locations":[{"start":{"line":81,"column":15},"end":{"line":81,"column":15}},{"start":{"line":81,"column":15},"end":{"line":81,"column":15}}]},"4":{"line":84,"type":"if","locations":[{"start":{"line":84,"column":64},"end":{"line":84,"column":67}},{"start":{"line":84,"column":71},"end":{"line":84,"column":75}}]},"5":{"line":97,"type":"if","locations":[{"start":{"line":97,"column":12},"end":{"line":97,"column":12}},{"start":{"line":97,"column":12},"end":{"line":97,"column":12}}]},"6":{"line":103,"type":"if","locations":[{"start":{"line":103,"column":12},"end":{"line":103,"column":12}},{"start":{"line":103,"column":12},"end":{"line":103,"column":12}}]},"7":{"line":143,"type":"if","locations":[{"start":{"line":143,"column":8},"end":{"line":143,"column":8}},{"start":{"line":143,"column":8},"end":{"line":143,"column":8}}]}}},
[...]
:156,"column":4},"end":{"line":196,"column":4}}},"7":{"name":"_isNeedSetPipNext","line":199,"loc":{"start":{"line":199,"column":4},"end":{"line":206,"column":4}}},"8":{"name":"_approveCounterParty","line":209,"loc":{"start":{"line":209,"column":4},"end":{"line":211,"column":4}}},"9":{"name":"increaseQuoteFeeFunding","line":214,"loc":{"start":{"line":214,"column":4},"end":{"line":220,"column":4}}},"10":{"name":"increaseBaseFeeFunding","line":223,"loc":{"start":{"line":223,"column":4},"end":{"line":229,"column":4}}},"11":{"name":"decreaseBaseFeeFunding","line":232,"loc":{"start":{"line":232,"column":4},"end":{"line":238,"column":4}}},"12":{"name":"decreaseQuoteFeeFunding","line":241,"loc":{"start":{"line":241,"column":4},"end":{"line":247,"column":4}}},"13":{"name":"accumulateClaimableAmount","line":250,"loc":{"start":{"line":250,"column":4},"end":{"line":279,"column":4}}},"14":{"name":"_msgSender","line":281,"loc":{"start":{"line":281,"column":4},"end":{"line":283,"column":4}}},"15":{"name":"_basisPoint","line":286,"loc":{"start":{"line":286,"column":4},"end":{"line":293,"column":4}}},"16":{"name":"getCurrentPip","line":296,"loc":{"start":{"line":296,"column":4},"end":{"line":303,"column":4}}},"17":{"name":"_getPipRange","line":305,"loc":{"start":{"line":305,"column":4},"end":{"line":312,"column":4}}},"18":{"name":"_getRangeFindingWordsAmm","line":314,"loc":{"start":{"line":314,"column":4},"end":{"line":321,"column":4}}},"19":{"name":"_calculatePipLimitWhenFindPipNext","line":323,"loc":{"start":{"line":323,"column":4},"end":{"line":339,"column":4}}},"20":{"name":"emitEventSwap","line":342,"loc":{"start":{"line":342,"column":4},"end":{"line":368,"column":4}}},"21":{"name":"calculatingQuoteAmount","line":371,"loc":{"start":{"line":371,"column":4},"end":{"line":378,"column":4}}}},"statementMap":{"1":{"start":{"line":31,"column":8},"end":{"line":31,"column":62}},"2":{"start":{"line":36,"column":8},"end":{"line":36,"column":1070}},"3":{"start":{"line":42,"column":8},"end":{"line":42,"column":1226}},"4":{"start":{"line":47,"column":8},"end":{"line":47,"column":52}},"5":{"start":{"line":49,"column":8},"end":{"line":49,"column":1420}},"6":{"start":{"line":51,"column":15},"end":{"line":51,"column":1506}},"7":{"start":{"line":55,"column":8},"end":{"line":55,"column":72}},"8":{"start":{"line":56,"column":8},"end":{"line":56,"column":71}},"9":{"start":{"line":58,"column":8},"end":{"line":58,"column":64}},"10":{"start":{"line":59,"column":8},"end":{"line":59,"column":63}},"11":{"start":{"line":69,"column":8},"end":{"line":69,"column":2109}},"12":{"start":{"line":94,"column":8},"end":{"line":94,"column":2788}},"13":{"start":{"line":95,"column":12},"end":{"line":95,"column":33}},"14":{"start":{"line":98,"column":8},"end":{"line":98,"column":2886}},"15":{"start":{"line":104,"column":8},"end":{"line":104,"column":3061}},"16":{"start":{"line":105,"column":12},"end":{"line":105,"column":75}},"17":{"start":{"line":165,"column":8},"end":{"line":165,"column":5145}},"18":{"start":{"line":171,"column":8},"end":{"line":171,"column":22}},"19":{"start":{"line":173,"column":8},"end":{"line":173,"column":5295}},"20":{"start":{"line":178,"column":15},"end":{"line":178,"column":5496}},"21":{"start":{"line":185,"column":8},"end":{"line":185,"column":5734}},"22":{"start":{"line":187,"column":8},"end":{"line":187,"column":60}},"23":{"start":{"line":189,"column":8},"end":{"line":189,"column":5863}},"24":{"start":{"line":190,"column":12},"end":{"line":190,"column":47}},"25":{"start":{"line":191,"column":15},"end":{"line":191,"column":5975}},"26":{"start":{"line":192,"column":12},"end":{"line":192,"column":48}},"27":{"start":{"line":195,"column":8},"end":{"line":195,"column":42}},"28":{"start":{"line":205,"column":8},"end":{"line":205,"column":19}},"29":{"start":{"line":210,"column":8},"end":{"line":210,"column":48}},"30":{"start":{"line":218,"column":8},"end":{"line":218,"column":26}},"31":{"start":{"line":219,"column":8},"end":{"line":219,"column":46}},"32":{"start":{"line":227,"column":8},"end":{"line":227,"column":26}},"33":{"start":{"line":228,"column":8},"end":{"line":228,"column":44}},"34":{"start":{"line":236,"column":8},"end":{"line":236,"column":26}},"35":{"start":{"line":237,"column":8},"end":{"line":237,"column":45}},"36":{"start":{"line":245,"column":8},"end":{"line":245,"column":26}},"37":{"start":{"line":246,"column":8},"end":{"line":246,"column":45}},"38":{"start":{"line":258,"column":8},"end":{"line":258,"column":7705}},"39":{"start":{"line":264,"column":8},"end":{"line":264,"column":64}},"40":{"start":{"line":266,"column":12},"end":{"line":266,"column":7924}},"41":{"start":{"line":278,"column":8},"end":{"line":278,"column":21}},"42":{"start":{"line":282,"column":8},"end":{"line":282,"column":25}},"43":{"start":{"line":292,"column":8},"end":{"line":292,"column":25}},"44":{"start":{"line":302,"column":8},"end":{"line":302,"column":29}},"45":{"start":{"line":311,"column":8},"end":{"line":311,"column":23}},"46":{"start":{"line":320,"column":8},"end":{"line":320,"column":35}},"47":{"start":{"line":328,"column":8},"end":{"line":328,"column":9393}},"48":{"start":{"line":330,"column":14},"end":{"line":330,"column":9467}},"49":{"start":{"line":331,"column":12},"end":{"line":331,"column":9496}},"50":{"start":{"line":332,"column":16},"end":{"line":332,"column":24}},"51":{"start":{"line":348,"column":8},"end":{"line":348,"column":25}},"52":{"start":{"line":349,"column":8},"end":{"line":349,"column":25}},"53":{"start":{"line":350,"column":8},"end":{"line":350,"column":26}},"54":{"start":{"line":351,"column":8},"end":{"line":351,"column":26}},"55":{"start":{"line":353,"column":8},"end":{"line":353,"column":10101}},"56":{"start":{"line":360,"column":8},"end":{"line":360,"column":10302}},"57":{"start":{"line":377,"column":8},"end":{"line":377,"column":66}}},"branchMap":{"1":{"line":49,"type":"if","locations":[{"start":{"line":49,"column":8},"end":{"line":49,"column":8}},{"start":{"line":49,"column":8},"end":{"line":49,"column":8}}]},"2":{"line":51,"type":"if","locations":[{"start":{"line":51,"column":15},"end":{"line":51,"column":15}},{"start":{"line":51,"column":15},"end":{"line":51,"column":15}}]},"3":{"line":94,"type":"if","locations":[{"start":{"line":94,"column":8},"end":{"line":94,"column":8}},{"start":{"line":94,"column":8},"end":{"line":94,"column":8}}]},"4":{"line":104,"type":"if","locations":[{"start":{"line":104,"column":8},"end":{"line":104,"column":8}},{"start":{"line":104,"column":8},"end":{"line":104,"column":8}}]},"5":{"line":105,"type":"if","locations":[{"start":{"line":105,"column":12},"end":{"line":105,"column":12}},{"start":{"line":105,"column":12},"end":{"line":105,"column":12}}]},"6":{"line":173,"type":"if","locations":[{"start":{"line":173,"column":8},"end":{"line":173,"column":8}},{"start":{"line":173,"column":8},"end":{"line":173,"column":8}}]},"7":{"line":174,"type":"cond-expr","locations":[{"start":{"line":174,"column":13},"end":{"line":174,"column":29}},{"start":{"line":174,"column":34},"end":{"line":174,"column":52}}]},"8":{"line":178,"type":"if","locations":[{"start":{"line":178,"column":15},"end":{"line":178,"column":15}},{"start":{"line":178,"column":15},"end":{"line":178,"column":15}}]},"9":{"line":179,"type":"cond-expr","locations":[{"start":{"line":179,"column":13},"end":{"line":179,"column":30}},{"start":{"line":179,"column":35},"end":{"line":179,"column":52}}]},"10":{"line":189,"type":"if","locations":[{"start":{"line":189,"column":8},"end":{"line":189,"column":8}},{"start":{"line":189,"column":8},"end":{"line":189,"column":8}}]},"11":{"line":189,"type":"cond-expr","locations":[{"start":{"line":189,"column":12},"end":{"line":189,"column":28}},{"start":{"line":189,"column":33},"end":{"line":189,"column":50}}]},"12":{"line":191,"type":"if","locations":[{"start":{"line":191,"column":15},"end":{"line":191,"column":15}},{"start":{"line":191,"column":15},"end":{"line":191,"column":15}}]},"13":{"line":191,"type":"cond-expr","locations":[{"start":{"line":191,"column":19},"end":{"line":191,"column":37}},{"start":{"line":191,"column":42},"end":{"line":191,"column":59}}]},"14":{"line":264,"type":"if","locations":[{"start":{"line":264,"column":40},"end":{"line":264,"column":47}},{"start":{"line":264,"column":51},"end":{"line":264,"column":63}}]},"15":{"line":266,"type":"if","locations":[{"start":{"line":266,"column":12},"end":{"line":266,"column":12}},{"start":{"line":266,"column":12},"end":{"line":266,"column":12}}]},"16":{"line":328,"type":"if","locations":[{"start":{"line":328,"column":8},"end":{"line":328,"column":8}},{"start":{"line":328,"column":8},"end":{"line":328,"column":8}}]},"17":{"line":330,"type":"if","locations":[{"start":{"line":330,"column":14},"end":{"line":330,"column":14}},{"start":{"line":330,"column":14},"end":{"line":330,"column":14}}]},"18":{"line":331,"type":"if","locations":[{"start":{"line":331,"column":12},"end":{"line":331,"column":12}},{"start":{"line":331,"column":12},"end":{"line":331,"column":12}}]},"19":{"line":353,"type":"if","locations":[{"start":{"line":353,"column":8},"end":{"line":353,"column":8}},{"start":{"line":353,"column":8},"end":{"line":353,"column":8}}]}}},
"contracts/test/LiquidityBitmapTest.sol":{"l":{"12":4105,"16":0,"20":21,"24":6940,"32":9,"40":5},"path":"/Users/ndtrung/work/block_chain/matching-engine/contracts/test/LiquidityBitmapTest.sol","s":{"1":4105,"2":0,"3":21,"4":6940},"b":{},"f":{"1":4105,"2":0,"3":21,"4":6940,"5":9,"6":5},"fnMap":{"1":{"name":"hasLiquidity","line":11,"loc":{"start":{"line":11,"column":4},"end":{"line":13,"column":4}}},"2":{"name":"setBitsInRange","line":15,"loc":{"start":{"line":15,"column":4},"end":{"line":17,"column":4}}},"3":{"name":"unsetBitsRange","line":19,"loc":{"start":{"line":19,"column":4},"end":{"line":21,"column":4}}},"4":{"name":"toggleSingleBit","line":23,"loc":{"start":{"line":23,"column":4},"end":{"line":25,"column":4}}},"5":{"name":"findNextInitializedLiquidity","line":27,"loc":{"start":{"line":27,"column":4},"end":{"line":33,"column":4}}},"6":{"name":"findHasLiquidityInMultipleWords","line":35,"loc":{"start":{"line":35,"column":4},"end":{"line":45,"column":4}}}},"statementMap":{"1":{"start":{"line":12,"column":8},"end":{"line":12,"column":48}},"2":{"start":{"line":16,"column":8},"end":{"line":16,"column":54}},"3":{"start":{"line":20,"column":8},"end":{"line":20,"column":54}},"4":{"start":{"line":24,"column":8},"end":{"line":24,"column":50}}},"branchMap":{}},
"contracts/test/LiquidityMathTest.sol":{"l":{"17":1,"18":1,"20":1,"33":1,"34":1,"39":1,"52":1,"56":1,"61":1,"74":1,"78":1,"83":1,"96":1,"100":1,"105":1,"118":1,"122":1,"126":1,"139":0,"140":0,"148":0,"149":0,"150":0,"163":0,"164":0,"165":0,"178":12,"186":12,"187":0,"191":12,"192":12,"193":12,"194":0,"195":0,"197":12,"198":12,"199":12,"201":12,"202":6,"203":6,"205":12,"206":6,"207":6,"209":12,"210":6,"211":6,"213":12,"214":6,"215":6,"217":12,"218":5,"222":12,"223":12,"224":12,"225":12,"226":12,"227":12,"228":12,"229":12,"230":12,"231":12},"path":"/Users/ndtrung/work/block_chain/matching-engine/contracts/test/LiquidityMathTest.sol","s":{"1":1,"2":1,"3":1,"4":1,"5":1,"6":1,"7":1,"8":1,"9":1,"10":1,"11":1,"12":1,"13":1,"14":1,"15":1,"16":1,"17":1,"18":1,"19":0,"20":0,"21":0,"22":0,"23":0,"24":0,"25":0,"26":0,"27":12,"28":12,"29":0,"30":12,"31":12,"32":12,"33":12,"34":12,"35":12,"36":12,"37":12,"38":12,"39":12},"b":{"1":[0,12],"2":[0,12],"3":[12,0],"4":[6,6],"5":[6,6],"6":[6,6],"7":[6,6],"8":[5,7],"9":[6,6]},"f":{"1":1,"2":1,"3":1,"4":1,"5":1,"6":1,"7":0,"8":0,"9":0,"10":12,"11":12},"fnMap":{"1":{"name":"calculateBaseReal","line":12,"loc":{"start":{"line":12,"column":4},"end":{"line":26,"column":4}}},"2":{"name":"calculateQuoteReal","line":28,"loc":{"start":{"line":28,"column":4},"end":{"line":45,"column":4}}},"3":{"name":"calculateBaseWithPriceWhenSell","line":47,"loc":{"start":{"line":47,"column":4},"end":{"line":67,"column":4}}},"4":{"name":"calculateQuoteWithPriceWhenSell","line":69,"loc":{"start":{"line":69,"column":4},"end":{"line":89,"column":4}}},"5":{"name":"calculateBaseWithPriceWhenBuy","line":91,"loc":{"start":{"line":91,"column":4},"end":{"line":111,"column":4}}},"6":{"name":"calculateQuoteWithPriceWhenBuy","line":113,"loc":{"start":{"line":113,"column":4},"end":{"line":132,"column":4}}},"7":{"name":"calculateLiquidity","line":134,"loc":{"start":{"line":134,"column":4},"end":{"line":141,"column":4}}},"8":{"name":"calculateBaseByLiquidity","line":143,"loc":{"start":{"line":143,"column":4},"end":{"line":156,"column":4}}},"9":{"name":"calculateQuoteByLiquidity","line":158,"loc":{"start":{"line":158,"column":4},"end":{"line":171,"column":4}}},"10":{"name":"_calculateSqrtPrice","line":173,"loc":{"start":{"line":173,"column":4},"end":{"line":179,"column":4}}},"11":{"name":"sqrt","line":185,"loc":{"start":{"line":185,"column":4},"end":{"line":233,"column":4}}}},"statementMap":{"1":{"start":{"line":17,"column":8},"end":{"line":17,"column":67}},"2":{"start":{"line":18,"column":8},"end":{"line":18,"column":79}},"3":{"start":{"line":20,"column":8},"end":{"line":20,"column":563}},"4":{"start":{"line":33,"column":8},"end":{"line":33,"column":71}},"5":{"start":{"line":34,"column":8},"end":{"line":34,"column":959}},"6":{"start":{"line":39,"column":8},"end":{"line":39,"column":1083}},"7":{"start":{"line":52,"column":8},"end":{"line":52,"column":1425}},"8":{"start":{"line":56,"column":8},"end":{"line":56,"column":1542}},"9":{"start":{"line":61,"column":8},"end":{"line":61,"column":1679}},"10":{"start":{"line":74,"column":8},"end":{"line":74,"column":2040}},"11":{"start":{"line":78,"column":8},"end":{"line":78,"column":2157}},"12":{"start":{"line":83,"column":8},"end":{"line":83,"column":2281}},"13":{"start":{"line":96,"column":8},"end":{"line":96,"column":2640}},"14":{"start":{"line":100,"column":8},"end":{"line":100,"column":2757}},"15":{"start":{"line":105,"column":8},"end":{"line":105,"column":2881}},"16":{"start":{"line":118,"column":8},"end":{"line":118,"column":3238}},"17":{"start":{"line":122,"column":8},"end":{"line":122,"column":3355}},"18":{"start":{"line":126,"column":8},"end":{"line":126,"column":3491}},"19":{"start":{"line":139,"column":8},"end":{"line":139,"column":69}},"20":{"start":{"line":140,"column":8},"end":{"line":140,"column":78}},"21":{"start":{"line":148,"column":8},"end":{"line":148,"column":75}},"22":{"start":{"line":149,"column":8},"end":{"line":149,"column":69}},"23":{"start":{"line":150,"column":8},"end":{"line":150,"column":4290}},"24":{"start":{"line":163,"column":8},"end":{"line":163,"column":75}},"25":{"start":{"line":164,"column":8},"end":{"line":164,"column":69}},"26":{"start":{"line":165,"column":8},"end":{"line":165,"column":4771}},"27":{"start":{"line":178,"column":8},"end":{"line":178,"column":50}},"28":{"start":{"line":186,"column":8},"end":{"line":186,"column":5503}},"29":{"start":{"line":187,"column":12},"end":{"line":187,"column":20}},"30":{"start":{"line":191,"column":8},"end":{"line":191,"column":33}},"31":{"start":{"line":193,"column":8},"end":{"line":193,"column":5716}},"32":{"start":{"line":197,"column":8},"end":{"line":197,"column":5838}},"33":{"start":{"line":201,"column":8},"end":{"line":201,"column":5943}},"34":{"start":{"line":205,"column":8},"end":{"line":205,"column":6040}},"35":{"start":{"line":209,"column":8},"end":{"line":209,"column":6132}},"36":{"start":{"line":213,"column":8},"end":{"line":213,"column":6221}},"37":{"start":{"line":217,"column":8},"end":{"line":217,"column":6309}},"38":{"start":{"line":230,"column":12},"end":{"line":230,"column":50}},"39":{"start":{"line":231,"column":12},"end":{"line":231,"column":75}}},"branchMap":{"1":{"line":186,"type":"if","locations":[{"start":{"line":186,"column":8},"end":{"line":186,"column":8}},{"start":{"line":186,"column":8},"end":{"line":186,"column":8}}]},"2":{"line":193,"type":"if","locations":[{"start":{"line":193,"column":8},"end":{"line":193,"column":8}},{"start":{"line":193,"column":8},"end":{"line":193,"column":8}}]},"3":{"line":197,"type":"if","locations":[{"start":{"line":197,"column":8},"end":{"line":197,"column":8}},{"start":{"line":197,"column":8},"end":{"line":197,"column":8}}]},"4":{"line":201,"type":"if","locations":[{"start":{"line":201,"column":8},"end":{"line":201,"column":8}},{"start":{"line":201,"column":8},"end":{"line":201,"column":8}}]},"5":{"line":205,"type":"if","locations":[{"start":{"line":205,"column":8},"end":{"line":205,"column":8}},{"start":{"line":205,"column":8},"end":{"line":205,"column":8}}]},"6":{"line":209,"type":"if","locations":[{"start":{"line":209,"column":8},"end":{"line":209,"column":8}},{"start":{"line":209,"column":8},"end":{"line":209,"column":8}}]},"7":{"line":213,"type":"if","locations":[{"start":{"line":213,"column":8},"end":{"line":213,"column":8}},{"start":{"line":213,"column":8},"end":{"line":213,"column":8}}]},"8":{"line":217,"type":"if","locations":[{"start":{"line":217,"column":8},"end":{"line":217,"column":8}},{"start":{"line":217,"column":8},"end":{"line":217,"column":8}}]},"9":{"line":231,"type":"if","locations":[{"start":{"line":231,"column":49},"end":{"line":231,"column":65}},{"start":{"line":231,"column":69},"end":{"line":231,"column":74}}]}}},
"contracts/test/MockMatchingEngineAMM.sol":{"l":{"11":60,"12":60,"19":60},"path":"/Users/ndtrung/work/block_chain/matching-engine/contracts/test/MockMatchingEngineAMM.sol","s":{},"b":{},"f":{"1":60,"2":60},"fnMap":{"1":{"name":"setCurrentPip","line":10,"loc":{"start":{"line":10,"column":4},"end":{"line":16,"column":4}}},"2":{"name":"setCounterParty","line":18,"loc":{"start":{"line":18,"column":4},"end":{"line":20,"column":4}}}},"statementMap":{},"branchMap":{}},
"contracts/test/MockMatchingEngineCore.sol":{"l":{"17":38,"18":38,"20":38,"33":36,"34":36,"35":36,"36":36,"38":36,"39":22,"40":22,"42":14,"43":14,"45":36,"61":31,"74":6,"75":6,"80":6,"84":6,"85":60,"90":6},"path":"/Users/ndtrung/work/block_chain/matching-engine/contracts/test/MockMatchingEngineCore.sol","s":{"1":38,"2":38,"3":36,"4":36,"5":36,"6":36,"7":36,"8":36,"9":31,"10":6,"11":6,"12":6,"13":6},"b":{"1":[38,0],"2":[22,14]},"f":{"1":38,"2":36,"3":31,"4":6},"fnMap":{"1":{"name":"initialize","line":16,"loc":{"start":{"line":16,"column":4},"end":{"line":25,"column":4}}},"2":{"name":"emitEventSwap","line":27,"loc":{"start":{"line":27,"column":4},"end":{"line":53,"column":4}}},"3":{"name":"getCurrentPip","line":55,"loc":{"start":{"line":55,"column":4},"end":{"line":62,"column":4}}},"4":{"name":"getLiquidityInPipRange","line":64,"loc":{"start":{"line":64,"column":4},"end":{"line":91,"column":4}}}},"statementMap":{"1":{"start":{"line":17,"column":8},"end":{"line":17,"column":45}},"2":{"start":{"line":20,"column":8},"end":{"line":20,"column":556}},"3":{"start":{"line":33,"column":8},"end":{"line":33,"column":25}},"4":{"start":{"line":34,"column":8},"end":{"line":34,"column":25}},"5":{"start":{"line":35,"column":8},"end":{"line":35,"column":26}},"6":{"start":{"line":36,"column":8},"end":{"line":36,"column":26}},"7":{"start":{"line":38,"column":8},"end":{"line":38,"column":989}},"8":{"start":{"line":45,"column":8},"end":{"line":45,"column":1190}},"9":{"start":{"line":61,"column":8},"end":{"line":61,"column":29}},"10":{"start":{"line":74,"column":8},"end":{"line":74,"column":79}},"11":{"start":{"line":80,"column":8},"end":{"line":80,"column":2012}},"12":{"start":{"line":84,"column":8},"end":{"line":84,"column":2123}},"13":{"start":{"line":90,"column":8},"end":{"line":90,"column":64}}},"branchMap":{"1":{"line":17,"type":"if","locations":[{"start":{"line":17,"column":8},"end":{"line":17,"column":8}},{"start":{"line":17,"column":8},"end":{"line":17,"column":8}}]},"2":{"line":38,"type":"if","locations":[{"start":{"line":38,"column":8},"end":{"line":38,"column":8}},{"start":{"line":38,"column":8},"end":{"line":38,"column":8}}]}}},
"contracts/test/TickPositionTest.sol":{"l":{},"path":"/Users/ndtrung/work/block_chain/matching-engine/contracts/test/TickPositionTest.sol","s":{},"b":{},"f":{},"fnMap":{},"statementMap":{},"branchMap":{}}}
