TN:
SF:/Users/ndtrung/work/block_chain/matching-engine/contracts/implement/AutoMarketMakerCore.sol
FN:25,_initializeAMM
FN:50,addLiquidity
FN:158,removeLiquidity
FN:175,estimateRemoveLiquidity
FN:303,_onCrossPipAMMTargetPrice
FN:420,_notReachPip
FN:457,_calculateAmountOut
FN:498,_calculateAmountFilled
FN:547,_updateAmmState
FN:587,_updateAMMStateAfterTrade
FN:636,_initCrossAmmReserves
FN:658,_calculateSqrtPrice
FN:667,_basisPoint
FN:670,getCurrentPip
FN:673,_onlyCounterParty
FNF:15
FNH:12
FNDA:60,_initializeAMM
FNDA:227,addLiquidity
FNDA:49,removeLiquidity
FNDA:49,estimateRemoveLiquidity
FNDA:140,_onCrossPipAMMTargetPrice
FNDA:179,_notReachPip
FNDA:179,_calculateAmountOut
FNDA:58,_calculateAmountFilled
FNDA:179,_updateAmmState
FNDA:117,_updateAMMStateAfterTrade
FNDA:148,_initCrossAmmReserves
FNDA:788,_calculateSqrtPrice
FNDA:0,_basisPoint
FNDA:0,getCurrentPip
FNDA:0,_onlyCounterParty
DA:31,60
DA:32,60
DA:33,60
DA:35,60
DA:61,227
DA:63,227
DA:64,227
DA:68,227
DA:72,227
DA:74,227
DA:75,116
DA:80,116
DA:84,116
DA:88,116
DA:91,227
DA:92,56
DA:94,49
DA:96,227
DA:101,227
DA:107,227
DA:108,227
DA:110,227
DA:115,58
DA:119,58
DA:128,53
DA:132,53
DA:137,116
DA:145,227
DA:148,227
DA:163,49
DA:164,49
DA:166,49
DA:169,49
DA:184,49
DA:185,49
DA:190,49
DA:193,49
DA:198,49
DA:202,49
DA:206,49
DA:211,49
DA:216,7
DA:224,7
DA:238,16
DA:246,16
DA:256,26
DA:263,26
DA:271,26
DA:307,140
DA:309,140
DA:313,140
DA:319,140
DA:323,140
DA:324,205
DA:328,205
DA:331,174
DA:333,174
DA:334,148
DA:335,148
DA:336,1
DA:339,26
DA:343,205
DA:344,179
DA:345,96
DA:349,83
DA:352,179
DA:353,51
DA:356,51
DA:359,179
DA:369,179
DA:379,58
DA:382,121
DA:384,121
DA:390,121
DA:392,121
DA:396,147
DA:397,147
DA:401,82
DA:402,82
DA:405,65
DA:408,65
DA:409,65
DA:428,179
DA:432,58
DA:436,58
DA:437,58
DA:445,58
DA:447,121
DA:464,179
DA:465,86
DA:470,86
DA:478,93
DA:485,93
DA:502,58
DA:503,27
DA:504,26
DA:510,26
DA:512,1
DA:518,1
DA:521,31
DA:522,31
DA:528,31
DA:530,0
DA:536,0
DA:557,179
DA:558,86
DA:559,86
DA:564,93
DA:565,93
DA:571,179
DA:575,179
DA:599,117
DA:600,117
DA:601,117
DA:602,117
DA:603,117
DA:604,178
DA:605,178
DA:606,178
DA:607,148
DA:609,148
DA:612,148
DA:614,148
DA:627,117
DA:640,148
DA:649,148
DA:652,148
DA:663,788
LF:128
LH:126
BRDA:74,1,0,116
BRDA:74,1,1,111
BRDA:91,2,0,56
BRDA:91,2,1,171
BRDA:93,3,0,49
BRDA:93,3,1,122
BRDA:110,4,0,58
BRDA:110,4,1,169
BRDA:111,5,0,56
BRDA:111,5,1,2
BRDA:123,6,0,53
BRDA:123,6,1,116
BRDA:124,7,0,49
BRDA:124,7,1,4
BRDA:136,8,0,116
BRDA:136,8,1,0
BRDA:191,9,0,34
BRDA:191,9,1,15
BRDA:199,10,0,34
BRDA:199,10,1,15
BRDA:211,11,0,7
BRDA:211,11,1,42
BRDA:212,12,0,5
BRDA:212,12,1,2
BRDA:233,13,0,16
BRDA:233,13,1,26
BRDA:234,14,0,11
BRDA:234,14,1,5
BRDA:328,15,0,174
BRDA:328,15,1,31
BRDA:333,16,0,148
BRDA:333,16,1,26
BRDA:335,17,0,1
BRDA:335,17,1,147
BRDA:343,18,0,179
BRDA:343,18,1,26
BRDA:344,19,0,96
BRDA:344,19,1,83
BRDA:346,20,0,47
BRDA:346,20,1,49
BRDA:352,21,0,51
BRDA:352,21,1,128
BRDA:354,22,0,24
BRDA:354,22,1,27
BRDA:369,23,0,58
BRDA:369,23,1,121
BRDA:393,24,0,120
BRDA:393,24,1,1
BRDA:396,25,0,77
BRDA:396,25,1,70
BRDA:397,26,0,82
BRDA:397,26,1,65
BRDA:398,27,0,41
BRDA:398,27,1,41
BRDA:406,28,0,6
BRDA:406,28,1,59
BRDA:428,29,0,58
BRDA:428,29,1,121
BRDA:429,30,0,57
BRDA:429,30,1,1
BRDA:464,31,0,86
BRDA:464,31,1,93
BRDA:502,32,0,27
BRDA:502,32,1,31
BRDA:503,33,0,26
BRDA:503,33,1,1
BRDA:520,34,0,31
BRDA:520,34,1,0
BRDA:521,35,0,31
BRDA:521,35,1,0
BRDA:557,36,0,86
BRDA:557,36,1,93
BRDA:572,37,0,86
BRDA:572,37,1,93
BRDA:606,38,0,30
BRDA:606,38,1,148
BRF:76
BRH:73
end_of_record
TN:
SF:/Users/ndtrung/work/block_chain/matching-engine/contracts/implement/Block.sol
FN:6,_blockTimestamp
FN:11,_blockNumber
FNF:2
FNH:0
FNDA:0,_blockTimestamp
FNDA:0,_blockNumber
DA:7,0
DA:12,0
LF:2
LH:0
BRF:0
BRH:0
end_of_record
TN:
SF:/Users/ndtrung/work/block_chain/matching-engine/contracts/implement/MatchingEngineCore.sol
FN:26,_initializeCore
FN:43,updatePartialFilledOrder
FN:53,cancelLimitOrder
FN:69,openLimit
FN:105,openMarket
FN:133,openMarketWithQuoteAsset
FN:164,hasLiquidity
FN:169,getPendingOrderDetail
FN:192,getLiquidityInCurrentPip
FN:204,_internalCancelLimitOrder
FN:234,_internalOpenLimit
FN:363,_openMarketWithMaxPip
FN:396,_internalOpenMarketOrder
FN:669,_calculatePipLimitWhenFindPipNext
FN:681,_isNeedSetPipNext
FN:686,_emitLimitOrderUpdatedHook
FN:704,_onCrossPipHook
FN:711,_updateAMMState
FN:727,_calculateFee
FN:738,emitEventSwap
FN:746,getLiquidityInPipRange
FN:771,getAmountEstimate
FN:778,calculatingQuoteAmount
FN:786,getCurrentPip
FN:789,quoteToBase
FN:796,getUnderlyingPriceInPip
FN:801,_addReserveSnapshot
FN:804,_onlyCounterParty
FN:806,_getPipRange
FN:808,_getRangeFindingWordsAmm
FNF:30
FNH:19
FNDA:98,_initializeCore
FNDA:0,updatePartialFilledOrder
FNDA:7,cancelLimitOrder
FNDA:283,openLimit
FNDA:119,openMarket
FNDA:3,openMarketWithQuoteAsset
FNDA:279,hasLiquidity
FNDA:374,getPendingOrderDetail
FNDA:0,getLiquidityInCurrentPip
FNDA:7,_internalCancelLimitOrder
FNDA:283,_internalOpenLimit
FNDA:48,_openMarketWithMaxPip
FNDA:170,_internalOpenMarketOrder
FNDA:0,_calculatePipLimitWhenFindPipNext
FNDA:140,_isNeedSetPipNext
FNDA:0,_emitLimitOrderUpdatedHook
FNDA:122,_onCrossPipHook
FNDA:0,_updateAMMState
FNDA:53,_calculateFee
FNDA:0,emitEventSwap
FNDA:0,getLiquidityInPipRange
FNDA:0,getAmountEstimate
FNDA:0,calculatingQuoteAmount
FNDA:0,getCurrentPip
FNDA:0,quoteToBase
FNDA:283,getUnderlyingPriceInPip
FNDA:170,_addReserveSnapshot
FNDA:190,_onlyCounterParty
FNDA:53,_getPipRange
FNDA:53,_getRangeFindingWordsAmm
DA:31,98
DA:32,98
DA:33,98
DA:34,98
DA:35,98
DA:47,0
DA:48,0
DA:49,0
DA:58,7
DA:59,7
DA:61,7
DA:65,7
DA:86,283
DA:87,283
DA:119,119
DA:120,119
DA:147,3
DA:148,3
DA:165,279
DA:180,374
DA:183,374
DA:184,94
DA:186,374
DA:187,15
DA:193,0
DA:209,7
DA:210,7
DA:214,7
DA:215,5
DA:217,5
DA:218,5
DA:221,7
DA:243,283
DA:244,283
DA:245,283
DA:246,283
DA:247,283
DA:248,135
DA:251,135
DA:252,0
DA:257,135
DA:263,148
DA:270,282
DA:272,282
DA:273,282
DA:276,282
DA:278,48
DA:280,23
DA:287,25
DA:294,48
DA:305,48
DA:307,48
DA:310,282
DA:311,282
DA:317,268
DA:319,268
DA:324,0
DA:332,268
DA:335,268
DA:339,29
DA:342,268
DA:347,268
DA:349,248
DA:351,268
DA:378,48
DA:381,48
DA:414,170
DA:417,170
DA:433,170
DA:435,170
DA:445,170
DA:446,333
DA:447,333
DA:448,193
DA:460,193
DA:465,12
DA:468,193
DA:469,193
DA:470,193
DA:472,140
DA:482,333
DA:483,34
DA:486,299
DA:491,299
DA:496,3
DA:498,296
DA:499,0
DA:503,296
DA:506,5
DA:507,5
DA:509,291
DA:513,129
DA:521,58
DA:525,48
DA:527,58
DA:528,0
DA:530,58
DA:534,58
DA:536,71
DA:540,71
DA:544,233
DA:545,216
DA:548,216
DA:549,216
DA:550,85
DA:552,216
DA:559,216
DA:561,52
DA:564,52
DA:569,52
DA:572,52
DA:573,52
DA:576,146
DA:577,146
DA:581,18
DA:582,18
DA:583,18
DA:584,18
DA:585,18
DA:588,17
DA:589,17
DA:594,170
DA:595,170
DA:600,134
DA:604,69
DA:605,18
DA:608,69
DA:624,0
DA:627,170
DA:629,145
DA:631,170
DA:634,48
DA:638,122
DA:642,170
DA:643,170
DA:644,170
DA:646,170
DA:656,170
DA:657,145
DA:665,145
DA:682,140
DA:751,0
DA:752,0
DA:757,0
DA:760,0
DA:761,0
DA:766,0
DA:797,283
DA:814,53
LF:149
LH:134
BRDA:183,1,0,94
BRDA:183,1,1,280
BRDA:186,2,0,15
BRDA:186,2,1,359
BRDA:195,3,0,0
BRDA:195,3,1,0
BRDA:214,4,0,5
BRDA:214,4,1,2
BRDA:217,5,0,5
BRDA:217,5,1,0
BRDA:247,6,0,135
BRDA:247,6,1,148
BRDA:251,7,0,0
BRDA:251,7,1,135
BRDA:276,8,0,48
BRDA:276,8,1,234
BRDA:278,9,0,23
BRDA:278,9,1,25
BRDA:311,10,0,268
BRDA:311,10,1,14
BRDA:312,11,0,268
BRDA:312,11,1,0
BRDA:319,12,0,0
BRDA:319,12,1,268
BRDA:335,13,0,29
BRDA:335,13,1,239
BRDA:337,14,0,13
BRDA:337,14,1,21
BRDA:339,15,0,13
BRDA:339,15,1,16
BRDA:347,16,0,248
BRDA:347,16,1,20
BRDA:447,17,0,193
BRDA:447,17,1,140
BRDA:460,18,0,12
BRDA:460,18,1,181
BRDA:462,19,0,6
BRDA:462,19,1,6
BRDA:482,20,0,34
BRDA:482,20,1,299
BRDA:491,21,0,3
BRDA:491,21,1,296
BRDA:492,22,0,0
BRDA:492,22,1,0
BRDA:492,23,0,0
BRDA:492,23,1,3
BRDA:498,24,0,0
BRDA:498,24,1,296
BRDA:503,25,0,5
BRDA:503,25,1,291
BRDA:509,26,0,129
BRDA:509,26,1,162
BRDA:513,27,0,58
BRDA:513,27,1,71
BRDA:514,28,0,57
BRDA:514,28,1,1
BRDA:521,29,0,48
BRDA:521,29,1,10
BRDA:522,30,0,20
BRDA:522,30,1,28
BRDA:527,31,0,0
BRDA:527,31,1,58
BRDA:544,32,0,216
BRDA:544,32,1,17
BRDA:545,33,0,122
BRDA:545,33,1,94
BRDA:549,34,0,85
BRDA:549,34,1,131
BRDA:553,35,0,214
BRDA:553,35,1,2
BRDA:559,36,0,52
BRDA:559,36,1,164
BRDA:574,37,0,146
BRDA:574,37,1,18
BRDA:595,38,0,134
BRDA:595,38,1,36
BRDA:600,39,0,69
BRDA:600,39,1,65
BRDA:604,40,0,18
BRDA:604,40,1,51
BRDA:616,41,0,0
BRDA:616,41,1,36
BRDA:627,42,0,145
BRDA:627,42,1,25
BRDA:631,43,0,48
BRDA:631,43,1,122
BRDA:635,44,0,34
BRDA:635,44,1,14
BRDA:656,45,0,145
BRDA:656,45,1,25
BRF:90
BRH:78
end_of_record
TN:
SF:/Users/ndtrung/work/block_chain/matching-engine/contracts/interfaces/IAutoMarketMakerCore.sol
FNF:0
FNH:0
LF:0
LH:0
BRF:0
BRH:0
end_of_record
TN:
SF:/Users/ndtrung/work/block_chain/matching-engine/contracts/interfaces/IFee.sol
FNF:0
FNH:0
LF:0
LH:0
BRF:0
BRH:0
end_of_record
TN:
SF:/Users/ndtrung/work/block_chain/matching-engine/contracts/interfaces/IMatchingEngineAMM.sol
FNF:0
FNH:0
LF:0
LH:0
BRF:0
BRH:0
end_of_record
TN:
SF:/Users/ndtrung/work/block_chain/matching-engine/contracts/interfaces/IMatchingEngineCore.sol
FNF:0
FNH:0
LF:0
LH:0
BRF:0
BRH:0
end_of_record
TN:
SF:/Users/ndtrung/work/block_chain/matching-engine/contracts/libraries/amm/CrossPipResult.sol
FN:18,updateAmountResult
FN:30,updatePipResult
FNF:2
FNH:2
FNDA:179,updateAmountResult
FNDA:140,updatePipResult
DA:23,179
DA:24,179
DA:31,140
LF:3
LH:3
BRF:0
BRH:0
end_of_record
TN:
SF:/Users/ndtrung/work/block_chain/matching-engine/contracts/libraries/amm/Liquidity.sol
FN:24,initNewPipRange
FN:38,updateAddLiquidity
FN:56,updateFeeGrowth
FN:71,updateAMMReserve
FNF:4
FNH:2
FNDA:0,initNewPipRange
FNDA:276,updateAddLiquidity
FNDA:0,updateFeeGrowth
FNDA:148,updateAMMReserve
DA:30,0
DA:31,0
DA:32,0
DA:42,276
DA:43,116
DA:44,116
DA:45,116
DA:47,276
DA:48,276
DA:49,276
DA:61,0
DA:62,0
DA:78,148
DA:79,148
DA:81,148
DA:82,70
DA:84,78
LF:17
LH:12
BRDA:42,1,0,116
BRDA:42,1,1,160
BRDA:81,2,0,70
BRDA:81,2,1,78
BRF:4
BRH:4
end_of_record
TN:
SF:/Users/ndtrung/work/block_chain/matching-engine/contracts/libraries/amm/LiquidityMath.sol
FN:16,calculateBaseReal
FN:36,calculateQuoteReal
FN:58,calculateBaseWithPriceWhenSell
FN:78,calculateQuoteWithPriceWhenSell
FN:96,calculateBaseWithPriceWhenBuy
FN:114,calculateQuoteWithPriceWhenBuy
FN:132,calculateIndexPipRange
FN:145,calculatePipRange
FN:159,calculateBaseBuyAndQuoteSellWithoutTargetPrice
FN:176,calculateQuoteBuyAndBaseSellWithoutTargetPrice
FN:192,calculateKWithQuote
FN:205,calculateKWithBase
FN:218,calculateKWithBaseAndQuote
FN:231,calculateLiquidity
FN:248,calculateBaseByLiquidity
FN:267,calculateQuoteByLiquidity
FN:285,calculateBaseRealByLiquidity
FN:301,calculateQuoteRealByLiquidity
FN:318,calculateQuoteVirtualAmountFromBaseVirtualAmount
FN:337,calculateBaseVirtualAmountFromQuoteVirtualAmount
FNF:20
FNH:17
FNDA:228,calculateBaseReal
FNDA:228,calculateQuoteReal
FNDA:94,calculateBaseWithPriceWhenSell
FNDA:94,calculateQuoteWithPriceWhenSell
FNDA:87,calculateBaseWithPriceWhenBuy
FNDA:87,calculateQuoteWithPriceWhenBuy
FNDA:517,calculateIndexPipRange
FNDA:116,calculatePipRange
FNDA:32,calculateBaseBuyAndQuoteSellWithoutTargetPrice
FNDA:26,calculateQuoteBuyAndBaseSellWithoutTargetPrice
FNDA:65,calculateKWithQuote
FNDA:69,calculateKWithBase
FNDA:142,calculateKWithBaseAndQuote
FNDA:0,calculateLiquidity
FNDA:42,calculateBaseByLiquidity
FNDA:33,calculateQuoteByLiquidity
FNDA:49,calculateBaseRealByLiquidity
FNDA:49,calculateQuoteRealByLiquidity
FNDA:0,calculateQuoteVirtualAmountFromBaseVirtualAmount
FNDA:0,calculateBaseVirtualAmountFromQuoteVirtualAmount
DA:21,228
DA:22,58
DA:24,170
DA:41,228
DA:42,53
DA:44,175
DA:63,94
DA:83,94
DA:101,87
DA:119,87
DA:137,517
DA:150,116
DA:151,116
DA:164,32
DA:181,26
DA:197,65
DA:210,69
DA:223,142
DA:236,0
DA:237,0
DA:239,0
DA:253,42
DA:272,33
DA:290,49
DA:306,49
DA:324,0
DA:343,0
LF:27
LH:22
BRDA:21,1,0,58
BRDA:21,1,1,170
BRDA:41,2,0,53
BRDA:41,2,1,175
BRDA:150,3,0,13
BRDA:150,3,1,103
BRDA:236,4,0,0
BRDA:236,4,1,0
BRF:8
BRH:6
end_of_record
TN:
SF:/Users/ndtrung/work/block_chain/matching-engine/contracts/libraries/exchange/BitMath.sol
FN:13,mostSignificantBit
FN:53,leastSignificantBit
FNF:2
FNH:2
FNDA:113,mostSignificantBit
FNDA:144,leastSignificantBit
DA:14,113
DA:16,113
DA:17,56
DA:18,56
DA:20,113
DA:21,70
DA:22,70
DA:24,113
DA:25,55
DA:26,55
DA:28,113
DA:29,40
DA:30,40
DA:32,113
DA:33,28
DA:34,28
DA:36,113
DA:37,42
DA:38,42
DA:40,113
DA:41,30
DA:42,30
DA:44,113
DA:54,144
DA:56,144
DA:57,144
DA:58,47
DA:60,97
DA:62,144
DA:63,45
DA:65,99
DA:67,144
DA:68,75
DA:70,69
DA:72,144
DA:73,61
DA:75,83
DA:77,144
DA:78,85
DA:80,59
DA:82,144
DA:83,112
DA:85,32
DA:87,144
DA:88,116
DA:90,28
DA:92,144
LF:47
LH:47
BRDA:14,1,0,113
BRDA:14,1,1,0
BRDA:16,2,0,56
BRDA:16,2,1,57
BRDA:20,3,0,70
BRDA:20,3,1,43
BRDA:24,4,0,55
BRDA:24,4,1,58
BRDA:28,5,0,40
BRDA:28,5,1,73
BRDA:32,6,0,28
BRDA:32,6,1,85
BRDA:36,7,0,42
BRDA:36,7,1,71
BRDA:40,8,0,30
BRDA:40,8,1,83
BRDA:44,9,0,27
BRDA:44,9,1,86
BRDA:54,10,0,144
BRDA:54,10,1,0
BRDA:57,11,0,47
BRDA:57,11,1,97
BRDA:62,12,0,45
BRDA:62,12,1,99
BRDA:67,13,0,75
BRDA:67,13,1,69
BRDA:72,14,0,61
BRDA:72,14,1,83
BRDA:77,15,0,85
BRDA:77,15,1,59
BRDA:82,16,0,112
BRDA:82,16,1,32
BRDA:87,17,0,116
BRDA:87,17,1,28
BRDA:92,18,0,114
BRDA:92,18,1,30
BRF:36
BRH:34
end_of_record
TN:
SF:/Users/ndtrung/work/block_chain/matching-engine/contracts/libraries/exchange/LimitOrder.sol
FN:17,getData
FN:34,update
FN:45,updatePartialFill
FN:55,updateWhenClose
FNF:4
FNH:3
FNDA:381,getData
FNDA:275,update
FNDA:52,updatePartialFill
FNDA:0,updateWhenClose
DA:26,381
DA:27,381
DA:28,381
DA:39,275
DA:40,275
DA:50,52
DA:59,0
DA:60,0
DA:61,0
LF:9
LH:6
BRDA:39,1,0,127
BRDA:39,1,1,148
BRF:2
BRH:2
end_of_record
TN:
SF:/Users/ndtrung/work/block_chain/matching-engine/contracts/libraries/exchange/LiquidityBitmap.sol
FN:14,position
FN:28,findHasLiquidityInOneWords
FN:63,findHasLiquidityInMultipleWords
FN:120,findHasLiquidityInMultipleWordsWithLimitPip
FN:180,findAllLiquidityInMultipleWords
FN:259,hasLiquidity
FN:273,setBitsInRange
FN:302,unsetBitsRange
FN:341,toggleSingleBit
FN:358,unsetBitsFromLToR
FN:385,toggleLastMBits
FNF:11
FNH:10
FNDA:12803,position
FNDA:333,findHasLiquidityInOneWords
FNDA:5,findHasLiquidityInMultipleWords
FNDA:333,findHasLiquidityInMultipleWordsWithLimitPip
FNDA:6,findAllLiquidityInMultipleWords
FNDA:5088,hasLiquidity
FNDA:0,setBitsInRange
FNDA:90,unsetBitsRange
FNDA:7228,toggleSingleBit
FNDA:33,unsetBitsFromLToR
FNDA:88,toggleLastMBits
DA:19,12803
DA:20,12803
DA:33,333
DA:35,150
DA:37,150
DA:38,150
DA:42,150
DA:44,150
DA:49,183
DA:51,183
DA:52,183
DA:54,183
DA:56,183
DA:69,5
DA:70,5
DA:71,1
DA:72,1
DA:73,1
DA:78,3
DA:79,1
DA:84,1
DA:85,1
DA:89,0
DA:90,0
DA:91,0
DA:92,0
DA:96,0
DA:97,0
DA:98,0
DA:99,0
DA:104,4
DA:105,24
DA:106,2
DA:111,2
DA:112,2
DA:127,333
DA:128,333
DA:129,164
DA:130,97
DA:131,97
DA:136,8943
DA:137,87
DA:142,87
DA:143,56
DA:146,16
DA:148,25
DA:149,0
DA:150,0
DA:151,0
DA:155,67
DA:156,67
DA:157,57
DA:158,57
DA:159,52
DA:164,169
DA:165,8777
DA:166,164
DA:171,164
DA:172,132
DA:186,6
DA:187,6
DA:188,6
DA:189,6
DA:190,0
DA:195,0
DA:196,0
DA:197,0
DA:202,0
DA:203,0
DA:204,0
DA:205,0
DA:206,0
DA:211,0
DA:212,0
DA:213,0
DA:215,0
DA:220,0
DA:221,0
DA:224,6
DA:225,606
DA:226,6
DA:227,6
DA:232,6
DA:233,6
DA:234,6
DA:236,6
DA:237,7
DA:242,7
DA:243,1
DA:244,1
DA:246,6
DA:251,6
DA:254,6
DA:264,5088
DA:265,5088
DA:278,0
DA:279,0
DA:280,0
DA:283,0
DA:288,0
DA:290,0
DA:292,0
DA:295,0
DA:307,90
DA:308,77
DA:309,77
DA:310,77
DA:311,30
DA:312,30
DA:313,30
DA:315,77
DA:317,77
DA:318,4
DA:320,77
DA:321,77
DA:322,33
DA:329,44
DA:330,44
DA:331,44
DA:332,1519
DA:334,44
DA:346,7228
DA:347,7228
DA:348,7187
DA:350,41
DA:363,33
DA:366,2
DA:367,2
DA:374,33
DA:379,33
DA:392,88
DA:396,88
LF:132
LH:98
BRDA:33,1,0,150
BRDA:33,1,1,183
BRDA:45,2,0,113
BRDA:45,2,1,37
BRDA:57,3,0,144
BRDA:57,3,1,39
BRDA:70,4,0,1
BRDA:70,4,1,4
BRDA:71,5,0,1
BRDA:71,5,1,0
BRDA:78,6,0,1
BRDA:78,6,1,2
BRDA:84,7,0,1
BRDA:84,7,1,0
BRDA:89,8,0,0
BRDA:89,8,1,0
BRDA:91,9,0,0
BRDA:91,9,1,0
BRDA:96,10,0,0
BRDA:96,10,1,0
BRDA:98,11,0,0
BRDA:98,11,1,0
BRDA:105,12,0,2
BRDA:105,12,1,22
BRDA:111,13,0,2
BRDA:111,13,1,0
BRDA:128,14,0,164
BRDA:128,14,1,169
BRDA:129,15,0,97
BRDA:129,15,1,67
BRDA:136,16,0,87
BRDA:136,16,1,8856
BRDA:142,17,0,56
BRDA:142,17,1,31
BRDA:145,18,0,16
BRDA:145,18,1,8840
BRDA:148,19,0,0
BRDA:148,19,1,25
BRDA:150,20,0,0
BRDA:150,20,1,0
BRDA:153,21,0,12
BRDA:153,21,1,13
BRDA:156,22,0,57
BRDA:156,22,1,10
BRDA:158,23,0,52
BRDA:158,23,1,5
BRDA:165,24,0,164
BRDA:165,24,1,8613
BRDA:171,25,0,132
BRDA:171,25,1,32
BRDA:174,26,0,23
BRDA:174,26,1,8590
BRDA:189,27,0,0
BRDA:189,27,1,6
BRDA:195,28,0,0
BRDA:195,28,1,0
BRDA:202,29,0,0
BRDA:202,29,1,0
BRDA:211,30,0,0
BRDA:211,30,1,0
BRDA:220,31,0,0
BRDA:220,31,1,0
BRDA:221,32,0,0
BRDA:221,32,1,0
BRDA:225,33,0,6
BRDA:225,33,1,600
BRDA:232,34,0,6
BRDA:232,34,1,0
BRDA:242,35,0,1
BRDA:242,35,1,6
BRDA:251,36,0,0
BRDA:251,36,1,6
BRDA:280,37,0,0
BRDA:280,37,1,0
BRDA:307,38,0,13
BRDA:307,38,1,77
BRDA:310,39,0,30
BRDA:310,39,1,47
BRDA:317,40,0,4
BRDA:317,40,1,73
BRDA:321,41,0,33
BRDA:321,41,1,44
BRDA:329,42,0,42
BRDA:329,42,1,2
BRDA:347,43,0,7187
BRDA:347,43,1,41
BRDA:363,44,0,2
BRDA:363,44,1,31
BRF:88
BRH:59
end_of_record
TN:
SF:/Users/ndtrung/work/block_chain/matching-engine/contracts/libraries/exchange/SwapState.sol
FN:50,newAMMState
FN:64,beforeExecute
FN:86,isReachedMaxPip
FN:99,moveBack1Pip
FN:110,moveForward1Pip
FN:125,updateTradedSize
FN:156,reverseIsFullBuy
FN:168,updateAMMTradedSize
FN:186,ammFillAll
FNF:9
FNH:9
FNDA:170,newAMMState
FNDA:170,beforeExecute
FNDA:333,isReachedMaxPip
FNDA:5,moveBack1Pip
FNDA:163,moveForward1Pip
FNDA:216,updateTradedSize
FNDA:52,reverseIsFullBuy
FNDA:71,updateAMMTradedSize
FNDA:58,ammFillAll
DA:51,170
DA:52,170
DA:53,170
DA:66,170
DA:69,170
DA:70,60
DA:72,31
DA:76,29
DA:91,333
DA:100,5
DA:101,4
DA:103,1
DA:114,163
DA:115,80
DA:117,83
DA:130,216
DA:131,70
DA:133,146
DA:142,216
DA:157,52
DA:158,18
DA:160,34
DA:173,71
DA:174,70
DA:175,70
DA:177,1
DA:178,1
DA:191,58
DA:192,58
LF:29
LH:29
BRDA:69,1,0,60
BRDA:69,1,1,110
BRDA:70,2,0,31
BRDA:70,2,1,29
BRDA:92,3,0,5
BRDA:92,3,1,21
BRDA:92,4,0,21
BRDA:92,4,1,8
BRDA:100,5,0,4
BRDA:100,5,1,1
BRDA:114,6,0,80
BRDA:114,6,1,83
BRDA:130,7,0,70
BRDA:130,7,1,146
BRDA:134,8,0,146
BRDA:134,8,1,0
BRDA:143,9,0,214
BRDA:143,9,1,2
BRDA:157,10,0,18
BRDA:157,10,1,34
BRDA:173,11,0,70
BRDA:173,11,1,1
BRDA:192,12,0,57
BRDA:192,12,1,1
BRF:24
BRH:23
end_of_record
TN:
SF:/Users/ndtrung/work/block_chain/matching-engine/contracts/libraries/exchange/TickPosition.sol
FN:29,insertLimitOrder
FN:55,updateOrderWhenClose
FN:68,getQueueOrder
FN:90,partiallyFill
FN:121,fullFillLiquidity
FN:132,cancelLimitOrder
FNF:6
FNH:5
FNDA:268,insertLimitOrder
FNDA:0,updateOrderWhenClose
FNDA:374,getQueueOrder
FNDA:52,partiallyFill
FNDA:18,fullFillLiquidity
FNDA:7,cancelLimitOrder
DA:35,268
DA:36,268
DA:43,2
DA:44,2
DA:46,266
DA:48,268
DA:49,268
DA:59,0
DA:78,374
DA:79,374
DA:80,0
DA:82,351
DA:84,23
DA:93,52
DA:94,52
DA:95,52
DA:96,52
DA:97,52
DA:101,46
DA:103,52
DA:104,6
DA:106,6
DA:108,52
DA:109,51
DA:110,51
DA:112,52
DA:113,52
DA:114,52
DA:122,18
DA:123,18
DA:124,18
DA:125,18
DA:140,7
DA:143,7
DA:144,7
DA:146,7
DA:148,7
LF:37
LH:35
BRDA:36,1,0,2
BRDA:36,1,1,266
BRDA:79,2,0,0
BRDA:79,2,1,374
BRDA:81,3,0,351
BRDA:81,3,1,23
BRDA:84,4,0,15
BRDA:84,4,1,8
BRDA:97,5,0,46
BRDA:97,5,1,6
BRDA:103,6,0,6
BRDA:103,6,1,46
BRDA:143,7,0,7
BRDA:143,7,1,0
BRF:14
BRH:12
end_of_record
TN:
SF:/Users/ndtrung/work/block_chain/matching-engine/contracts/libraries/extensions/Fee.sol
FN:23,_initFee
FN:29,decreaseBaseFeeFunding
FN:36,decreaseQuoteFeeFunding
FN:43,increaseBaseFeeFunding
FN:48,increaseQuoteFeeFunding
FN:53,_increaseBaseFeeFunding
FN:60,_increaseQuoteFeeFunding
FN:66,resetFee
FN:71,getFee
FNF:9
FNH:3
FNDA:60,_initFee
FNDA:0,decreaseBaseFeeFunding
FNDA:0,decreaseQuoteFeeFunding
FNDA:0,increaseBaseFeeFunding
FNDA:0,increaseQuoteFeeFunding
FNDA:61,_increaseBaseFeeFunding
FNDA:56,_increaseQuoteFeeFunding
FNDA:0,resetFee
FNDA:0,getFee
DA:24,60
DA:25,60
DA:30,0
DA:31,0
DA:37,0
DA:38,0
DA:44,0
DA:49,0
DA:54,61
DA:55,0
DA:61,56
DA:62,0
DA:67,0
DA:68,0
DA:72,0
LF:15
LH:4
BRDA:30,1,0,0
BRDA:30,1,1,0
BRDA:37,2,0,0
BRDA:37,2,1,0
BRDA:54,3,0,0
BRDA:54,3,1,61
BRDA:61,4,0,0
BRDA:61,4,1,56
BRF:8
BRH:2
end_of_record
TN:
SF:/Users/ndtrung/work/block_chain/matching-engine/contracts/libraries/helper/Convert.sol
FN:8,Uint256ToUint128
FN:12,Uint256ToUint64
FN:16,Uint256ToUint32
FN:20,toI256
FN:24,toI128
FN:28,abs
FN:32,abs256
FN:36,toU128
FN:40,Uint256ToUint40
FNF:9
FNH:2
FNDA:1217,Uint256ToUint128
FNDA:0,Uint256ToUint64
FNDA:170,Uint256ToUint32
FNDA:0,toI256
FNDA:0,toI128
FNDA:0,abs
FNDA:0,abs256
FNDA:0,toU128
FNDA:0,Uint256ToUint40
DA:9,1217
DA:13,0
DA:17,170
DA:21,0
DA:25,0
DA:29,0
DA:33,0
DA:37,0
DA:41,0
LF:9
LH:2
BRF:0
BRH:0
end_of_record
TN:
SF:/Users/ndtrung/work/block_chain/matching-engine/contracts/libraries/helper/Errors.sol
FNF:0
FNH:0
LF:0
LH:0
BRF:0
BRH:0
end_of_record
TN:
SF:/Users/ndtrung/work/block_chain/matching-engine/contracts/libraries/helper/FixedPoint128.sol
FNF:0
FNH:0
LF:0
LH:0
BRF:0
BRH:0
end_of_record
TN:
SF:/Users/ndtrung/work/block_chain/matching-engine/contracts/libraries/helper/Math.sol
FN:12,sqrt
FN:64,min
FN:74,mulDiv
FNF:3
FNH:2
FNDA:1113,sqrt
FNDA:0,min
FNDA:148,mulDiv
DA:13,1113
DA:14,18
DA:18,1095
DA:19,1095
DA:20,1095
DA:21,249
DA:22,249
DA:24,1095
DA:25,787
DA:26,787
DA:28,1095
DA:29,374
DA:30,374
DA:32,1095
DA:33,453
DA:34,453
DA:36,1095
DA:37,616
DA:38,616
DA:40,1095
DA:41,577
DA:42,577
DA:44,1095
DA:45,428
DA:49,1095
DA:50,1095
DA:51,1095
DA:52,1095
DA:53,1095
DA:54,1095
DA:55,1095
DA:56,1095
DA:57,1095
DA:58,1095
DA:65,0
DA:79,148
DA:83,148
DA:84,148
DA:85,148
DA:92,148
DA:93,148
DA:97,0
DA:104,0
DA:105,0
DA:118,0
DA:119,0
DA:131,0
DA:136,0
DA:140,0
DA:141,0
DA:142,0
DA:143,0
DA:144,0
DA:145,0
DA:151,0
DA:152,0
LF:56
LH:40
BRDA:13,1,0,18
BRDA:13,1,1,1095
BRDA:20,2,0,249
BRDA:20,2,1,846
BRDA:24,3,0,787
BRDA:24,3,1,308
BRDA:28,4,0,374
BRDA:28,4,1,721
BRDA:32,5,0,453
BRDA:32,5,1,642
BRDA:36,6,0,616
BRDA:36,6,1,479
BRDA:40,7,0,577
BRDA:40,7,1,518
BRDA:44,8,0,428
BRDA:44,8,1,667
BRDA:58,9,0,564
BRDA:58,9,1,531
BRDA:65,10,0,0
BRDA:65,10,1,0
BRDA:92,11,0,148
BRDA:92,11,1,0
BRDA:97,12,0,0
BRDA:97,12,1,0
BRF:24
BRH:19
end_of_record
TN:
SF:/Users/ndtrung/work/block_chain/matching-engine/contracts/libraries/helper/Require.sol
FN:9,_require
FNF:1
FNH:1
FNDA:1179,_require
DA:10,1179
LF:1
LH:1
BRDA:10,1,0,1178
BRDA:10,1,1,1
BRF:2
BRH:2
end_of_record
TN:
SF:/Users/ndtrung/work/block_chain/matching-engine/contracts/libraries/helper/TradeConvert.sol
FN:10,baseToQuote
FN:25,quoteToBase
FNF:2
FNH:2
FNDA:214,baseToQuote
FNDA:4,quoteToBase
DA:17,214
DA:30,4
LF:2
LH:2
BRF:0
BRH:0
end_of_record
TN:
SF:/Users/ndtrung/work/block_chain/matching-engine/contracts/libraries/helper/TransferHelper.sol
FN:14,safeTransferFrom
FN:39,transferFrom
FN:51,safeTransferETH
FNF:3
FNH:0
FNDA:0,safeTransferFrom
FNDA:0,transferFrom
FNDA:0,safeTransferETH
DA:20,0
DA:28,0
DA:45,0
DA:52,0
DA:53,0
LF:5
LH:0
BRF:0
BRH:0
end_of_record
TN:
SF:/Users/ndtrung/work/block_chain/matching-engine/contracts/libraries/helper/U128Math.sol
FN:5,add
FN:9,baseToQuote
FN:18,quoteToBase
FN:27,toU256
FN:31,toInt128
FN:35,toInt256
FN:39,sub
FN:43,mul
FNF:8
FNH:0
FNDA:0,add
FNDA:0,baseToQuote
FNDA:0,quoteToBase
FNDA:0,toU256
FNDA:0,toInt128
FNDA:0,toInt256
FNDA:0,sub
FNDA:0,mul
DA:6,0
DA:14,0
DA:23,0
DA:28,0
DA:32,0
DA:36,0
DA:40,0
DA:44,0
LF:8
LH:0
BRF:0
BRH:0
end_of_record
TN:
SF:/Users/ndtrung/work/block_chain/matching-engine/contracts/libraries/types/AMMCoreStorage.sol
FNF:0
FNH:0
LF:0
LH:0
BRF:0
BRH:0
end_of_record
TN:
SF:/Users/ndtrung/work/block_chain/matching-engine/contracts/libraries/types/MatchingEngineCoreStorage.sol
FNF:0
FNH:0
LF:0
LH:0
BRF:0
BRH:0
end_of_record
TN:
SF:/Users/ndtrung/work/block_chain/matching-engine/contracts/MatchingEngineAMM.sol
FN:30,initialize
FN:64,_onlyCounterParty
FN:76,_emitLimitOrderUpdatedHook
FN:85,_onCrossPipHook
FN:129,_updateAMMState
FN:156,_calculateFee
FN:199,_isNeedSetPipNext
FN:209,_approveCounterParty
FN:214,increaseQuoteFeeFunding
FN:223,increaseBaseFeeFunding
FN:232,decreaseBaseFeeFunding
FN:241,decreaseQuoteFeeFunding
FN:250,accumulateClaimableAmount
FN:281,_msgSender
FN:286,_basisPoint
FN:296,getCurrentPip
FN:305,_getPipRange
FN:314,_getRangeFindingWordsAmm
FN:323,_calculatePipLimitWhenFindPipNext
FN:342,emitEventSwap
FN:371,calculatingQuoteAmount
FNF:21
FNH:14
FNDA:60,initialize
FNDA:498,_onlyCounterParty
FNDA:0,_emitLimitOrderUpdatedHook
FNDA:177,_onCrossPipHook
FNDA:117,_updateAMMState
FNDA:117,_calculateFee
FNDA:193,_isNeedSetPipNext
FNDA:240,_approveCounterParty
FNDA:0,increaseQuoteFeeFunding
FNDA:0,increaseBaseFeeFunding
FNDA:0,decreaseBaseFeeFunding
FNDA:0,decreaseQuoteFeeFunding
FNDA:0,accumulateClaimableAmount
FNDA:498,_msgSender
FNDA:160,_basisPoint
FNDA:276,getCurrentPip
FNDA:117,_getPipRange
FNDA:117,_getRangeFindingWordsAmm
FNDA:193,_calculatePipLimitWhenFindPipNext
FNDA:109,emitEventSwap
FNDA:0,calculatingQuoteAmount
DA:31,60
DA:32,60
DA:33,60
DA:34,60
DA:36,60
DA:42,60
DA:47,60
DA:49,60
DA:50,0
DA:52,60
DA:55,60
DA:56,60
DA:58,60
DA:59,60
DA:69,498
DA:94,177
DA:95,37
DA:98,140
DA:104,140
DA:105,105
DA:106,105
DA:114,140
DA:143,117
DA:148,117
DA:165,117
DA:171,117
DA:173,117
DA:177,58
DA:182,59
DA:185,117
DA:187,117
DA:189,117
DA:190,61
DA:192,56
DA:195,117
DA:205,193
DA:210,240
DA:218,0
DA:219,0
DA:227,0
DA:228,0
DA:236,0
DA:237,0
DA:245,0
DA:246,0
DA:258,0
DA:264,0
DA:265,0
DA:266,0
DA:268,0
DA:271,0
DA:278,0
DA:282,498
DA:292,160
DA:302,276
DA:311,117
DA:320,117
DA:328,193
DA:329,96
DA:331,97
DA:332,56
DA:334,41
DA:348,109
DA:349,109
DA:350,109
DA:351,109
DA:353,109
DA:354,56
DA:355,56
DA:357,53
DA:358,53
DA:360,109
DA:377,0
LF:73
LH:56
BRDA:49,1,0,0
BRDA:49,1,1,60
BRDA:51,2,0,60
BRDA:51,2,1,0
BRDA:94,3,0,37
BRDA:94,3,1,140
BRDA:104,4,0,105
BRDA:104,4,1,35
BRDA:105,5,0,2
BRDA:105,5,1,103
BRDA:173,6,0,58
BRDA:173,6,1,59
BRDA:174,7,0,58
BRDA:174,7,1,0
BRDA:178,8,0,59
BRDA:178,8,1,0
BRDA:179,9,0,3
BRDA:179,9,1,56
BRDA:189,10,0,61
BRDA:189,10,1,56
BRDA:189,11,0,58
BRDA:189,11,1,3
BRDA:191,12,0,56
BRDA:191,12,1,0
BRDA:191,13,0,0
BRDA:191,13,1,56
BRDA:264,14,0,0
BRDA:264,14,1,0
BRDA:266,15,0,0
BRDA:266,15,1,0
BRDA:328,16,0,96
BRDA:328,16,1,97
BRDA:330,17,0,97
BRDA:330,17,1,0
BRDA:331,18,0,56
BRDA:331,18,1,41
BRDA:353,19,0,56
BRDA:353,19,1,53
BRF:38
BRH:27
end_of_record
TN:
SF:/Users/ndtrung/work/block_chain/matching-engine/contracts/test/LiquidityBitmapTest.sol
FN:11,hasLiquidity
FN:15,setBitsInRange
FN:19,unsetBitsRange
FN:23,toggleSingleBit
FN:27,findNextInitializedLiquidity
FN:35,findHasLiquidityInMultipleWords
FNF:6
FNH:5
FNDA:4105,hasLiquidity
FNDA:0,setBitsInRange
FNDA:21,unsetBitsRange
FNDA:6940,toggleSingleBit
FNDA:9,findNextInitializedLiquidity
FNDA:5,findHasLiquidityInMultipleWords
DA:12,4105
DA:16,0
DA:20,21
DA:24,6940
DA:32,9
DA:40,5
LF:6
LH:5
BRF:0
BRH:0
end_of_record
TN:
SF:/Users/ndtrung/work/block_chain/matching-engine/contracts/test/LiquidityMathTest.sol
FN:12,calculateBaseReal
FN:28,calculateQuoteReal
FN:47,calculateBaseWithPriceWhenSell
FN:69,calculateQuoteWithPriceWhenSell
FN:91,calculateBaseWithPriceWhenBuy
FN:113,calculateQuoteWithPriceWhenBuy
FN:134,calculateLiquidity
FN:143,calculateBaseByLiquidity
FN:158,calculateQuoteByLiquidity
FN:173,_calculateSqrtPrice
FN:185,sqrt
FNF:11
FNH:8
FNDA:1,calculateBaseReal
FNDA:1,calculateQuoteReal
FNDA:1,calculateBaseWithPriceWhenSell
FNDA:1,calculateQuoteWithPriceWhenSell
FNDA:1,calculateBaseWithPriceWhenBuy
FNDA:1,calculateQuoteWithPriceWhenBuy
FNDA:0,calculateLiquidity
FNDA:0,calculateBaseByLiquidity
FNDA:0,calculateQuoteByLiquidity
FNDA:12,_calculateSqrtPrice
FNDA:12,sqrt
DA:17,1
DA:18,1
DA:20,1
DA:33,1
DA:34,1
DA:39,1
DA:52,1
DA:56,1
DA:61,1
DA:74,1
DA:78,1
DA:83,1
DA:96,1
DA:100,1
DA:105,1
DA:118,1
DA:122,1
DA:126,1
DA:139,0
DA:140,0
DA:148,0
DA:149,0
DA:150,0
DA:163,0
DA:164,0
DA:165,0
DA:178,12
DA:186,12
DA:187,0
DA:191,12
DA:192,12
DA:193,12
DA:194,0
DA:195,0
DA:197,12
DA:198,12
DA:199,12
DA:201,12
DA:202,6
DA:203,6
DA:205,12
DA:206,6
DA:207,6
DA:209,12
DA:210,6
DA:211,6
DA:213,12
DA:214,6
DA:215,6
DA:217,12
DA:218,5
DA:222,12
DA:223,12
DA:224,12
DA:225,12
DA:226,12
DA:227,12
DA:228,12
DA:229,12
DA:230,12
DA:231,12
LF:61
LH:50
BRDA:186,1,0,0
BRDA:186,1,1,12
BRDA:193,2,0,0
BRDA:193,2,1,12
BRDA:197,3,0,12
BRDA:197,3,1,0
BRDA:201,4,0,6
BRDA:201,4,1,6
BRDA:205,5,0,6
BRDA:205,5,1,6
BRDA:209,6,0,6
BRDA:209,6,1,6
BRDA:213,7,0,6
BRDA:213,7,1,6
BRDA:217,8,0,5
BRDA:217,8,1,7
BRDA:231,9,0,6
BRDA:231,9,1,6
BRF:18
BRH:15
end_of_record
TN:
SF:/Users/ndtrung/work/block_chain/matching-engine/contracts/test/MockMatchingEngineAMM.sol
FN:10,setCurrentPip
FN:18,setCounterParty
FNF:2
FNH:2
FNDA:60,setCurrentPip
FNDA:60,setCounterParty
DA:11,60
DA:12,60
DA:19,60
LF:3
LH:3
BRF:0
BRH:0
end_of_record
TN:
SF:/Users/ndtrung/work/block_chain/matching-engine/contracts/test/MockMatchingEngineCore.sol
FN:16,initialize
FN:27,emitEventSwap
FN:55,getCurrentPip
FN:64,getLiquidityInPipRange
FNF:4
FNH:4
FNDA:38,initialize
FNDA:36,emitEventSwap
FNDA:31,getCurrentPip
FNDA:6,getLiquidityInPipRange
DA:17,38
DA:18,38
DA:20,38
DA:33,36
DA:34,36
DA:35,36
DA:36,36
DA:38,36
DA:39,22
DA:40,22
DA:42,14
DA:43,14
DA:45,36
DA:61,31
DA:74,6
DA:75,6
DA:80,6
DA:84,6
DA:85,60
DA:90,6
LF:20
LH:20
BRDA:17,1,0,38
BRDA:17,1,1,0
BRDA:38,2,0,22
BRDA:38,2,1,14
BRF:4
BRH:3
end_of_record
TN:
SF:/Users/ndtrung/work/block_chain/matching-engine/contracts/test/TickPositionTest.sol
FNF:0
FNH:0
LF:0
LH:0
BRF:0
BRH:0
end_of_record
