TN:
SF:/Users/ndtrung/work/block_chain/matching-engine/contracts/implement/AutoMarketMakerCore.sol
FN:25,_initializeAMM
FN:50,addLiquidity
FN:158,removeLiquidity
FN:175,estimateRemoveLiquidity
FN:302,_onCrossPipAMMTargetPrice
FN:413,_onCrossPipAMMNoTargetPrice
FN:521,_notReachPip
FN:558,_calculateAmountOut
FN:599,_calculateAmountFilled
FN:648,_updateAmmState
FN:690,_updateAMMStateAfterTrade
FN:739,_initCrossAmmReserves
FN:761,_calculateSqrtPrice
FN:770,_basisPoint
FN:773,getCurrentPip
FN:776,_onlyCounterParty
FNF:16
FNH:13
FNDA:59,_initializeAMM
FNDA:226,addLiquidity
FNDA:49,removeLiquidity
FNDA:49,estimateRemoveLiquidity
FNDA:90,_onCrossPipAMMTargetPrice
FNDA:48,_onCrossPipAMMNoTargetPrice
FNDA:178,_notReachPip
FNDA:178,_calculateAmountOut
FNDA:57,_calculateAmountFilled
FNDA:178,_updateAmmState
FNDA:116,_updateAMMStateAfterTrade
FNDA:148,_initCrossAmmReserves
FNDA:733,_calculateSqrtPrice
FNDA:0,_basisPoint
FNDA:0,getCurrentPip
FNDA:0,_onlyCounterParty
DA:31,59
DA:32,59
DA:33,59
DA:35,59
DA:61,226
DA:63,226
DA:64,226
DA:68,226
DA:72,226
DA:74,226
DA:75,115
DA:80,115
DA:84,115
DA:88,115
DA:91,226
DA:92,56
DA:94,48
DA:96,226
DA:101,226
DA:107,226
DA:108,226
DA:110,226
DA:115,58
DA:119,58
DA:128,52
DA:132,52
DA:137,116
DA:145,226
DA:148,226
DA:163,49
DA:164,49
DA:166,49
DA:169,49
DA:184,49
DA:185,49
DA:190,49
DA:193,49
DA:198,49
DA:202,49
DA:206,49
DA:211,49
DA:216,7
DA:224,7
DA:238,16
DA:246,16
DA:256,26
DA:263,26
DA:271,26
DA:306,90
DA:308,90
DA:312,90
DA:315,90
DA:319,90
DA:320,136
DA:324,136
DA:327,119
DA:329,119
DA:330,105
DA:331,105
DA:332,1
DA:335,14
DA:339,136
DA:340,122
DA:341,47
DA:345,75
DA:348,122
DA:349,37
DA:352,37
DA:355,122
DA:365,122
DA:375,17
DA:378,105
DA:380,105
DA:386,105
DA:388,105
DA:392,119
DA:393,119
DA:397,73
DA:398,73
DA:401,46
DA:404,46
DA:405,46
DA:417,48
DA:418,48
DA:419,48
DA:424,48
DA:425,81
DA:429,81
DA:432,68
DA:436,68
DA:437,43
DA:438,43
DA:439,0
DA:442,25
DA:443,25
DA:447,81
DA:448,81
DA:449,81
DA:450,56
DA:454,56
DA:455,14
DA:458,14
DA:461,56
DA:469,56
DA:479,40
DA:482,16
DA:485,16
DA:491,16
DA:492,16
DA:493,16
DA:496,41
DA:500,41
DA:503,41
DA:507,8
DA:508,8
DA:510,33
DA:529,178
DA:533,57
DA:537,57
DA:538,57
DA:546,57
DA:548,121
DA:565,178
DA:566,86
DA:571,86
DA:579,92
DA:586,92
DA:603,57
DA:604,26
DA:605,25
DA:611,25
DA:613,1
DA:619,1
DA:622,31
DA:623,31
DA:629,31
DA:631,0
DA:637,0
DA:659,178
DA:660,86
DA:661,86
DA:666,92
DA:667,92
DA:674,178
DA:678,178
DA:702,116
DA:703,116
DA:704,116
DA:705,116
DA:706,116
DA:707,180
DA:708,180
DA:709,180
DA:710,148
DA:712,148
DA:715,148
DA:717,148
DA:730,116
DA:743,148
DA:752,148
DA:755,148
DA:766,733
LF:162
LH:159
BRDA:74,1,0,115
BRDA:74,1,1,111
BRDA:91,2,0,56
BRDA:91,2,1,170
BRDA:93,3,0,48
BRDA:93,3,1,122
BRDA:110,4,0,58
BRDA:110,4,1,168
BRDA:111,5,0,56
BRDA:111,5,1,2
BRDA:123,6,0,52
BRDA:123,6,1,116
BRDA:124,7,0,48
BRDA:124,7,1,4
BRDA:136,8,0,116
BRDA:136,8,1,0
BRDA:191,9,0,34
BRDA:191,9,1,15
BRDA:199,10,0,34
BRDA:199,10,1,15
BRDA:211,11,0,7
BRDA:211,11,1,42
BRDA:212,12,0,5
BRDA:212,12,1,2
BRDA:233,13,0,16
BRDA:233,13,1,26
BRDA:234,14,0,11
BRDA:234,14,1,5
BRDA:324,15,0,119
BRDA:324,15,1,17
BRDA:329,16,0,105
BRDA:329,16,1,14
BRDA:331,17,0,1
BRDA:331,17,1,104
BRDA:339,18,0,122
BRDA:339,18,1,14
BRDA:340,19,0,47
BRDA:340,19,1,75
BRDA:342,20,0,26
BRDA:342,20,1,21
BRDA:348,21,0,37
BRDA:348,21,1,85
BRDA:350,22,0,19
BRDA:350,22,1,18
BRDA:365,23,0,17
BRDA:365,23,1,105
BRDA:389,24,0,104
BRDA:389,24,1,1
BRDA:392,25,0,66
BRDA:392,25,1,53
BRDA:393,26,0,73
BRDA:393,26,1,46
BRDA:394,27,0,39
BRDA:394,27,1,34
BRDA:402,28,0,2
BRDA:402,28,1,44
BRDA:429,29,0,68
BRDA:429,29,1,13
BRDA:436,30,0,43
BRDA:436,30,1,25
BRDA:438,31,0,0
BRDA:438,31,1,43
BRDA:449,32,0,56
BRDA:449,32,1,25
BRDA:451,33,0,22
BRDA:451,33,1,34
BRDA:454,34,0,14
BRDA:454,34,1,42
BRDA:456,35,0,5
BRDA:456,35,1,9
BRDA:469,36,0,40
BRDA:469,36,1,16
BRDA:483,37,0,16
BRDA:483,37,1,0
BRDA:497,38,0,28
BRDA:497,38,1,13
BRDA:501,39,0,25
BRDA:501,39,1,16
BRDA:503,40,0,8
BRDA:503,40,1,33
BRDA:504,41,0,3
BRDA:504,41,1,5
BRDA:529,42,0,57
BRDA:529,42,1,121
BRDA:530,43,0,56
BRDA:530,43,1,1
BRDA:565,44,0,86
BRDA:565,44,1,92
BRDA:603,45,0,26
BRDA:603,45,1,31
BRDA:604,46,0,25
BRDA:604,46,1,1
BRDA:621,47,0,31
BRDA:621,47,1,0
BRDA:622,48,0,31
BRDA:622,48,1,0
BRDA:659,49,0,86
BRDA:659,49,1,92
BRDA:675,50,0,86
BRDA:675,50,1,92
BRDA:709,51,0,32
BRDA:709,51,1,148
BRF:102
BRH:97
end_of_record
TN:
SF:/Users/ndtrung/work/block_chain/matching-engine/contracts/implement/Block.sol
FN:6,_blockTimestamp
FN:11,_blockNumber
FNF:2
FNH:0
FNDA:0,_blockTimestamp
FNDA:0,_blockNumber
DA:7,0
DA:12,0
LF:2
LH:0
BRF:0
BRH:0
end_of_record
TN:
SF:/Users/ndtrung/work/block_chain/matching-engine/contracts/implement/MatchingEngineCore.sol
FN:25,_initializeCore
FN:42,updatePartialFilledOrder
FN:52,cancelLimitOrder
FN:68,openLimit
FN:104,openMarket
FN:132,openMarketWithQuoteAsset
FN:163,hasLiquidity
FN:168,getPendingOrderDetail
FN:191,getLiquidityInCurrentPip
FN:203,_internalCancelLimitOrder
FN:233,_internalOpenLimit
FN:362,_openMarketWithMaxPip
FN:395,_internalOpenMarketOrder
FN:648,_isNeedSetPipNext
FN:653,_emitLimitOrderUpdatedHook
FN:670,_onCrossPipHook
FN:677,_updateAMMState
FN:693,_calculateFee
FN:704,emitEventSwap
FN:712,getLiquidityInPipRange
FN:720,getAmountEstimate
FN:728,calculatingQuoteAmount
FN:736,getCurrentPip
FN:739,quoteToBase
FN:746,getUnderlyingPriceInPip
FN:751,_addReserveSnapshot
FN:754,_onlyCounterParty
FNF:27
FNH:17
FNDA:97,_initializeCore
FNDA:0,updatePartialFilledOrder
FNDA:7,cancelLimitOrder
FNDA:282,openLimit
FNDA:119,openMarket
FNDA:3,openMarketWithQuoteAsset
FNDA:279,hasLiquidity
FNDA:374,getPendingOrderDetail
FNDA:0,getLiquidityInCurrentPip
FNDA:7,_internalCancelLimitOrder
FNDA:282,_internalOpenLimit
FNDA:47,_openMarketWithMaxPip
FNDA:169,_internalOpenMarketOrder
FNDA:140,_isNeedSetPipNext
FNDA:0,_emitLimitOrderUpdatedHook
FNDA:122,_onCrossPipHook
FNDA:0,_updateAMMState
FNDA:53,_calculateFee
FNDA:0,emitEventSwap
FNDA:0,getLiquidityInPipRange
FNDA:0,getAmountEstimate
FNDA:0,calculatingQuoteAmount
FNDA:0,getCurrentPip
FNDA:0,quoteToBase
FNDA:282,getUnderlyingPriceInPip
FNDA:169,_addReserveSnapshot
FNDA:190,_onlyCounterParty
DA:30,97
DA:31,97
DA:32,97
DA:33,97
DA:34,97
DA:46,0
DA:47,0
DA:48,0
DA:57,7
DA:58,7
DA:60,7
DA:64,7
DA:85,282
DA:86,282
DA:118,119
DA:119,119
DA:146,3
DA:147,3
DA:164,279
DA:179,374
DA:182,374
DA:183,94
DA:185,374
DA:186,15
DA:192,0
DA:208,7
DA:209,7
DA:213,7
DA:214,5
DA:216,5
DA:217,5
DA:220,7
DA:242,282
DA:243,282
DA:244,282
DA:245,282
DA:246,282
DA:247,134
DA:250,134
DA:251,0
DA:256,134
DA:262,148
DA:269,281
DA:271,281
DA:272,281
DA:275,281
DA:277,47
DA:279,22
DA:286,25
DA:293,47
DA:304,47
DA:306,47
DA:309,281
DA:310,281
DA:316,267
DA:318,267
DA:323,0
DA:331,267
DA:334,267
DA:338,28
DA:341,267
DA:346,267
DA:348,247
DA:350,267
DA:377,47
DA:380,47
DA:413,169
DA:416,169
DA:430,169
DA:432,169
DA:433,328
DA:434,328
DA:440,328
DA:441,188
DA:446,12
DA:452,328
DA:453,33
DA:456,295
DA:468,295
DA:472,8
DA:474,287
DA:475,40
DA:479,287
DA:482,5
DA:483,5
DA:485,282
DA:489,126
DA:497,57
DA:501,47
DA:503,57
DA:507,57
DA:509,69
DA:513,69
DA:517,225
DA:518,209
DA:521,209
DA:522,209
DA:523,83
DA:525,209
DA:532,209
DA:534,48
DA:537,48
DA:542,48
DA:545,48
DA:546,48
DA:549,143
DA:550,143
DA:554,18
DA:555,18
DA:556,18
DA:557,18
DA:558,18
DA:561,16
DA:562,16
DA:567,169
DA:568,169
DA:573,135
DA:577,71
DA:578,18
DA:581,71
DA:597,0
DA:600,169
DA:602,144
DA:604,169
DA:607,47
DA:611,122
DA:615,169
DA:616,169
DA:617,169
DA:619,169
DA:629,169
DA:630,144
DA:638,144
DA:649,140
DA:747,282
LF:135
LH:128
BRDA:182,1,0,94
BRDA:182,1,1,280
BRDA:185,2,0,15
BRDA:185,2,1,359
BRDA:194,3,0,0
BRDA:194,3,1,0
BRDA:213,4,0,5
BRDA:213,4,1,2
BRDA:216,5,0,5
BRDA:216,5,1,0
BRDA:246,6,0,134
BRDA:246,6,1,148
BRDA:250,7,0,0
BRDA:250,7,1,134
BRDA:275,8,0,47
BRDA:275,8,1,234
BRDA:277,9,0,22
BRDA:277,9,1,25
BRDA:310,10,0,267
BRDA:310,10,1,14
BRDA:311,11,0,267
BRDA:311,11,1,0
BRDA:318,12,0,0
BRDA:318,12,1,267
BRDA:334,13,0,28
BRDA:334,13,1,239
BRDA:336,14,0,12
BRDA:336,14,1,21
BRDA:338,15,0,12
BRDA:338,15,1,16
BRDA:346,16,0,247
BRDA:346,16,1,20
BRDA:440,17,0,188
BRDA:440,17,1,140
BRDA:441,18,0,12
BRDA:441,18,1,176
BRDA:443,19,0,6
BRDA:443,19,1,6
BRDA:452,20,0,33
BRDA:452,20,1,295
BRDA:468,21,0,8
BRDA:468,21,1,287
BRDA:469,22,0,0
BRDA:469,22,1,8
BRDA:474,23,0,40
BRDA:474,23,1,247
BRDA:479,24,0,5
BRDA:479,24,1,282
BRDA:485,25,0,126
BRDA:485,25,1,156
BRDA:489,26,0,57
BRDA:489,26,1,69
BRDA:490,27,0,56
BRDA:490,27,1,1
BRDA:497,28,0,47
BRDA:497,28,1,10
BRDA:498,29,0,19
BRDA:498,29,1,28
BRDA:517,30,0,209
BRDA:517,30,1,16
BRDA:518,31,0,120
BRDA:518,31,1,89
BRDA:522,32,0,83
BRDA:522,32,1,126
BRDA:526,33,0,207
BRDA:526,33,1,2
BRDA:532,34,0,48
BRDA:532,34,1,161
BRDA:547,35,0,143
BRDA:547,35,1,18
BRDA:568,36,0,135
BRDA:568,36,1,34
BRDA:573,37,0,71
BRDA:573,37,1,64
BRDA:577,38,0,18
BRDA:577,38,1,53
BRDA:589,39,0,0
BRDA:589,39,1,34
BRDA:600,40,0,144
BRDA:600,40,1,25
BRDA:604,41,0,47
BRDA:604,41,1,122
BRDA:608,42,0,33
BRDA:608,42,1,14
BRDA:629,43,0,144
BRDA:629,43,1,25
BRF:86
BRH:78
end_of_record
TN:
SF:/Users/ndtrung/work/block_chain/matching-engine/contracts/interfaces/IAutoMarketMakerCore.sol
FNF:0
FNH:0
LF:0
LH:0
BRF:0
BRH:0
end_of_record
TN:
SF:/Users/ndtrung/work/block_chain/matching-engine/contracts/interfaces/IFee.sol
FNF:0
FNH:0
LF:0
LH:0
BRF:0
BRH:0
end_of_record
TN:
SF:/Users/ndtrung/work/block_chain/matching-engine/contracts/interfaces/IMatchingEngineAMM.sol
FNF:0
FNH:0
LF:0
LH:0
BRF:0
BRH:0
end_of_record
TN:
SF:/Users/ndtrung/work/block_chain/matching-engine/contracts/interfaces/IMatchingEngineCore.sol
FNF:0
FNH:0
LF:0
LH:0
BRF:0
BRH:0
end_of_record
TN:
SF:/Users/ndtrung/work/block_chain/matching-engine/contracts/libraries/amm/CrossPipResult.sol
FN:18,updateAmountResult
FN:30,updatePipResult
FNF:2
FNH:2
FNDA:178,updateAmountResult
FNDA:146,updatePipResult
DA:23,178
DA:24,178
DA:31,146
LF:3
LH:3
BRF:0
BRH:0
end_of_record
TN:
SF:/Users/ndtrung/work/block_chain/matching-engine/contracts/libraries/amm/Liquidity.sol
FN:24,initNewPipRange
FN:38,updateAddLiquidity
FN:56,updateFeeGrowth
FN:71,updateAMMReserve
FNF:4
FNH:2
FNDA:0,initNewPipRange
FNDA:275,updateAddLiquidity
FNDA:0,updateFeeGrowth
FNDA:148,updateAMMReserve
DA:30,0
DA:31,0
DA:32,0
DA:42,275
DA:43,115
DA:44,115
DA:45,115
DA:47,275
DA:48,275
DA:49,275
DA:61,0
DA:62,0
DA:78,148
DA:79,148
DA:81,148
DA:82,70
DA:84,78
LF:17
LH:12
BRDA:42,1,0,115
BRDA:42,1,1,160
BRDA:81,2,0,70
BRDA:81,2,1,78
BRF:4
BRH:4
end_of_record
TN:
SF:/Users/ndtrung/work/block_chain/matching-engine/contracts/libraries/exchange/BitMath.sol
FN:13,mostSignificantBit
FN:53,leastSignificantBit
FNF:2
FNH:2
FNDA:112,mostSignificantBit
FNDA:142,leastSignificantBit
DA:14,112
DA:16,112
DA:17,56
DA:18,56
DA:20,112
DA:21,69
DA:22,69
DA:24,112
DA:25,54
DA:26,54
DA:28,112
DA:29,40
DA:30,40
DA:32,112
DA:33,28
DA:34,28
DA:36,112
DA:37,42
DA:38,42
DA:40,112
DA:41,30
DA:42,30
DA:44,112
DA:54,142
DA:56,142
DA:57,142
DA:58,45
DA:60,97
DA:62,142
DA:63,44
DA:65,98
DA:67,142
DA:68,75
DA:70,67
DA:72,142
DA:73,60
DA:75,82
DA:77,142
DA:78,83
DA:80,59
DA:82,142
DA:83,110
DA:85,32
DA:87,142
DA:88,114
DA:90,28
DA:92,142
LF:47
LH:47
BRDA:14,1,0,112
BRDA:14,1,1,0
BRDA:16,2,0,56
BRDA:16,2,1,56
BRDA:20,3,0,69
BRDA:20,3,1,43
BRDA:24,4,0,54
BRDA:24,4,1,58
BRDA:28,5,0,40
BRDA:28,5,1,72
BRDA:32,6,0,28
BRDA:32,6,1,84
BRDA:36,7,0,42
BRDA:36,7,1,70
BRDA:40,8,0,30
BRDA:40,8,1,82
BRDA:44,9,0,27
BRDA:44,9,1,85
BRDA:54,10,0,142
BRDA:54,10,1,0
BRDA:57,11,0,45
BRDA:57,11,1,97
BRDA:62,12,0,44
BRDA:62,12,1,98
BRDA:67,13,0,75
BRDA:67,13,1,67
BRDA:72,14,0,60
BRDA:72,14,1,82
BRDA:77,15,0,83
BRDA:77,15,1,59
BRDA:82,16,0,110
BRDA:82,16,1,32
BRDA:87,17,0,114
BRDA:87,17,1,28
BRDA:92,18,0,112
BRDA:92,18,1,30
BRF:36
BRH:34
end_of_record
TN:
SF:/Users/ndtrung/work/block_chain/matching-engine/contracts/libraries/exchange/LimitOrder.sol
FN:17,getData
FN:34,update
FN:45,updatePartialFill
FN:55,updateWhenClose
FNF:4
FNH:3
FNDA:381,getData
FNDA:274,update
FNDA:48,updatePartialFill
FNDA:0,updateWhenClose
DA:26,381
DA:27,381
DA:28,381
DA:39,274
DA:40,274
DA:50,48
DA:59,0
DA:60,0
DA:61,0
LF:9
LH:6
BRDA:39,1,0,126
BRDA:39,1,1,148
BRF:2
BRH:2
end_of_record
TN:
SF:/Users/ndtrung/work/block_chain/matching-engine/contracts/libraries/exchange/LiquidityBitmap.sol
FN:14,position
FN:28,findHasLiquidityInOneWords
FN:63,findHasLiquidityInMultipleWords
FN:120,findAllLiquidityInMultipleWords
FN:199,hasLiquidity
FN:213,setBitsInRange
FN:242,unsetBitsRange
FN:279,toggleSingleBit
FN:296,unsetBitsFromLToR
FN:323,toggleLastMBits
FNF:10
FNH:9
FNDA:12803,position
FNDA:332,findHasLiquidityInOneWords
FNDA:333,findHasLiquidityInMultipleWords
FNDA:6,findAllLiquidityInMultipleWords
FNDA:5086,hasLiquidity
FNDA:0,setBitsInRange
FNDA:92,unsetBitsRange
FNDA:7227,toggleSingleBit
FNDA:39,unsetBitsFromLToR
FNDA:80,toggleLastMBits
DA:19,12803
DA:20,12803
DA:33,332
DA:35,148
DA:37,148
DA:38,148
DA:42,148
DA:44,148
DA:49,184
DA:51,184
DA:52,184
DA:54,184
DA:56,184
DA:69,333
DA:70,333
DA:71,160
DA:72,96
DA:73,96
DA:78,14408
DA:79,86
DA:84,86
DA:85,56
DA:89,40
DA:90,0
DA:91,0
DA:92,0
DA:96,64
DA:97,57
DA:98,57
DA:99,52
DA:104,173
DA:105,32008
DA:106,167
DA:111,167
DA:112,132
DA:126,6
DA:127,6
DA:128,6
DA:129,6
DA:130,0
DA:135,0
DA:136,0
DA:137,0
DA:142,0
DA:143,0
DA:144,0
DA:145,0
DA:146,0
DA:151,0
DA:152,0
DA:153,0
DA:155,0
DA:160,0
DA:161,0
DA:164,6
DA:165,606
DA:166,6
DA:167,6
DA:172,6
DA:173,6
DA:174,6
DA:176,6
DA:177,7
DA:182,7
DA:183,1
DA:184,1
DA:186,6
DA:191,6
DA:194,6
DA:204,5086
DA:205,5086
DA:218,0
DA:219,0
DA:220,0
DA:223,0
DA:228,0
DA:230,0
DA:232,0
DA:235,0
DA:247,92
DA:248,79
DA:249,79
DA:250,79
DA:251,29
DA:252,29
DA:253,29
DA:255,79
DA:256,79
DA:257,4
DA:259,79
DA:260,79
DA:261,39
DA:267,40
DA:268,40
DA:269,40
DA:270,989
DA:272,40
DA:284,7227
DA:285,7227
DA:286,7186
DA:288,41
DA:301,39
DA:304,2
DA:305,2
DA:312,39
DA:317,39
DA:330,80
DA:334,80
LF:108
LH:82
BRDA:33,1,0,148
BRDA:33,1,1,184
BRDA:45,2,0,112
BRDA:45,2,1,36
BRDA:57,3,0,142
BRDA:57,3,1,42
BRDA:70,4,0,160
BRDA:70,4,1,173
BRDA:71,5,0,96
BRDA:71,5,1,64
BRDA:78,6,0,86
BRDA:78,6,1,14322
BRDA:84,7,0,56
BRDA:84,7,1,30
BRDA:89,8,0,0
BRDA:89,8,1,40
BRDA:91,9,0,0
BRDA:91,9,1,0
BRDA:96,10,0,57
BRDA:96,10,1,7
BRDA:98,11,0,52
BRDA:98,11,1,5
BRDA:105,12,0,167
BRDA:105,12,1,31841
BRDA:111,13,0,132
BRDA:111,13,1,35
BRDA:129,14,0,0
BRDA:129,14,1,6
BRDA:135,15,0,0
BRDA:135,15,1,0
BRDA:142,16,0,0
BRDA:142,16,1,0
BRDA:151,17,0,0
BRDA:151,17,1,0
BRDA:160,18,0,0
BRDA:160,18,1,0
BRDA:161,19,0,0
BRDA:161,19,1,0
BRDA:165,20,0,6
BRDA:165,20,1,600
BRDA:172,21,0,6
BRDA:172,21,1,0
BRDA:182,22,0,1
BRDA:182,22,1,6
BRDA:191,23,0,0
BRDA:191,23,1,6
BRDA:220,24,0,0
BRDA:220,24,1,0
BRDA:247,25,0,13
BRDA:247,25,1,79
BRDA:250,26,0,29
BRDA:250,26,1,50
BRDA:256,27,0,4
BRDA:256,27,1,75
BRDA:260,28,0,39
BRDA:260,28,1,40
BRDA:267,29,0,38
BRDA:267,29,1,2
BRDA:285,30,0,7186
BRDA:285,30,1,41
BRDA:301,31,0,2
BRDA:301,31,1,37
BRF:62
BRH:44
end_of_record
TN:
SF:/Users/ndtrung/work/block_chain/matching-engine/contracts/libraries/exchange/SwapState.sol
FN:48,newAMMState
FN:62,beforeExecute
FN:84,isReachedMaxPip
FN:97,moveBack1Pip
FN:108,moveForward1Pip
FN:123,updateTradedSize
FN:154,reverseIsFullBuy
FN:166,updateAMMTradedSize
FN:184,ammFillAll
FNF:9
FNH:9
FNDA:169,newAMMState
FNDA:169,beforeExecute
FNDA:328,isReachedMaxPip
FNDA:5,moveBack1Pip
FNDA:159,moveForward1Pip
FNDA:209,updateTradedSize
FNDA:48,reverseIsFullBuy
FNDA:69,updateAMMTradedSize
FNDA:57,ammFillAll
DA:49,169
DA:50,169
DA:51,169
DA:64,169
DA:67,169
DA:68,60
DA:70,31
DA:74,29
DA:89,328
DA:98,5
DA:99,4
DA:101,1
DA:112,159
DA:113,81
DA:115,78
DA:128,209
DA:129,66
DA:131,143
DA:140,209
DA:155,48
DA:156,18
DA:158,30
DA:171,69
DA:172,68
DA:173,68
DA:175,1
DA:176,1
DA:189,57
DA:190,57
LF:29
LH:29
BRDA:67,1,0,60
BRDA:67,1,1,109
BRDA:68,2,0,31
BRDA:68,2,1,29
BRDA:90,3,0,4
BRDA:90,3,1,21
BRDA:90,4,0,21
BRDA:90,4,1,8
BRDA:98,5,0,4
BRDA:98,5,1,1
BRDA:112,6,0,81
BRDA:112,6,1,78
BRDA:128,7,0,66
BRDA:128,7,1,143
BRDA:132,8,0,143
BRDA:132,8,1,0
BRDA:141,9,0,207
BRDA:141,9,1,2
BRDA:155,10,0,18
BRDA:155,10,1,30
BRDA:171,11,0,68
BRDA:171,11,1,1
BRDA:190,12,0,56
BRDA:190,12,1,1
BRF:24
BRH:23
end_of_record
TN:
SF:/Users/ndtrung/work/block_chain/matching-engine/contracts/libraries/exchange/TickPosition.sol
FN:29,insertLimitOrder
FN:55,updateOrderWhenClose
FN:68,getQueueOrder
FN:90,partiallyFill
FN:121,fullFillLiquidity
FN:132,cancelLimitOrder
FNF:6
FNH:5
FNDA:267,insertLimitOrder
FNDA:0,updateOrderWhenClose
FNDA:374,getQueueOrder
FNDA:48,partiallyFill
FNDA:18,fullFillLiquidity
FNDA:7,cancelLimitOrder
DA:35,267
DA:36,267
DA:43,2
DA:44,2
DA:46,265
DA:48,267
DA:49,267
DA:59,0
DA:78,374
DA:79,374
DA:80,0
DA:82,351
DA:84,23
DA:93,48
DA:94,48
DA:95,48
DA:96,48
DA:97,48
DA:101,44
DA:103,48
DA:104,4
DA:106,4
DA:108,48
DA:109,47
DA:110,47
DA:112,48
DA:113,48
DA:114,48
DA:122,18
DA:123,18
DA:124,18
DA:125,18
DA:140,7
DA:143,7
DA:144,7
DA:146,7
DA:148,7
LF:37
LH:35
BRDA:36,1,0,2
BRDA:36,1,1,265
BRDA:79,2,0,0
BRDA:79,2,1,374
BRDA:81,3,0,351
BRDA:81,3,1,23
BRDA:84,4,0,15
BRDA:84,4,1,8
BRDA:97,5,0,44
BRDA:97,5,1,4
BRDA:103,6,0,4
BRDA:103,6,1,44
BRDA:143,7,0,7
BRDA:143,7,1,0
BRF:14
BRH:12
end_of_record
TN:
SF:/Users/ndtrung/work/block_chain/matching-engine/contracts/libraries/extensions/Fee.sol
FN:23,_initFee
FN:29,decreaseBaseFeeFunding
FN:36,decreaseQuoteFeeFunding
FN:43,increaseBaseFeeFunding
FN:48,increaseQuoteFeeFunding
FN:53,_increaseBaseFeeFunding
FN:60,_increaseQuoteFeeFunding
FN:66,resetFee
FN:71,getFee
FNF:9
FNH:3
FNDA:59,_initFee
FNDA:0,decreaseBaseFeeFunding
FNDA:0,decreaseQuoteFeeFunding
FNDA:0,increaseBaseFeeFunding
FNDA:0,increaseQuoteFeeFunding
FNDA:60,_increaseBaseFeeFunding
FNDA:56,_increaseQuoteFeeFunding
FNDA:0,resetFee
FNDA:0,getFee
DA:24,59
DA:25,59
DA:30,0
DA:31,0
DA:37,0
DA:38,0
DA:44,0
DA:49,0
DA:54,60
DA:55,0
DA:61,56
DA:62,0
DA:67,0
DA:68,0
DA:72,0
LF:15
LH:4
BRDA:30,1,0,0
BRDA:30,1,1,0
BRDA:37,2,0,0
BRDA:37,2,1,0
BRDA:54,3,0,0
BRDA:54,3,1,60
BRDA:61,4,0,0
BRDA:61,4,1,56
BRF:8
BRH:2
end_of_record
TN:
SF:/Users/ndtrung/work/block_chain/matching-engine/contracts/libraries/helper/Convert.sol
FN:8,Uint256ToUint128
FN:12,Uint256ToUint64
FN:16,Uint256ToUint32
FN:20,toI256
FN:24,toI128
FN:28,abs
FN:32,abs256
FN:36,toU128
FN:40,Uint256ToUint40
FNF:9
FNH:2
FNDA:1153,Uint256ToUint128
FNDA:0,Uint256ToUint64
FNDA:169,Uint256ToUint32
FNDA:0,toI256
FNDA:0,toI128
FNDA:0,abs
FNDA:0,abs256
FNDA:0,toU128
FNDA:0,Uint256ToUint40
DA:9,1153
DA:13,0
DA:17,169
DA:21,0
DA:25,0
DA:29,0
DA:33,0
DA:37,0
DA:41,0
LF:9
LH:2
BRF:0
BRH:0
end_of_record
TN:
SF:/Users/ndtrung/work/block_chain/matching-engine/contracts/libraries/helper/Errors.sol
FNF:0
FNH:0
LF:0
LH:0
BRF:0
BRH:0
end_of_record
TN:
SF:/Users/ndtrung/work/block_chain/matching-engine/contracts/libraries/helper/FixedPoint128.sol
FNF:0
FNH:0
LF:0
LH:0
BRF:0
BRH:0
end_of_record
TN:
SF:/Users/ndtrung/work/block_chain/matching-engine/contracts/libraries/helper/LiquidityMath.sol
FN:16,calculateBaseReal
FN:36,calculateQuoteReal
FN:58,calculateBaseWithPriceWhenSell
FN:78,calculateQuoteWithPriceWhenSell
FN:96,calculateBaseWithPriceWhenBuy
FN:114,calculateQuoteWithPriceWhenBuy
FN:132,calculateIndexPipRange
FN:145,calculatePipRange
FN:159,calculateBaseBuyAndQuoteSellWithoutTargetPrice
FN:176,calculateQuoteBuyAndBaseSellWithoutTargetPrice
FN:192,calculateKWithQuote
FN:205,calculateKWithBase
FN:218,calculateKWithBaseAndQuote
FN:231,calculateLiquidity
FN:248,calculateBaseByLiquidity
FN:267,calculateQuoteByLiquidity
FN:285,calculateBaseRealByLiquidity
FN:301,calculateQuoteRealByLiquidity
FN:318,calculateQuoteVirtualAmountFromBaseVirtualAmount
FN:337,calculateBaseVirtualAmountFromQuoteVirtualAmount
FNF:20
FNH:17
FNDA:227,calculateBaseReal
FNDA:227,calculateQuoteReal
FNDA:93,calculateBaseWithPriceWhenSell
FNDA:93,calculateQuoteWithPriceWhenSell
FNDA:87,calculateBaseWithPriceWhenBuy
FNDA:87,calculateQuoteWithPriceWhenBuy
FNDA:462,calculateIndexPipRange
FNDA:115,calculatePipRange
FNDA:32,calculateBaseBuyAndQuoteSellWithoutTargetPrice
FNDA:25,calculateQuoteBuyAndBaseSellWithoutTargetPrice
FNDA:65,calculateKWithQuote
FNDA:68,calculateKWithBase
FNDA:142,calculateKWithBaseAndQuote
FNDA:0,calculateLiquidity
FNDA:42,calculateBaseByLiquidity
FNDA:33,calculateQuoteByLiquidity
FNDA:49,calculateBaseRealByLiquidity
FNDA:49,calculateQuoteRealByLiquidity
FNDA:0,calculateQuoteVirtualAmountFromBaseVirtualAmount
FNDA:0,calculateBaseVirtualAmountFromQuoteVirtualAmount
DA:21,227
DA:22,58
DA:24,169
DA:41,227
DA:42,52
DA:44,175
DA:63,93
DA:83,93
DA:101,87
DA:119,87
DA:137,462
DA:150,115
DA:151,115
DA:164,32
DA:181,25
DA:197,65
DA:210,68
DA:223,142
DA:236,0
DA:237,0
DA:239,0
DA:253,42
DA:272,33
DA:290,49
DA:306,49
DA:324,0
DA:343,0
LF:27
LH:22
BRDA:21,1,0,58
BRDA:21,1,1,169
BRDA:41,2,0,52
BRDA:41,2,1,175
BRDA:150,3,0,13
BRDA:150,3,1,102
BRDA:236,4,0,0
BRDA:236,4,1,0
BRF:8
BRH:6
end_of_record
TN:
SF:/Users/ndtrung/work/block_chain/matching-engine/contracts/libraries/helper/Math.sol
FN:12,sqrt
FN:64,min
FN:74,mulDiv
FNF:3
FNH:2
FNDA:1057,sqrt
FNDA:0,min
FNDA:148,mulDiv
DA:13,1057
DA:14,15
DA:18,1042
DA:19,1042
DA:20,1042
DA:21,248
DA:22,248
DA:24,1042
DA:25,735
DA:26,735
DA:28,1042
DA:29,341
DA:30,341
DA:32,1042
DA:33,449
DA:34,449
DA:36,1042
DA:37,596
DA:38,596
DA:40,1042
DA:41,558
DA:42,558
DA:44,1042
DA:45,415
DA:49,1042
DA:50,1042
DA:51,1042
DA:52,1042
DA:53,1042
DA:54,1042
DA:55,1042
DA:56,1042
DA:57,1042
DA:58,1042
DA:65,0
DA:79,148
DA:83,148
DA:84,148
DA:85,148
DA:92,148
DA:93,148
DA:97,0
DA:104,0
DA:105,0
DA:118,0
DA:119,0
DA:131,0
DA:136,0
DA:140,0
DA:141,0
DA:142,0
DA:143,0
DA:144,0
DA:145,0
DA:151,0
DA:152,0
LF:56
LH:40
BRDA:13,1,0,15
BRDA:13,1,1,1042
BRDA:20,2,0,248
BRDA:20,2,1,794
BRDA:24,3,0,735
BRDA:24,3,1,307
BRDA:28,4,0,341
BRDA:28,4,1,701
BRDA:32,5,0,449
BRDA:32,5,1,593
BRDA:36,6,0,596
BRDA:36,6,1,446
BRDA:40,7,0,558
BRDA:40,7,1,484
BRDA:44,8,0,415
BRDA:44,8,1,627
BRDA:58,9,0,532
BRDA:58,9,1,510
BRDA:65,10,0,0
BRDA:65,10,1,0
BRDA:92,11,0,148
BRDA:92,11,1,0
BRDA:97,12,0,0
BRDA:97,12,1,0
BRF:24
BRH:19
end_of_record
TN:
SF:/Users/ndtrung/work/block_chain/matching-engine/contracts/libraries/helper/Require.sol
FN:9,_require
FNF:1
FNH:1
FNDA:1173,_require
DA:10,1173
LF:1
LH:1
BRDA:10,1,0,1172
BRDA:10,1,1,1
BRF:2
BRH:2
end_of_record
TN:
SF:/Users/ndtrung/work/block_chain/matching-engine/contracts/libraries/helper/TradeConvert.sol
FN:10,baseToQuote
FN:25,quoteToBase
FNF:2
FNH:2
FNDA:207,baseToQuote
FNDA:4,quoteToBase
DA:17,207
DA:30,4
LF:2
LH:2
BRF:0
BRH:0
end_of_record
TN:
SF:/Users/ndtrung/work/block_chain/matching-engine/contracts/libraries/helper/TransferHelper.sol
FN:14,safeTransferFrom
FN:39,transferFrom
FN:51,safeTransferETH
FNF:3
FNH:0
FNDA:0,safeTransferFrom
FNDA:0,transferFrom
FNDA:0,safeTransferETH
DA:20,0
DA:28,0
DA:45,0
DA:52,0
DA:53,0
LF:5
LH:0
BRF:0
BRH:0
end_of_record
TN:
SF:/Users/ndtrung/work/block_chain/matching-engine/contracts/libraries/helper/U128Math.sol
FN:5,add
FN:10,baseToQuote
FN:19,quoteToBase
FN:28,toU256
FN:32,toInt128
FN:36,toInt256
FN:40,sub
FN:44,mul
FNF:8
FNH:0
FNDA:0,add
FNDA:0,baseToQuote
FNDA:0,quoteToBase
FNDA:0,toU256
FNDA:0,toInt128
FNDA:0,toInt256
FNDA:0,sub
FNDA:0,mul
DA:6,0
DA:15,0
DA:24,0
DA:29,0
DA:33,0
DA:37,0
DA:41,0
DA:45,0
LF:8
LH:0
BRF:0
BRH:0
end_of_record
TN:
SF:/Users/ndtrung/work/block_chain/matching-engine/contracts/libraries/types/AMMCoreStorage.sol
FNF:0
FNH:0
LF:0
LH:0
BRF:0
BRH:0
end_of_record
TN:
SF:/Users/ndtrung/work/block_chain/matching-engine/contracts/libraries/types/MatchingEngineCoreStorage.sol
FNF:0
FNH:0
LF:0
LH:0
BRF:0
BRH:0
end_of_record
TN:
SF:/Users/ndtrung/work/block_chain/matching-engine/contracts/MatchingEngineAMM.sol
FN:28,initialize
FN:56,_onlyCounterParty
FN:68,_emitLimitOrderUpdatedHook
FN:77,_onCrossPipHook
FN:129,_updateAMMState
FN:156,_calculateFee
FN:199,_isNeedSetPipNext
FN:209,_approveCounterParty
FN:214,increaseQuoteFeeFunding
FN:223,increaseBaseFeeFunding
FN:232,decreaseBaseFeeFunding
FN:241,decreaseQuoteFeeFunding
FN:250,accumulateClaimableAmount
FN:282,_msgSender
FN:287,_basisPoint
FN:297,getCurrentPip
FN:307,emitEventSwap
FN:336,calculatingQuoteAmount
FN:345,getLiquidityInPipRange
FNF:19
FNH:11
FNDA:59,initialize
FNDA:496,_onlyCounterParty
FNDA:0,_emitLimitOrderUpdatedHook
FNDA:173,_onCrossPipHook
FNDA:116,_updateAMMState
FNDA:116,_calculateFee
FNDA:188,_isNeedSetPipNext
FNDA:236,_approveCounterParty
FNDA:0,increaseQuoteFeeFunding
FNDA:0,increaseBaseFeeFunding
FNDA:0,decreaseBaseFeeFunding
FNDA:0,decreaseQuoteFeeFunding
FNDA:0,accumulateClaimableAmount
FNDA:496,_msgSender
FNDA:159,_basisPoint
FNDA:275,getCurrentPip
FNDA:108,emitEventSwap
FNDA:0,calculatingQuoteAmount
FNDA:0,getLiquidityInPipRange
DA:29,59
DA:30,59
DA:31,59
DA:32,59
DA:34,59
DA:40,59
DA:45,59
DA:47,59
DA:48,59
DA:50,59
DA:51,59
DA:61,496
DA:86,173
DA:87,35
DA:90,138
DA:93,138
DA:94,108
DA:95,108
DA:103,138
DA:143,116
DA:148,116
DA:165,116
DA:171,116
DA:173,116
DA:177,56
DA:182,58
DA:185,116
DA:187,116
DA:189,116
DA:190,60
DA:192,56
DA:195,116
DA:205,188
DA:210,236
DA:218,0
DA:219,0
DA:227,0
DA:228,0
DA:236,0
DA:237,0
DA:245,0
DA:246,0
DA:258,0
DA:265,0
DA:266,0
DA:267,0
DA:269,0
DA:272,0
DA:279,0
DA:283,496
DA:293,159
DA:303,275
DA:313,108
DA:314,108
DA:315,108
DA:316,108
DA:318,108
DA:319,55
DA:320,55
DA:322,53
DA:323,53
DA:325,108
DA:342,0
LF:63
LH:47
BRDA:86,1,0,35
BRDA:86,1,1,138
BRDA:93,2,0,108
BRDA:93,2,1,30
BRDA:94,3,0,4
BRDA:94,3,1,104
BRDA:104,4,0,90
BRDA:104,4,1,48
BRDA:173,5,0,56
BRDA:173,5,1,60
BRDA:174,6,0,57
BRDA:174,6,1,0
BRDA:178,7,0,58
BRDA:178,7,1,2
BRDA:179,8,0,3
BRDA:179,8,1,56
BRDA:189,9,0,60
BRDA:189,9,1,56
BRDA:189,10,0,57
BRDA:189,10,1,3
BRDA:191,11,0,56
BRDA:191,11,1,0
BRDA:191,12,0,0
BRDA:191,12,1,56
BRDA:265,13,0,0
BRDA:265,13,1,0
BRDA:267,14,0,0
BRDA:267,14,1,0
BRDA:318,15,0,55
BRDA:318,15,1,53
BRF:30
BRH:23
end_of_record
TN:
SF:/Users/ndtrung/work/block_chain/matching-engine/contracts/test/LiquidityBitmapTest.sol
FN:11,hasLiquidity
FN:15,setBitsInRange
FN:19,unsetBitsRange
FN:23,toggleSingleBit
FN:27,findNextInitializedLiquidity
FN:35,findHasLiquidityInMultipleWords
FNF:6
FNH:5
FNDA:4105,hasLiquidity
FNDA:0,setBitsInRange
FNDA:21,unsetBitsRange
FNDA:6940,toggleSingleBit
FNDA:9,findNextInitializedLiquidity
FNDA:5,findHasLiquidityInMultipleWords
DA:12,4105
DA:16,0
DA:20,21
DA:24,6940
DA:32,9
DA:40,5
LF:6
LH:5
BRF:0
BRH:0
end_of_record
TN:
SF:/Users/ndtrung/work/block_chain/matching-engine/contracts/test/LiquidityMathTest.sol
FN:12,calculateBaseReal
FN:28,calculateQuoteReal
FN:47,calculateBaseWithPriceWhenSell
FN:69,calculateQuoteWithPriceWhenSell
FN:91,calculateBaseWithPriceWhenBuy
FN:113,calculateQuoteWithPriceWhenBuy
FN:134,calculateLiquidity
FN:143,calculateBaseByLiquidity
FN:158,calculateQuoteByLiquidity
FN:173,_calculateSqrtPrice
FN:185,sqrt
FNF:11
FNH:8
FNDA:1,calculateBaseReal
FNDA:1,calculateQuoteReal
FNDA:1,calculateBaseWithPriceWhenSell
FNDA:1,calculateQuoteWithPriceWhenSell
FNDA:1,calculateBaseWithPriceWhenBuy
FNDA:1,calculateQuoteWithPriceWhenBuy
FNDA:0,calculateLiquidity
FNDA:0,calculateBaseByLiquidity
FNDA:0,calculateQuoteByLiquidity
FNDA:12,_calculateSqrtPrice
FNDA:12,sqrt
DA:17,1
DA:18,1
DA:20,1
DA:33,1
DA:34,1
DA:39,1
DA:52,1
DA:56,1
DA:61,1
DA:74,1
DA:78,1
DA:83,1
DA:96,1
DA:100,1
DA:105,1
DA:118,1
DA:122,1
DA:126,1
DA:139,0
DA:140,0
DA:148,0
DA:149,0
DA:150,0
DA:163,0
DA:164,0
DA:165,0
DA:178,12
DA:186,12
DA:187,0
DA:191,12
DA:192,12
DA:193,12
DA:194,0
DA:195,0
DA:197,12
DA:198,12
DA:199,12
DA:201,12
DA:202,6
DA:203,6
DA:205,12
DA:206,6
DA:207,6
DA:209,12
DA:210,6
DA:211,6
DA:213,12
DA:214,6
DA:215,6
DA:217,12
DA:218,5
DA:222,12
DA:223,12
DA:224,12
DA:225,12
DA:226,12
DA:227,12
DA:228,12
DA:229,12
DA:230,12
DA:231,12
LF:61
LH:50
BRDA:186,1,0,0
BRDA:186,1,1,12
BRDA:193,2,0,0
BRDA:193,2,1,12
BRDA:197,3,0,12
BRDA:197,3,1,0
BRDA:201,4,0,6
BRDA:201,4,1,6
BRDA:205,5,0,6
BRDA:205,5,1,6
BRDA:209,6,0,6
BRDA:209,6,1,6
BRDA:213,7,0,6
BRDA:213,7,1,6
BRDA:217,8,0,5
BRDA:217,8,1,7
BRDA:231,9,0,6
BRDA:231,9,1,6
BRF:18
BRH:15
end_of_record
TN:
SF:/Users/ndtrung/work/block_chain/matching-engine/contracts/test/MockMatchingEngineAMM.sol
FN:10,setCurrentPip
FN:18,setCounterParty
FNF:2
FNH:2
FNDA:59,setCurrentPip
FNDA:59,setCounterParty
DA:11,59
DA:12,59
DA:19,59
LF:3
LH:3
BRF:0
BRH:0
end_of_record
TN:
SF:/Users/ndtrung/work/block_chain/matching-engine/contracts/test/MockMatchingEngineCore.sol
FN:16,initialize
FN:27,emitEventSwap
FN:55,getCurrentPip
FN:64,getLiquidityInPipRange
FNF:4
FNH:4
FNDA:38,initialize
FNDA:36,emitEventSwap
FNDA:31,getCurrentPip
FNDA:6,getLiquidityInPipRange
DA:17,38
DA:18,38
DA:20,38
DA:33,36
DA:34,36
DA:35,36
DA:36,36
DA:38,36
DA:39,22
DA:40,22
DA:42,14
DA:43,14
DA:45,36
DA:61,31
DA:74,6
DA:75,6
DA:80,6
DA:84,6
DA:85,60
DA:90,6
LF:20
LH:20
BRDA:17,1,0,38
BRDA:17,1,1,0
BRDA:38,2,0,22
BRDA:38,2,1,14
BRF:4
BRH:3
end_of_record
TN:
SF:/Users/ndtrung/work/block_chain/matching-engine/contracts/test/TickPositionTest.sol
FNF:0
FNH:0
LF:0
LH:0
BRF:0
BRH:0
end_of_record
